<?xml version="1.0" encoding="UTF-8"?>
<coverage generated="1529523817314" clover="3.2.0">
  <project timestamp="1529523817314" name="All files">
    <metrics statements="1531" coveredstatements="704" conditionals="1088" coveredconditionals="414" methods="364" coveredmethods="173" elements="2983" coveredelements="1291" complexity="0" loc="1531" ncloc="1531" packages="4" files="17" classes="17">
      <package name="drivers">
        <metrics statements="988" coveredstatements="330" conditionals="638" coveredconditionals="151" methods="211" coveredmethods="75"/>
        <file name="BcryptDriver.js" path="/Users/anthonyvisalli/Desktop/Clark/user/dist/drivers/BcryptDriver.js">
          <metrics statements="42" coveredstatements="32" conditionals="62" coveredconditionals="27" methods="20" coveredmethods="15"/>
          <line num="2" count="4" type="cond" truecount="3" falsecount="0"/>
          <line num="3" count="15" type="cond" truecount="2" falsecount="0"/>
          <line num="4" count="0" type="stmt"/>
          <line num="5" count="0" type="stmt"/>
          <line num="6" count="15" type="cond" truecount="1" falsecount="1"/>
          <line num="7" count="15" type="cond" truecount="2" falsecount="0"/>
          <line num="10" count="4" type="cond" truecount="3" falsecount="0"/>
          <line num="11" count="15" type="cond" truecount="0" falsecount="2"/>
          <line num="12" count="15" type="cond" truecount="2" falsecount="0"/>
          <line num="13" count="45" type="stmt"/>
          <line num="15" count="15" type="cond" truecount="1" falsecount="1"/>
          <line num="16" count="30" type="stmt"/>
          <line num="17" count="30" type="cond" truecount="2" falsecount="7"/>
          <line num="18" count="30" type="cond" truecount="1" falsecount="1"/>
          <line num="19" count="30" type="cond" truecount="3" falsecount="3"/>
          <line num="20" count="15" type="stmt"/>
          <line num="21" count="0" type="stmt"/>
          <line num="22" count="0" type="stmt"/>
          <line num="23" count="0" type="stmt"/>
          <line num="25" count="15" type="cond" truecount="5" falsecount="2"/>
          <line num="26" count="0" type="cond" truecount="0" falsecount="6"/>
          <line num="27" count="0" type="cond" truecount="0" falsecount="4"/>
          <line num="28" count="0" type="cond" truecount="0" falsecount="4"/>
          <line num="29" count="0" type="cond" truecount="0" falsecount="2"/>
          <line num="30" count="0" type="stmt"/>
          <line num="32" count="15" type="stmt"/>
          <line num="33" count="30" type="stmt"/>
          <line num="34" count="15" type="cond" truecount="2" falsecount="2"/>
          <line num="37" count="4" type="stmt"/>
          <line num="38" count="4" type="stmt"/>
          <line num="39" count="4" type="stmt"/>
          <line num="41" count="3" type="stmt"/>
          <line num="43" count="4" type="stmt"/>
          <line num="44" count="6" type="stmt"/>
          <line num="45" count="6" type="stmt"/>
          <line num="46" count="6" type="stmt"/>
          <line num="50" count="4" type="stmt"/>
          <line num="51" count="9" type="stmt"/>
          <line num="52" count="9" type="stmt"/>
          <line num="53" count="9" type="stmt"/>
          <line num="57" count="4" type="stmt"/>
          <line num="59" count="4" type="stmt"/>
        </file>
        <file name="MongoDriver.js" path="/Users/anthonyvisalli/Desktop/Clark/user/dist/drivers/MongoDriver.js">
          <metrics statements="475" coveredstatements="199" conditionals="334" coveredconditionals="107" methods="78" coveredmethods="48"/>
          <line num="2" count="4" type="cond" truecount="3" falsecount="0"/>
          <line num="3" count="219" type="cond" truecount="2" falsecount="0"/>
          <line num="4" count="237" type="stmt"/>
          <line num="5" count="0" type="stmt"/>
          <line num="6" count="456" type="cond" truecount="2" falsecount="0"/>
          <line num="7" count="219" type="cond" truecount="2" falsecount="0"/>
          <line num="10" count="4" type="cond" truecount="3" falsecount="0"/>
          <line num="11" count="237" type="cond" truecount="1" falsecount="1"/>
          <line num="12" count="219" type="cond" truecount="2" falsecount="0"/>
          <line num="13" count="657" type="stmt"/>
          <line num="15" count="456" type="cond" truecount="1" falsecount="1"/>
          <line num="16" count="1122" type="stmt"/>
          <line num="17" count="1122" type="cond" truecount="2" falsecount="7"/>
          <line num="18" count="1122" type="cond" truecount="1" falsecount="1"/>
          <line num="19" count="1122" type="cond" truecount="4" falsecount="2"/>
          <line num="20" count="456" type="stmt"/>
          <line num="21" count="237" type="stmt"/>
          <line num="22" count="0" type="stmt"/>
          <line num="23" count="0" type="stmt"/>
          <line num="25" count="429" type="cond" truecount="7" falsecount="0"/>
          <line num="26" count="210" type="cond" truecount="6" falsecount="0"/>
          <line num="27" count="198" type="cond" truecount="2" falsecount="2"/>
          <line num="28" count="198" type="cond" truecount="3" falsecount="1"/>
          <line num="29" count="198" type="cond" truecount="1" falsecount="1"/>
          <line num="30" count="198" type="stmt"/>
          <line num="32" count="468" type="stmt"/>
          <line num="33" count="1122" type="stmt"/>
          <line num="34" count="219" type="cond" truecount="2" falsecount="2"/>
          <line num="37" count="4" type="cond" truecount="3" falsecount="0"/>
          <line num="38" count="0" type="cond" truecount="0" falsecount="2"/>
          <line num="39" count="0" type="cond" truecount="0" falsecount="2"/>
          <line num="40" count="0" type="stmt"/>
          <line num="42" count="0" type="cond" truecount="0" falsecount="4"/>
          <line num="43" count="0" type="cond" truecount="0" falsecount="2"/>
          <line num="47" count="4" type="stmt"/>
          <line num="48" count="4" type="stmt"/>
          <line num="49" count="4" type="stmt"/>
          <line num="50" count="4" type="stmt"/>
          <line num="51" count="4" type="stmt"/>
          <line num="52" count="4" type="stmt"/>
          <line num="55" count="4" type="stmt"/>
          <line num="68" count="4" type="stmt"/>
          <line num="89" count="4" type="stmt"/>
          <line num="102" count="4" type="stmt"/>
          <line num="103" count="4" type="stmt"/>
          <line num="104" count="4" type="stmt"/>
          <line num="105" count="4" type="stmt"/>
          <line num="107" count="4" type="stmt"/>
          <line num="108" count="4" type="stmt"/>
          <line num="109" count="4" type="stmt"/>
          <line num="110" count="4" type="stmt"/>
          <line num="111" count="4" type="stmt"/>
          <line num="112" count="4" type="stmt"/>
          <line num="113" count="4" type="stmt"/>
          <line num="114" count="4" type="stmt"/>
          <line num="115" count="4" type="stmt"/>
          <line num="117" count="4" type="cond" truecount="1" falsecount="1"/>
          <line num="124" count="4" type="stmt"/>
          <line num="140" count="4" type="stmt"/>
          <line num="141" count="8" type="stmt"/>
          <line num="143" count="8" type="stmt"/>
          <line num="144" count="24" type="cond" truecount="3" falsecount="1"/>
          <line num="146" count="8" type="stmt"/>
          <line num="147" count="8" type="stmt"/>
          <line num="148" count="8" type="stmt"/>
          <line num="150" count="8" type="stmt"/>
          <line num="151" count="8" type="stmt"/>
          <line num="153" count="0" type="stmt"/>
          <line num="154" count="0" type="cond" truecount="0" falsecount="2"/>
          <line num="155" count="0" type="stmt"/>
          <line num="158" count="0" type="stmt"/>
          <line num="160" count="0" type="stmt"/>
          <line num="161" count="8" type="stmt"/>
          <line num="171" count="4" type="stmt"/>
          <line num="172" count="4" type="stmt"/>
          <line num="181" count="4" type="stmt"/>
          <line num="182" count="11" type="stmt"/>
          <line num="184" count="11" type="stmt"/>
          <line num="185" count="22" type="cond" truecount="2" falsecount="2"/>
          <line num="187" count="11" type="stmt"/>
          <line num="188" count="11" type="stmt"/>
          <line num="189" count="11" type="cond" truecount="2" falsecount="0"/>
          <line num="190" count="3" type="stmt"/>
          <line num="193" count="8" type="stmt"/>
          <line num="195" count="11" type="stmt"/>
          <line num="199" count="11" type="stmt"/>
          <line num="200" count="11" type="cond" truecount="2" falsecount="0"/>
          <line num="201" count="5" type="stmt"/>
          <line num="203" count="6" type="stmt"/>
          <line num="205" count="0" type="stmt"/>
          <line num="206" count="0" type="stmt"/>
          <line num="207" count="0" type="stmt"/>
          <line num="220" count="4" type="stmt"/>
          <line num="221" count="0" type="stmt"/>
          <line num="223" count="0" type="stmt"/>
          <line num="224" count="0" type="cond" truecount="0" falsecount="4"/>
          <line num="226" count="0" type="stmt"/>
          <line num="227" count="0" type="stmt"/>
          <line num="228" count="0" type="stmt"/>
          <line num="230" count="0" type="stmt"/>
          <line num="231" count="0" type="stmt"/>
          <line num="233" count="0" type="stmt"/>
          <line num="234" count="0" type="stmt"/>
          <line num="235" count="0" type="stmt"/>
          <line num="248" count="4" type="stmt"/>
          <line num="249" count="140" type="stmt"/>
          <line num="251" count="140" type="stmt"/>
          <line num="252" count="280" type="cond" truecount="2" falsecount="2"/>
          <line num="254" count="140" type="stmt"/>
          <line num="255" count="140" type="stmt"/>
          <line num="256" count="140" type="cond" truecount="2" falsecount="0"/>
          <line num="257" count="5" type="stmt"/>
          <line num="260" count="135" type="stmt"/>
          <line num="262" count="140" type="stmt"/>
          <line num="266" count="140" type="stmt"/>
          <line num="267" count="140" type="cond" truecount="2" falsecount="0"/>
          <line num="268" count="3" type="stmt"/>
          <line num="270" count="137" type="stmt"/>
          <line num="272" count="0" type="stmt"/>
          <line num="273" count="0" type="stmt"/>
          <line num="274" count="0" type="stmt"/>
          <line num="279" count="4" type="stmt"/>
          <line num="280" count="6" type="stmt"/>
          <line num="281" count="6" type="stmt"/>
          <line num="283" count="6" type="stmt"/>
          <line num="284" count="24" type="cond" truecount="4" falsecount="2"/>
          <line num="286" count="6" type="stmt"/>
          <line num="287" count="6" type="stmt"/>
          <line num="288" count="6" type="cond" truecount="3" falsecount="1"/>
          <line num="289" count="0" type="stmt"/>
          <line num="291" count="6" type="stmt"/>
          <line num="292" count="6" type="cond" truecount="2" falsecount="2"/>
          <line num="293" count="6" type="stmt"/>
          <line num="294" count="6" type="stmt"/>
          <line num="295" count="6" type="stmt"/>
          <line num="296" count="6" type="stmt"/>
          <line num="301" count="6" type="stmt"/>
          <line num="302" count="6" type="stmt"/>
          <line num="304" count="6" type="stmt"/>
          <line num="305" count="6" type="stmt"/>
          <line num="309" count="6" type="cond" truecount="1" falsecount="1"/>
          <line num="312" count="6" type="stmt"/>
          <line num="314" count="6" type="stmt"/>
          <line num="315" count="122" type="stmt"/>
          <line num="316" count="6" type="stmt"/>
          <line num="318" count="0" type="stmt"/>
          <line num="319" count="0" type="stmt"/>
          <line num="320" count="0" type="stmt"/>
          <line num="325" count="4" type="stmt"/>
          <line num="326" count="6" type="stmt"/>
          <line num="327" count="6" type="stmt"/>
          <line num="328" count="6" type="stmt"/>
          <line num="329" count="6" type="stmt"/>
          <line num="330" count="6" type="stmt"/>
          <line num="345" count="6" type="cond" truecount="4" falsecount="0"/>
          <line num="346" count="1" type="stmt"/>
          <line num="348" count="5" type="cond" truecount="1" falsecount="1"/>
          <line num="349" count="0" type="stmt"/>
          <line num="351" count="5" type="stmt"/>
          <line num="361" count="4" type="stmt"/>
          <line num="362" count="21" type="stmt"/>
          <line num="364" count="21" type="stmt"/>
          <line num="365" count="42" type="cond" truecount="2" falsecount="2"/>
          <line num="367" count="21" type="stmt"/>
          <line num="368" count="21" type="stmt"/>
          <line num="370" count="21" type="stmt"/>
          <line num="371" count="21" type="stmt"/>
          <line num="372" count="21" type="stmt"/>
          <line num="374" count="0" type="stmt"/>
          <line num="375" count="0" type="stmt"/>
          <line num="376" count="0" type="stmt"/>
          <line num="381" count="4" type="stmt"/>
          <line num="382" count="6" type="stmt"/>
          <line num="384" count="6" type="stmt"/>
          <line num="385" count="18" type="cond" truecount="3" falsecount="2"/>
          <line num="387" count="6" type="stmt"/>
          <line num="388" count="6" type="cond" truecount="1" falsecount="1"/>
          <line num="389" count="0" type="stmt"/>
          <line num="390" count="6" type="stmt"/>
          <line num="394" count="6" type="stmt"/>
          <line num="395" count="6" type="stmt"/>
          <line num="396" count="6" type="stmt"/>
          <line num="398" count="0" type="stmt"/>
          <line num="399" count="0" type="stmt"/>
          <line num="400" count="0" type="stmt"/>
          <line num="411" count="4" type="stmt"/>
          <line num="412" count="0" type="stmt"/>
          <line num="413" count="0" type="stmt"/>
          <line num="414" count="0" type="stmt"/>
          <line num="418" count="4" type="stmt"/>
          <line num="419" count="3" type="stmt"/>
          <line num="421" count="3" type="stmt"/>
          <line num="422" count="9" type="cond" truecount="3" falsecount="1"/>
          <line num="424" count="3" type="stmt"/>
          <line num="425" count="3" type="stmt"/>
          <line num="427" count="3" type="stmt"/>
          <line num="428" count="3" type="stmt"/>
          <line num="430" count="0" type="stmt"/>
          <line num="431" count="0" type="stmt"/>
          <line num="432" count="3" type="stmt"/>
          <line num="437" count="4" type="stmt"/>
          <line num="438" count="2" type="stmt"/>
          <line num="440" count="2" type="stmt"/>
          <line num="441" count="4" type="cond" truecount="2" falsecount="2"/>
          <line num="443" count="2" type="stmt"/>
          <line num="444" count="2" type="stmt"/>
          <line num="448" count="2" type="stmt"/>
          <line num="449" count="2" type="cond" truecount="1" falsecount="1"/>
          <line num="453" count="0" type="stmt"/>
          <line num="454" count="0" type="stmt"/>
          <line num="455" count="0" type="stmt"/>
          <line num="460" count="4" type="stmt"/>
          <line num="461" count="1" type="stmt"/>
          <line num="463" count="1" type="stmt"/>
          <line num="464" count="3" type="cond" truecount="3" falsecount="1"/>
          <line num="466" count="1" type="stmt"/>
          <line num="467" count="1" type="stmt"/>
          <line num="469" count="1" type="stmt"/>
          <line num="470" count="1" type="stmt"/>
          <line num="472" count="0" type="stmt"/>
          <line num="473" count="0" type="stmt"/>
          <line num="474" count="1" type="stmt"/>
          <line num="482" count="4" type="stmt"/>
          <line num="483" count="0" type="stmt"/>
          <line num="493" count="0" type="cond" truecount="0" falsecount="2"/>
          <line num="494" count="0" type="stmt"/>
          <line num="496" count="0" type="cond" truecount="0" falsecount="2"/>
          <line num="497" count="0" type="stmt"/>
          <line num="498" count="0" type="stmt"/>
          <line num="499" count="0" type="stmt"/>
          <line num="501" count="0" type="stmt"/>
          <line num="503" count="0" type="stmt"/>
          <line num="505" count="4" type="stmt"/>
          <line num="506" count="143" type="stmt"/>
          <line num="508" count="143" type="cond" truecount="2" falsecount="0"/>
          <line num="512" count="143" type="stmt"/>
          <line num="514" count="143" type="stmt"/>
          <line num="515" count="143" type="stmt"/>
          <line num="516" count="143" type="stmt"/>
          <line num="528" count="4" type="stmt"/>
          <line num="529" count="0" type="stmt"/>
          <line num="531" count="0" type="stmt"/>
          <line num="532" count="0" type="cond" truecount="0" falsecount="17"/>
          <line num="534" count="0" type="stmt"/>
          <line num="535" count="0" type="cond" truecount="0" falsecount="2"/>
          <line num="536" count="0" type="stmt"/>
          <line num="538" count="0" type="stmt"/>
          <line num="539" count="0" type="stmt"/>
          <line num="540" count="0" type="stmt"/>
          <line num="542" count="0" type="cond" truecount="0" falsecount="2"/>
          <line num="543" count="0" type="stmt"/>
          <line num="544" count="0" type="stmt"/>
          <line num="545" count="0" type="stmt"/>
          <line num="546" count="0" type="cond" truecount="0" falsecount="2"/>
          <line num="547" count="0" type="stmt"/>
          <line num="548" count="0" type="stmt"/>
          <line num="550" count="0" type="stmt"/>
          <line num="551" count="0" type="stmt"/>
          <line num="552" count="0" type="stmt"/>
          <line num="554" count="0" type="cond" truecount="0" falsecount="2"/>
          <line num="555" count="0" type="stmt"/>
          <line num="556" count="0" type="stmt"/>
          <line num="557" count="0" type="stmt"/>
          <line num="561" count="0" type="stmt"/>
          <line num="562" count="0" type="cond" truecount="0" falsecount="2"/>
          <line num="563" count="0" type="stmt"/>
          <line num="571" count="0" type="stmt"/>
          <line num="573" count="0" type="stmt"/>
          <line num="574" count="0" type="stmt"/>
          <line num="575" count="0" type="stmt"/>
          <line num="577" count="0" type="stmt"/>
          <line num="578" count="0" type="stmt"/>
          <line num="579" count="0" type="stmt"/>
          <line num="581" count="0" type="stmt"/>
          <line num="582" count="0" type="cond" truecount="0" falsecount="5"/>
          <line num="584" count="0" type="cond" truecount="0" falsecount="2"/>
          <line num="585" count="0" type="stmt"/>
          <line num="587" count="0" type="stmt"/>
          <line num="588" count="0" type="stmt"/>
          <line num="589" count="0" type="stmt"/>
          <line num="591" count="0" type="stmt"/>
          <line num="592" count="0" type="stmt"/>
          <line num="593" count="0" type="stmt"/>
          <line num="595" count="0" type="stmt"/>
          <line num="596" count="0" type="cond" truecount="0" falsecount="5"/>
          <line num="598" count="0" type="cond" truecount="0" falsecount="2"/>
          <line num="599" count="0" type="stmt"/>
          <line num="600" count="0" type="stmt"/>
          <line num="602" count="0" type="stmt"/>
          <line num="603" count="0" type="stmt"/>
          <line num="604" count="0" type="stmt"/>
          <line num="618" count="4" type="stmt"/>
          <line num="619" count="0" type="stmt"/>
          <line num="621" count="0" type="stmt"/>
          <line num="622" count="0" type="cond" truecount="0" falsecount="5"/>
          <line num="624" count="0" type="stmt"/>
          <line num="625" count="0" type="stmt"/>
          <line num="629" count="0" type="stmt"/>
          <line num="630" count="0" type="cond" truecount="0" falsecount="2"/>
          <line num="631" count="0" type="stmt"/>
          <line num="636" count="0" type="stmt"/>
          <line num="637" count="0" type="stmt"/>
          <line num="638" count="0" type="stmt"/>
          <line num="642" count="0" type="stmt"/>
          <line num="643" count="0" type="stmt"/>
          <line num="645" count="0" type="stmt"/>
          <line num="646" count="0" type="stmt"/>
          <line num="652" count="0" type="stmt"/>
          <line num="666" count="4" type="stmt"/>
          <line num="667" count="0" type="stmt"/>
          <line num="669" count="0" type="stmt"/>
          <line num="670" count="0" type="cond" truecount="0" falsecount="5"/>
          <line num="672" count="0" type="stmt"/>
          <line num="673" count="0" type="stmt"/>
          <line num="677" count="0" type="stmt"/>
          <line num="678" count="0" type="cond" truecount="0" falsecount="2"/>
          <line num="679" count="0" type="stmt"/>
          <line num="681" count="0" type="cond" truecount="0" falsecount="2"/>
          <line num="682" count="0" type="stmt"/>
          <line num="689" count="0" type="stmt"/>
          <line num="690" count="0" type="stmt"/>
          <line num="691" count="0" type="stmt"/>
          <line num="695" count="0" type="stmt"/>
          <line num="696" count="0" type="stmt"/>
          <line num="698" count="0" type="stmt"/>
          <line num="699" count="0" type="stmt"/>
          <line num="705" count="0" type="stmt"/>
          <line num="719" count="4" type="stmt"/>
          <line num="720" count="0" type="stmt"/>
          <line num="722" count="0" type="stmt"/>
          <line num="723" count="0" type="cond" truecount="0" falsecount="14"/>
          <line num="725" count="0" type="stmt"/>
          <line num="726" count="0" type="stmt"/>
          <line num="727" count="0" type="cond" truecount="0" falsecount="2"/>
          <line num="729" count="0" type="stmt"/>
          <line num="732" count="0" type="stmt"/>
          <line num="733" count="0" type="stmt"/>
          <line num="734" count="0" type="stmt"/>
          <line num="738" count="0" type="stmt"/>
          <line num="739" count="0" type="stmt"/>
          <line num="740" count="0" type="cond" truecount="0" falsecount="2"/>
          <line num="741" count="0" type="stmt"/>
          <line num="743" count="0" type="stmt"/>
          <line num="744" count="0" type="stmt"/>
          <line num="745" count="0" type="stmt"/>
          <line num="747" count="0" type="cond" truecount="0" falsecount="2"/>
          <line num="748" count="0" type="stmt"/>
          <line num="749" count="0" type="stmt"/>
          <line num="750" count="0" type="cond" truecount="0" falsecount="4"/>
          <line num="751" count="0" type="stmt"/>
          <line num="752" count="0" type="stmt"/>
          <line num="754" count="0" type="stmt"/>
          <line num="755" count="0" type="stmt"/>
          <line num="757" count="0" type="stmt"/>
          <line num="758" count="0" type="stmt"/>
          <line num="759" count="0" type="stmt"/>
          <line num="761" count="0" type="stmt"/>
          <line num="762" count="0" type="stmt"/>
          <line num="763" count="0" type="stmt"/>
          <line num="765" count="0" type="stmt"/>
          <line num="766" count="0" type="cond" truecount="0" falsecount="5"/>
          <line num="768" count="0" type="cond" truecount="0" falsecount="2"/>
          <line num="769" count="0" type="stmt"/>
          <line num="770" count="0" type="stmt"/>
          <line num="772" count="0" type="stmt"/>
          <line num="773" count="0" type="stmt"/>
          <line num="774" count="0" type="stmt"/>
          <line num="787" count="4" type="stmt"/>
          <line num="788" count="0" type="stmt"/>
          <line num="790" count="0" type="stmt"/>
          <line num="791" count="0" type="cond" truecount="0" falsecount="4"/>
          <line num="793" count="0" type="stmt"/>
          <line num="796" count="0" type="stmt"/>
          <line num="802" count="0" type="stmt"/>
          <line num="804" count="0" type="stmt"/>
          <line num="806" count="0" type="stmt"/>
          <line num="807" count="0" type="stmt"/>
          <line num="808" count="0" type="stmt"/>
          <line num="809" count="0" type="stmt"/>
          <line num="821" count="4" type="stmt"/>
          <line num="822" count="0" type="stmt"/>
          <line num="824" count="0" type="stmt"/>
          <line num="825" count="0" type="cond" truecount="0" falsecount="27"/>
          <line num="827" count="0" type="stmt"/>
          <line num="828" count="0" type="stmt"/>
          <line num="832" count="0" type="stmt"/>
          <line num="833" count="0" type="stmt"/>
          <line num="834" count="0" type="cond" truecount="0" falsecount="2"/>
          <line num="835" count="0" type="stmt"/>
          <line num="837" count="0" type="stmt"/>
          <line num="838" count="0" type="stmt"/>
          <line num="839" count="0" type="stmt"/>
          <line num="841" count="0" type="cond" truecount="0" falsecount="2"/>
          <line num="842" count="0" type="stmt"/>
          <line num="843" count="0" type="stmt"/>
          <line num="844" count="0" type="cond" truecount="0" falsecount="2"/>
          <line num="845" count="0" type="stmt"/>
          <line num="846" count="0" type="cond" truecount="0" falsecount="2"/>
          <line num="847" count="0" type="stmt"/>
          <line num="848" count="0" type="stmt"/>
          <line num="850" count="0" type="stmt"/>
          <line num="851" count="0" type="stmt"/>
          <line num="852" count="0" type="stmt"/>
          <line num="854" count="0" type="cond" truecount="0" falsecount="2"/>
          <line num="855" count="0" type="stmt"/>
          <line num="856" count="0" type="stmt"/>
          <line num="857" count="0" type="stmt"/>
          <line num="859" count="0" type="stmt"/>
          <line num="860" count="0" type="stmt"/>
          <line num="862" count="0" type="stmt"/>
          <line num="863" count="0" type="stmt"/>
          <line num="864" count="0" type="stmt"/>
          <line num="866" count="0" type="stmt"/>
          <line num="867" count="0" type="stmt"/>
          <line num="868" count="0" type="stmt"/>
          <line num="870" count="0" type="stmt"/>
          <line num="871" count="0" type="cond" truecount="0" falsecount="5"/>
          <line num="873" count="0" type="cond" truecount="0" falsecount="2"/>
          <line num="874" count="0" type="stmt"/>
          <line num="876" count="0" type="cond" truecount="0" falsecount="4"/>
          <line num="877" count="0" type="stmt"/>
          <line num="878" count="0" type="cond" truecount="0" falsecount="2"/>
          <line num="879" count="0" type="stmt"/>
          <line num="880" count="0" type="stmt"/>
          <line num="882" count="0" type="stmt"/>
          <line num="883" count="0" type="stmt"/>
          <line num="884" count="0" type="stmt"/>
          <line num="886" count="0" type="cond" truecount="0" falsecount="2"/>
          <line num="887" count="0" type="stmt"/>
          <line num="888" count="0" type="stmt"/>
          <line num="889" count="0" type="stmt"/>
          <line num="891" count="0" type="stmt"/>
          <line num="892" count="0" type="stmt"/>
          <line num="894" count="0" type="stmt"/>
          <line num="895" count="0" type="stmt"/>
          <line num="896" count="0" type="stmt"/>
          <line num="898" count="0" type="stmt"/>
          <line num="899" count="0" type="stmt"/>
          <line num="900" count="0" type="stmt"/>
          <line num="902" count="0" type="stmt"/>
          <line num="903" count="0" type="cond" truecount="0" falsecount="5"/>
          <line num="905" count="0" type="cond" truecount="0" falsecount="2"/>
          <line num="906" count="0" type="stmt"/>
          <line num="908" count="0" type="stmt"/>
          <line num="909" count="0" type="stmt"/>
          <line num="910" count="0" type="stmt"/>
          <line num="912" count="0" type="stmt"/>
          <line num="913" count="0" type="stmt"/>
          <line num="914" count="0" type="stmt"/>
          <line num="916" count="0" type="stmt"/>
          <line num="917" count="0" type="cond" truecount="0" falsecount="5"/>
          <line num="919" count="0" type="cond" truecount="0" falsecount="2"/>
          <line num="920" count="0" type="stmt"/>
          <line num="923" count="0" type="stmt"/>
          <line num="926" count="0" type="stmt"/>
          <line num="927" count="0" type="stmt"/>
          <line num="929" count="0" type="stmt"/>
          <line num="930" count="0" type="stmt"/>
          <line num="931" count="0" type="stmt"/>
          <line num="941" count="4" type="stmt"/>
          <line num="942" count="21" type="stmt"/>
          <line num="944" count="21" type="stmt"/>
          <line num="945" count="42" type="cond" truecount="2" falsecount="0"/>
          <line num="946" count="21" type="stmt"/>
          <line num="950" count="21" type="stmt"/>
          <line num="951" count="21" type="cond" truecount="1" falsecount="1"/>
          <line num="952" count="0" type="stmt"/>
          <line num="957" count="21" type="stmt"/>
          <line num="962" count="4" type="stmt"/>
          <line num="964" count="4" type="stmt"/>
          <line num="966" count="151" type="stmt"/>
          <line num="967" count="151" type="cond" truecount="2" falsecount="0"/>
          <line num="968" count="8" type="stmt"/>
          <line num="970" count="143" type="stmt"/>
          <line num="972" count="4" type="stmt"/>
        </file>
        <file name="OTACodeManager.js" path="/Users/anthonyvisalli/Desktop/Clark/user/dist/drivers/OTACodeManager.js">
          <metrics statements="17" coveredstatements="17" conditionals="6" coveredconditionals="3" methods="6" coveredmethods="6"/>
          <line num="2" count="4" type="stmt"/>
          <line num="3" count="4" type="stmt"/>
          <line num="4" count="4" type="stmt"/>
          <line num="5" count="4" type="stmt"/>
          <line num="6" count="4" type="stmt"/>
          <line num="8" count="4" type="stmt"/>
          <line num="17" count="3" type="stmt"/>
          <line num="18" count="3" type="stmt"/>
          <line num="19" count="3" type="stmt"/>
          <line num="27" count="3" type="stmt"/>
          <line num="28" count="3" type="cond" truecount="1" falsecount="1"/>
          <line num="32" count="4" type="stmt"/>
          <line num="43" count="2" type="stmt"/>
          <line num="44" count="2" type="stmt"/>
          <line num="45" count="2" type="stmt"/>
          <line num="49" count="2" type="cond" truecount="1" falsecount="1"/>
          <line num="53" count="4" type="stmt"/>
        </file>
        <file name="RouteHandler.js" path="/Users/anthonyvisalli/Desktop/Clark/user/dist/drivers/RouteHandler.js">
          <metrics statements="317" coveredstatements="17" conditionals="156" coveredconditionals="6" methods="65" coveredmethods="1"/>
          <line num="2" count="4" type="cond" truecount="3" falsecount="0"/>
          <line num="3" count="0" type="cond" truecount="0" falsecount="2"/>
          <line num="4" count="0" type="stmt"/>
          <line num="5" count="0" type="stmt"/>
          <line num="6" count="0" type="cond" truecount="0" falsecount="2"/>
          <line num="7" count="0" type="cond" truecount="0" falsecount="2"/>
          <line num="10" count="4" type="cond" truecount="3" falsecount="0"/>
          <line num="11" count="0" type="cond" truecount="0" falsecount="2"/>
          <line num="12" count="0" type="cond" truecount="0" falsecount="2"/>
          <line num="13" count="0" type="stmt"/>
          <line num="15" count="0" type="cond" truecount="0" falsecount="2"/>
          <line num="16" count="0" type="stmt"/>
          <line num="17" count="0" type="cond" truecount="0" falsecount="9"/>
          <line num="18" count="0" type="cond" truecount="0" falsecount="2"/>
          <line num="19" count="0" type="cond" truecount="0" falsecount="6"/>
          <line num="20" count="0" type="stmt"/>
          <line num="21" count="0" type="stmt"/>
          <line num="22" count="0" type="stmt"/>
          <line num="23" count="0" type="stmt"/>
          <line num="25" count="0" type="cond" truecount="0" falsecount="7"/>
          <line num="26" count="0" type="cond" truecount="0" falsecount="6"/>
          <line num="27" count="0" type="cond" truecount="0" falsecount="4"/>
          <line num="28" count="0" type="cond" truecount="0" falsecount="4"/>
          <line num="29" count="0" type="cond" truecount="0" falsecount="2"/>
          <line num="30" count="0" type="stmt"/>
          <line num="32" count="0" type="stmt"/>
          <line num="33" count="0" type="stmt"/>
          <line num="34" count="0" type="cond" truecount="0" falsecount="4"/>
          <line num="37" count="4" type="stmt"/>
          <line num="38" count="4" type="stmt"/>
          <line num="39" count="4" type="stmt"/>
          <line num="40" count="4" type="stmt"/>
          <line num="41" count="4" type="stmt"/>
          <line num="42" count="4" type="stmt"/>
          <line num="43" count="4" type="stmt"/>
          <line num="44" count="4" type="stmt"/>
          <line num="45" count="4" type="stmt"/>
          <line num="46" count="4" type="stmt"/>
          <line num="47" count="4" type="stmt"/>
          <line num="49" count="0" type="stmt"/>
          <line num="50" count="0" type="stmt"/>
          <line num="51" count="0" type="stmt"/>
          <line num="52" count="0" type="stmt"/>
          <line num="59" count="4" type="stmt"/>
          <line num="60" count="0" type="stmt"/>
          <line num="61" count="0" type="stmt"/>
          <line num="62" count="0" type="stmt"/>
          <line num="63" count="0" type="stmt"/>
          <line num="65" count="4" type="stmt"/>
          <line num="66" count="0" type="stmt"/>
          <line num="69" count="0" type="stmt"/>
          <line num="70" count="0" type="stmt"/>
          <line num="88" count="0" type="stmt"/>
          <line num="90" count="0" type="stmt"/>
          <line num="92" count="0" type="stmt"/>
          <line num="93" count="0" type="cond" truecount="0" falsecount="5"/>
          <line num="95" count="0" type="stmt"/>
          <line num="96" count="0" type="stmt"/>
          <line num="98" count="0" type="stmt"/>
          <line num="99" count="0" type="stmt"/>
          <line num="100" count="0" type="stmt"/>
          <line num="102" count="0" type="stmt"/>
          <line num="103" count="0" type="stmt"/>
          <line num="104" count="0" type="stmt"/>
          <line num="106" count="0" type="stmt"/>
          <line num="107" count="0" type="stmt"/>
          <line num="108" count="0" type="stmt"/>
          <line num="109" count="0" type="stmt"/>
          <line num="113" count="0" type="stmt"/>
          <line num="115" count="0" type="stmt"/>
          <line num="116" count="0" type="cond" truecount="0" falsecount="9"/>
          <line num="118" count="0" type="stmt"/>
          <line num="119" count="0" type="stmt"/>
          <line num="120" count="0" type="stmt"/>
          <line num="122" count="0" type="stmt"/>
          <line num="123" count="0" type="stmt"/>
          <line num="125" count="0" type="stmt"/>
          <line num="126" count="0" type="stmt"/>
          <line num="128" count="0" type="stmt"/>
          <line num="129" count="0" type="stmt"/>
          <line num="131" count="0" type="stmt"/>
          <line num="132" count="0" type="stmt"/>
          <line num="133" count="0" type="stmt"/>
          <line num="134" count="0" type="stmt"/>
          <line num="135" count="0" type="stmt"/>
          <line num="137" count="0" type="stmt"/>
          <line num="138" count="0" type="stmt"/>
          <line num="139" count="0" type="stmt"/>
          <line num="140" count="0" type="stmt"/>
          <line num="142" count="0" type="stmt"/>
          <line num="143" count="0" type="stmt"/>
          <line num="144" count="0" type="stmt"/>
          <line num="145" count="0" type="stmt"/>
          <line num="149" count="0" type="stmt"/>
          <line num="151" count="0" type="stmt"/>
          <line num="152" count="0" type="cond" truecount="0" falsecount="6"/>
          <line num="154" count="0" type="stmt"/>
          <line num="155" count="0" type="stmt"/>
          <line num="157" count="0" type="stmt"/>
          <line num="158" count="0" type="cond" truecount="0" falsecount="2"/>
          <line num="159" count="0" type="stmt"/>
          <line num="161" count="0" type="stmt"/>
          <line num="162" count="0" type="stmt"/>
          <line num="163" count="0" type="stmt"/>
          <line num="164" count="0" type="stmt"/>
          <line num="166" count="0" type="stmt"/>
          <line num="167" count="0" type="stmt"/>
          <line num="168" count="0" type="stmt"/>
          <line num="169" count="0" type="stmt"/>
          <line num="174" count="0" type="stmt"/>
          <line num="176" count="0" type="stmt"/>
          <line num="177" count="0" type="cond" truecount="0" falsecount="4"/>
          <line num="179" count="0" type="stmt"/>
          <line num="180" count="0" type="stmt"/>
          <line num="181" count="0" type="stmt"/>
          <line num="183" count="0" type="stmt"/>
          <line num="184" count="0" type="stmt"/>
          <line num="185" count="0" type="stmt"/>
          <line num="187" count="0" type="stmt"/>
          <line num="188" count="0" type="stmt"/>
          <line num="189" count="0" type="stmt"/>
          <line num="190" count="0" type="stmt"/>
          <line num="195" count="0" type="stmt"/>
          <line num="197" count="0" type="stmt"/>
          <line num="198" count="0" type="cond" truecount="0" falsecount="5"/>
          <line num="200" count="0" type="stmt"/>
          <line num="201" count="0" type="stmt"/>
          <line num="203" count="0" type="stmt"/>
          <line num="204" count="0" type="stmt"/>
          <line num="206" count="0" type="stmt"/>
          <line num="207" count="0" type="cond" truecount="0" falsecount="2"/>
          <line num="208" count="0" type="stmt"/>
          <line num="211" count="0" type="stmt"/>
          <line num="212" count="0" type="stmt"/>
          <line num="214" count="0" type="stmt"/>
          <line num="216" count="0" type="stmt"/>
          <line num="217" count="0" type="stmt"/>
          <line num="218" count="0" type="stmt"/>
          <line num="219" count="0" type="stmt"/>
          <line num="224" count="0" type="stmt"/>
          <line num="226" count="0" type="stmt"/>
          <line num="227" count="0" type="cond" truecount="0" falsecount="5"/>
          <line num="229" count="0" type="stmt"/>
          <line num="230" count="0" type="stmt"/>
          <line num="232" count="0" type="stmt"/>
          <line num="233" count="0" type="stmt"/>
          <line num="235" count="0" type="stmt"/>
          <line num="236" count="0" type="stmt"/>
          <line num="237" count="0" type="stmt"/>
          <line num="239" count="0" type="stmt"/>
          <line num="240" count="0" type="stmt"/>
          <line num="241" count="0" type="stmt"/>
          <line num="242" count="0" type="stmt"/>
          <line num="243" count="0" type="stmt"/>
          <line num="247" count="0" type="stmt"/>
          <line num="249" count="0" type="stmt"/>
          <line num="251" count="0" type="stmt"/>
          <line num="252" count="0" type="stmt"/>
          <line num="253" count="0" type="stmt"/>
          <line num="254" count="0" type="stmt"/>
          <line num="257" count="0" type="stmt"/>
          <line num="259" count="0" type="stmt"/>
          <line num="262" count="0" type="stmt"/>
          <line num="264" count="0" type="stmt"/>
          <line num="265" count="0" type="cond" truecount="0" falsecount="5"/>
          <line num="267" count="0" type="stmt"/>
          <line num="268" count="0" type="stmt"/>
          <line num="270" count="0" type="stmt"/>
          <line num="271" count="0" type="stmt"/>
          <line num="273" count="0" type="stmt"/>
          <line num="274" count="0" type="stmt"/>
          <line num="275" count="0" type="stmt"/>
          <line num="277" count="0" type="stmt"/>
          <line num="278" count="0" type="stmt"/>
          <line num="279" count="0" type="stmt"/>
          <line num="280" count="0" type="stmt"/>
          <line num="284" count="0" type="stmt"/>
          <line num="286" count="0" type="stmt"/>
          <line num="287" count="0" type="cond" truecount="0" falsecount="5"/>
          <line num="289" count="0" type="stmt"/>
          <line num="290" count="0" type="stmt"/>
          <line num="292" count="0" type="stmt"/>
          <line num="293" count="0" type="stmt"/>
          <line num="295" count="0" type="stmt"/>
          <line num="296" count="0" type="stmt"/>
          <line num="297" count="0" type="stmt"/>
          <line num="299" count="0" type="stmt"/>
          <line num="300" count="0" type="stmt"/>
          <line num="301" count="0" type="stmt"/>
          <line num="302" count="0" type="stmt"/>
          <line num="307" count="0" type="stmt"/>
          <line num="309" count="0" type="stmt"/>
          <line num="310" count="0" type="cond" truecount="0" falsecount="5"/>
          <line num="312" count="0" type="stmt"/>
          <line num="313" count="0" type="stmt"/>
          <line num="315" count="0" type="stmt"/>
          <line num="316" count="0" type="stmt"/>
          <line num="318" count="0" type="stmt"/>
          <line num="319" count="0" type="cond" truecount="0" falsecount="2"/>
          <line num="320" count="0" type="stmt"/>
          <line num="321" count="0" type="stmt"/>
          <line num="322" count="0" type="stmt"/>
          <line num="325" count="0" type="stmt"/>
          <line num="327" count="0" type="stmt"/>
          <line num="329" count="0" type="stmt"/>
          <line num="330" count="0" type="stmt"/>
          <line num="331" count="0" type="stmt"/>
          <line num="332" count="0" type="stmt"/>
          <line num="337" count="0" type="stmt"/>
          <line num="339" count="0" type="stmt"/>
          <line num="340" count="0" type="stmt"/>
          <line num="341" count="0" type="stmt"/>
          <line num="342" count="0" type="stmt"/>
          <line num="343" count="0" type="stmt"/>
          <line num="346" count="0" type="stmt"/>
          <line num="348" count="0" type="stmt"/>
          <line num="350" count="0" type="stmt"/>
          <line num="351" count="0" type="cond" truecount="0" falsecount="10"/>
          <line num="353" count="0" type="stmt"/>
          <line num="354" count="0" type="stmt"/>
          <line num="355" count="0" type="stmt"/>
          <line num="356" count="0" type="stmt"/>
          <line num="357" count="0" type="stmt"/>
          <line num="359" count="0" type="stmt"/>
          <line num="360" count="0" type="stmt"/>
          <line num="361" count="0" type="cond" truecount="0" falsecount="2"/>
          <line num="362" count="0" type="stmt"/>
          <line num="363" count="0" type="stmt"/>
          <line num="365" count="0" type="stmt"/>
          <line num="366" count="0" type="stmt"/>
          <line num="368" count="0" type="stmt"/>
          <line num="369" count="0" type="stmt"/>
          <line num="370" count="0" type="stmt"/>
          <line num="371" count="0" type="stmt"/>
          <line num="373" count="0" type="stmt"/>
          <line num="374" count="0" type="stmt"/>
          <line num="376" count="0" type="stmt"/>
          <line num="377" count="0" type="stmt"/>
          <line num="378" count="0" type="stmt"/>
          <line num="380" count="0" type="stmt"/>
          <line num="381" count="0" type="stmt"/>
          <line num="382" count="0" type="stmt"/>
          <line num="383" count="0" type="stmt"/>
          <line num="384" count="0" type="stmt"/>
          <line num="388" count="0" type="stmt"/>
          <line num="390" count="0" type="stmt"/>
          <line num="391" count="0" type="cond" truecount="0" falsecount="9"/>
          <line num="393" count="0" type="stmt"/>
          <line num="394" count="0" type="stmt"/>
          <line num="395" count="0" type="stmt"/>
          <line num="396" count="0" type="stmt"/>
          <line num="398" count="0" type="stmt"/>
          <line num="399" count="0" type="stmt"/>
          <line num="400" count="0" type="cond" truecount="0" falsecount="2"/>
          <line num="401" count="0" type="stmt"/>
          <line num="402" count="0" type="stmt"/>
          <line num="404" count="0" type="stmt"/>
          <line num="405" count="0" type="stmt"/>
          <line num="407" count="0" type="stmt"/>
          <line num="409" count="0" type="stmt"/>
          <line num="410" count="0" type="stmt"/>
          <line num="411" count="0" type="stmt"/>
          <line num="413" count="0" type="stmt"/>
          <line num="414" count="0" type="stmt"/>
          <line num="416" count="0" type="stmt"/>
          <line num="417" count="0" type="stmt"/>
          <line num="418" count="0" type="stmt"/>
          <line num="420" count="0" type="stmt"/>
          <line num="421" count="0" type="stmt"/>
          <line num="422" count="0" type="stmt"/>
          <line num="423" count="0" type="stmt"/>
          <line num="424" count="0" type="stmt"/>
          <line num="428" count="0" type="stmt"/>
          <line num="430" count="0" type="stmt"/>
          <line num="431" count="0" type="cond" truecount="0" falsecount="10"/>
          <line num="433" count="0" type="stmt"/>
          <line num="434" count="0" type="stmt"/>
          <line num="436" count="0" type="stmt"/>
          <line num="437" count="0" type="stmt"/>
          <line num="438" count="0" type="stmt"/>
          <line num="439" count="0" type="stmt"/>
          <line num="441" count="0" type="stmt"/>
          <line num="442" count="0" type="stmt"/>
          <line num="443" count="0" type="cond" truecount="0" falsecount="2"/>
          <line num="444" count="0" type="stmt"/>
          <line num="445" count="0" type="stmt"/>
          <line num="447" count="0" type="stmt"/>
          <line num="448" count="0" type="stmt"/>
          <line num="449" count="0" type="stmt"/>
          <line num="451" count="0" type="stmt"/>
          <line num="452" count="0" type="stmt"/>
          <line num="453" count="0" type="stmt"/>
          <line num="455" count="0" type="stmt"/>
          <line num="456" count="0" type="stmt"/>
          <line num="457" count="0" type="stmt"/>
          <line num="459" count="0" type="stmt"/>
          <line num="460" count="0" type="stmt"/>
          <line num="461" count="0" type="stmt"/>
          <line num="462" count="0" type="stmt"/>
          <line num="470" count="0" type="stmt"/>
          <line num="471" count="0" type="stmt"/>
          <line num="472" count="0" type="stmt"/>
          <line num="475" count="0" type="stmt"/>
          <line num="478" count="0" type="stmt"/>
          <line num="480" count="0" type="stmt"/>
          <line num="481" count="0" type="cond" truecount="0" falsecount="4"/>
          <line num="483" count="0" type="stmt"/>
          <line num="484" count="0" type="stmt"/>
          <line num="492" count="0" type="stmt"/>
          <line num="493" count="0" type="stmt"/>
          <line num="494" count="0" type="stmt"/>
          <line num="496" count="0" type="stmt"/>
          <line num="497" count="0" type="stmt"/>
          <line num="500" count="0" type="stmt"/>
          <line num="501" count="0" type="stmt"/>
          <line num="506" count="4" type="stmt"/>
          <line num="508" count="4" type="stmt"/>
        </file>
        <file name="RouteResponder.js" path="/Users/anthonyvisalli/Desktop/Clark/user/dist/drivers/RouteResponder.js">
          <metrics statements="32" coveredstatements="15" conditionals="12" coveredconditionals="0" methods="13" coveredmethods="1"/>
          <line num="2" count="4" type="stmt"/>
          <line num="3" count="4" type="stmt"/>
          <line num="9" count="0" type="stmt"/>
          <line num="14" count="4" type="stmt"/>
          <line num="15" count="0" type="stmt"/>
          <line num="22" count="4" type="stmt"/>
          <line num="23" count="0" type="cond" truecount="0" falsecount="4"/>
          <line num="35" count="4" type="stmt"/>
          <line num="36" count="0" type="stmt"/>
          <line num="37" count="0" type="stmt"/>
          <line num="38" count="0" type="stmt"/>
          <line num="39" count="0" type="stmt"/>
          <line num="41" count="4" type="stmt"/>
          <line num="42" count="0" type="stmt"/>
          <line num="44" count="4" type="stmt"/>
          <line num="45" count="0" type="stmt"/>
          <line num="51" count="4" type="stmt"/>
          <line num="52" count="0" type="stmt"/>
          <line num="57" count="4" type="stmt"/>
          <line num="58" count="0" type="stmt"/>
          <line num="63" count="4" type="stmt"/>
          <line num="64" count="0" type="stmt"/>
          <line num="66" count="4" type="stmt"/>
          <line num="67" count="0" type="stmt"/>
          <line num="69" count="4" type="stmt"/>
          <line num="70" count="0" type="stmt"/>
          <line num="76" count="0" type="stmt"/>
          <line num="78" count="4" type="stmt"/>
          <line num="79" count="0" type="stmt"/>
          <line num="83" count="0" type="stmt"/>
          <line num="85" count="4" type="stmt"/>
          <line num="87" count="4" type="stmt"/>
        </file>
        <file name="SendgridDriver.js" path="/Users/anthonyvisalli/Desktop/Clark/user/dist/drivers/SendgridDriver.js">
          <metrics statements="67" coveredstatements="19" conditionals="66" coveredconditionals="8" methods="24" coveredmethods="2"/>
          <line num="2" count="4" type="cond" truecount="3" falsecount="0"/>
          <line num="3" count="0" type="cond" truecount="0" falsecount="2"/>
          <line num="4" count="0" type="stmt"/>
          <line num="5" count="0" type="stmt"/>
          <line num="6" count="0" type="cond" truecount="0" falsecount="2"/>
          <line num="7" count="0" type="cond" truecount="0" falsecount="2"/>
          <line num="10" count="4" type="cond" truecount="3" falsecount="0"/>
          <line num="11" count="0" type="cond" truecount="0" falsecount="2"/>
          <line num="12" count="0" type="cond" truecount="0" falsecount="2"/>
          <line num="13" count="0" type="stmt"/>
          <line num="15" count="0" type="cond" truecount="0" falsecount="2"/>
          <line num="16" count="0" type="stmt"/>
          <line num="17" count="0" type="cond" truecount="0" falsecount="9"/>
          <line num="18" count="0" type="cond" truecount="0" falsecount="2"/>
          <line num="19" count="0" type="cond" truecount="0" falsecount="6"/>
          <line num="20" count="0" type="stmt"/>
          <line num="21" count="0" type="stmt"/>
          <line num="22" count="0" type="stmt"/>
          <line num="23" count="0" type="stmt"/>
          <line num="25" count="0" type="cond" truecount="0" falsecount="7"/>
          <line num="26" count="0" type="cond" truecount="0" falsecount="6"/>
          <line num="27" count="0" type="cond" truecount="0" falsecount="4"/>
          <line num="28" count="0" type="cond" truecount="0" falsecount="4"/>
          <line num="29" count="0" type="cond" truecount="0" falsecount="2"/>
          <line num="30" count="0" type="stmt"/>
          <line num="32" count="0" type="stmt"/>
          <line num="33" count="0" type="stmt"/>
          <line num="34" count="0" type="cond" truecount="0" falsecount="4"/>
          <line num="37" count="4" type="stmt"/>
          <line num="38" count="4" type="stmt"/>
          <line num="39" count="4" type="stmt"/>
          <line num="40" count="4" type="stmt"/>
          <line num="41" count="4" type="stmt"/>
          <line num="43" count="4" type="stmt"/>
          <line num="44" count="4" type="stmt"/>
          <line num="45" count="4" type="stmt"/>
          <line num="46" count="4" type="stmt"/>
          <line num="48" count="4" type="stmt"/>
          <line num="50" count="0" type="stmt"/>
          <line num="51" count="0" type="stmt"/>
          <line num="52" count="0" type="stmt"/>
          <line num="53" count="0" type="stmt"/>
          <line num="55" count="0" type="stmt"/>
          <line num="56" count="0" type="stmt"/>
          <line num="57" count="0" type="stmt"/>
          <line num="59" count="4" type="stmt"/>
          <line num="60" count="0" type="stmt"/>
          <line num="62" count="0" type="stmt"/>
          <line num="63" count="0" type="stmt"/>
          <line num="74" count="0" type="stmt"/>
          <line num="78" count="4" type="stmt"/>
          <line num="79" count="0" type="stmt"/>
          <line num="81" count="0" type="stmt"/>
          <line num="82" count="0" type="stmt"/>
          <line num="93" count="0" type="stmt"/>
          <line num="97" count="4" type="stmt"/>
          <line num="98" count="0" type="stmt"/>
          <line num="111" count="0" type="stmt"/>
          <line num="113" count="4" type="stmt"/>
          <line num="114" count="0" type="stmt"/>
          <line num="116" count="4" type="stmt"/>
          <line num="117" count="0" type="stmt"/>
          <line num="118" count="0" type="cond" truecount="0" falsecount="2"/>
          <line num="119" count="0" type="stmt"/>
          <line num="121" count="0" type="stmt"/>
          <line num="123" count="4" type="stmt"/>
          <line num="125" count="4" type="stmt"/>
        </file>
        <file name="TokenManager.js" path="/Users/anthonyvisalli/Desktop/Clark/user/dist/drivers/TokenManager.js">
          <metrics statements="14" coveredstatements="8" conditionals="2" coveredconditionals="0" methods="2" coveredmethods="1"/>
          <line num="2" count="4" type="stmt"/>
          <line num="3" count="4" type="stmt"/>
          <line num="9" count="12" type="stmt"/>
          <line num="17" count="12" type="stmt"/>
          <line num="22" count="12" type="stmt"/>
          <line num="23" count="12" type="stmt"/>
          <line num="25" count="4" type="stmt"/>
          <line num="33" count="0" type="stmt"/>
          <line num="34" count="0" type="stmt"/>
          <line num="35" count="0" type="cond" truecount="0" falsecount="2"/>
          <line num="36" count="0" type="stmt"/>
          <line num="38" count="0" type="stmt"/>
          <line num="41" count="0" type="stmt"/>
          <line num="44" count="4" type="stmt"/>
        </file>
        <file name="UserResponseFactory.js" path="/Users/anthonyvisalli/Desktop/Clark/user/dist/drivers/UserResponseFactory.js">
          <metrics statements="7" coveredstatements="6" conditionals="0" coveredconditionals="0" methods="3" coveredmethods="1"/>
          <line num="2" count="4" type="stmt"/>
          <line num="3" count="4" type="stmt"/>
          <line num="4" count="4" type="stmt"/>
          <line num="7" count="4" type="stmt"/>
          <line num="8" count="0" type="stmt"/>
          <line num="10" count="4" type="stmt"/>
          <line num="12" count="4" type="stmt"/>
        </file>
        <file name="drivers.js" path="/Users/anthonyvisalli/Desktop/Clark/user/dist/drivers/drivers.js">
          <metrics statements="17" coveredstatements="17" conditionals="0" coveredconditionals="0" methods="0" coveredmethods="0"/>
          <line num="2" count="4" type="stmt"/>
          <line num="3" count="4" type="stmt"/>
          <line num="4" count="4" type="stmt"/>
          <line num="5" count="4" type="stmt"/>
          <line num="6" count="4" type="stmt"/>
          <line num="7" count="4" type="stmt"/>
          <line num="8" count="4" type="stmt"/>
          <line num="9" count="4" type="stmt"/>
          <line num="10" count="4" type="stmt"/>
          <line num="11" count="4" type="stmt"/>
          <line num="12" count="4" type="stmt"/>
          <line num="13" count="4" type="stmt"/>
          <line num="14" count="4" type="stmt"/>
          <line num="15" count="4" type="stmt"/>
          <line num="16" count="4" type="stmt"/>
          <line num="17" count="4" type="stmt"/>
          <line num="18" count="4" type="stmt"/>
        </file>
      </package>
      <package name="environment">
        <metrics statements="5" coveredstatements="4" conditionals="0" coveredconditionals="0" methods="1" coveredmethods="0"/>
        <file name="routes.js" path="/Users/anthonyvisalli/Desktop/Clark/user/dist/environment/routes.js">
          <metrics statements="5" coveredstatements="4" conditionals="0" coveredconditionals="0" methods="1" coveredmethods="0"/>
          <line num="2" count="4" type="stmt"/>
          <line num="3" count="4" type="stmt"/>
          <line num="4" count="4" type="stmt"/>
          <line num="5" count="4" type="stmt"/>
          <line num="8" count="0" type="stmt"/>
        </file>
      </package>
      <package name="interactors">
        <metrics statements="519" coveredstatements="351" conditionals="442" coveredconditionals="255" methods="148" coveredmethods="94"/>
        <file name="AdminUserInteractor.js" path="/Users/anthonyvisalli/Desktop/Clark/user/dist/interactors/AdminUserInteractor.js">
          <metrics statements="66" coveredstatements="50" conditionals="73" coveredconditionals="45" methods="23" coveredmethods="17"/>
          <line num="2" count="1" type="cond" truecount="3" falsecount="0"/>
          <line num="3" count="122" type="cond" truecount="2" falsecount="0"/>
          <line num="4" count="125" type="stmt"/>
          <line num="5" count="0" type="stmt"/>
          <line num="6" count="247" type="cond" truecount="2" falsecount="0"/>
          <line num="7" count="122" type="cond" truecount="2" falsecount="0"/>
          <line num="10" count="1" type="cond" truecount="3" falsecount="0"/>
          <line num="11" count="125" type="cond" truecount="1" falsecount="1"/>
          <line num="12" count="122" type="cond" truecount="2" falsecount="0"/>
          <line num="13" count="366" type="stmt"/>
          <line num="15" count="247" type="cond" truecount="1" falsecount="1"/>
          <line num="16" count="497" type="stmt"/>
          <line num="17" count="497" type="cond" truecount="2" falsecount="7"/>
          <line num="18" count="497" type="cond" truecount="1" falsecount="1"/>
          <line num="19" count="497" type="cond" truecount="4" falsecount="2"/>
          <line num="20" count="247" type="stmt"/>
          <line num="21" count="125" type="stmt"/>
          <line num="22" count="0" type="stmt"/>
          <line num="23" count="0" type="stmt"/>
          <line num="25" count="125" type="cond" truecount="7" falsecount="0"/>
          <line num="26" count="3" type="cond" truecount="2" falsecount="4"/>
          <line num="27" count="3" type="cond" truecount="2" falsecount="2"/>
          <line num="28" count="3" type="cond" truecount="3" falsecount="1"/>
          <line num="29" count="3" type="cond" truecount="1" falsecount="1"/>
          <line num="30" count="3" type="stmt"/>
          <line num="32" count="247" type="stmt"/>
          <line num="33" count="497" type="stmt"/>
          <line num="34" count="122" type="cond" truecount="2" falsecount="2"/>
          <line num="37" count="1" type="stmt"/>
          <line num="38" count="1" type="stmt"/>
          <line num="39" count="1" type="stmt"/>
          <line num="51" count="1" type="stmt"/>
          <line num="52" count="3" type="stmt"/>
          <line num="53" count="3" type="stmt"/>
          <line num="55" count="3" type="stmt"/>
          <line num="56" count="9" type="cond" truecount="3" falsecount="2"/>
          <line num="58" count="3" type="stmt"/>
          <line num="59" count="3" type="stmt"/>
          <line num="61" count="3" type="stmt"/>
          <line num="62" count="119" type="stmt"/>
          <line num="64" count="119" type="stmt"/>
          <line num="65" count="238" type="cond" truecount="2" falsecount="0"/>
          <line num="67" count="119" type="stmt"/>
          <line num="68" count="119" type="stmt"/>
          <line num="70" count="119" type="stmt"/>
          <line num="71" count="119" type="stmt"/>
          <line num="72" count="119" type="stmt"/>
          <line num="77" count="3" type="stmt"/>
          <line num="78" count="3" type="stmt"/>
          <line num="80" count="0" type="stmt"/>
          <line num="81" count="0" type="stmt"/>
          <line num="82" count="0" type="stmt"/>
          <line num="96" count="1" type="stmt"/>
          <line num="97" count="0" type="stmt"/>
          <line num="99" count="0" type="stmt"/>
          <line num="100" count="0" type="cond" truecount="0" falsecount="4"/>
          <line num="102" count="0" type="stmt"/>
          <line num="103" count="0" type="stmt"/>
          <line num="105" count="0" type="stmt"/>
          <line num="106" count="0" type="stmt"/>
          <line num="108" count="0" type="stmt"/>
          <line num="109" count="0" type="stmt"/>
          <line num="110" count="0" type="stmt"/>
          <line num="115" count="1" type="stmt"/>
          <line num="116" count="1" type="stmt"/>
          <line num="118" count="1" type="stmt"/>
        </file>
        <file name="AuthenticationInteractor.js" path="/Users/anthonyvisalli/Desktop/Clark/user/dist/interactors/AuthenticationInteractor.js">
          <metrics statements="106" coveredstatements="92" conditionals="97" coveredconditionals="75" methods="22" coveredmethods="21"/>
          <line num="2" count="4" type="cond" truecount="3" falsecount="0"/>
          <line num="3" count="16" type="cond" truecount="2" falsecount="0"/>
          <line num="4" count="34" type="stmt"/>
          <line num="5" count="3" type="stmt"/>
          <line num="6" count="53" type="cond" truecount="2" falsecount="0"/>
          <line num="7" count="16" type="cond" truecount="2" falsecount="0"/>
          <line num="10" count="4" type="cond" truecount="3" falsecount="0"/>
          <line num="11" count="40" type="cond" truecount="2" falsecount="0"/>
          <line num="12" count="16" type="cond" truecount="2" falsecount="0"/>
          <line num="13" count="53" type="stmt"/>
          <line num="15" count="53" type="cond" truecount="1" falsecount="1"/>
          <line num="16" count="147" type="stmt"/>
          <line num="17" count="147" type="cond" truecount="2" falsecount="7"/>
          <line num="18" count="147" type="cond" truecount="1" falsecount="1"/>
          <line num="19" count="147" type="cond" truecount="4" falsecount="2"/>
          <line num="20" count="53" type="stmt"/>
          <line num="21" count="37" type="stmt"/>
          <line num="22" count="0" type="stmt"/>
          <line num="23" count="0" type="stmt"/>
          <line num="25" count="57" type="cond" truecount="7" falsecount="0"/>
          <line num="26" count="41" type="cond" truecount="6" falsecount="0"/>
          <line num="27" count="31" type="cond" truecount="4" falsecount="0"/>
          <line num="28" count="28" type="cond" truecount="3" falsecount="1"/>
          <line num="29" count="28" type="cond" truecount="1" falsecount="1"/>
          <line num="30" count="28" type="stmt"/>
          <line num="32" count="66" type="stmt"/>
          <line num="33" count="147" type="stmt"/>
          <line num="34" count="16" type="cond" truecount="2" falsecount="2"/>
          <line num="37" count="4" type="stmt"/>
          <line num="38" count="4" type="stmt"/>
          <line num="51" count="9" type="stmt"/>
          <line num="53" count="9" type="stmt"/>
          <line num="54" count="41" type="cond" truecount="7" falsecount="2"/>
          <line num="56" count="9" type="stmt"/>
          <line num="57" count="9" type="stmt"/>
          <line num="58" count="9" type="stmt"/>
          <line num="59" count="9" type="stmt"/>
          <line num="61" count="9" type="stmt"/>
          <line num="62" count="9" type="stmt"/>
          <line num="64" count="9" type="stmt"/>
          <line num="65" count="7" type="stmt"/>
          <line num="67" count="2" type="stmt"/>
          <line num="68" count="2" type="stmt"/>
          <line num="69" count="7" type="stmt"/>
          <line num="71" count="7" type="stmt"/>
          <line num="72" count="7" type="stmt"/>
          <line num="74" count="7" type="stmt"/>
          <line num="75" count="7" type="stmt"/>
          <line num="76" count="7" type="cond" truecount="2" falsecount="0"/>
          <line num="77" count="6" type="stmt"/>
          <line num="79" count="6" type="stmt"/>
          <line num="81" count="1" type="stmt"/>
          <line num="83" count="0" type="stmt"/>
          <line num="84" count="0" type="stmt"/>
          <line num="85" count="0" type="stmt"/>
          <line num="86" count="0" type="stmt"/>
          <line num="91" count="4" type="stmt"/>
          <line num="103" count="4" type="stmt"/>
          <line num="105" count="4" type="stmt"/>
          <line num="106" count="12" type="cond" truecount="5" falsecount="2"/>
          <line num="108" count="4" type="stmt"/>
          <line num="109" count="4" type="stmt"/>
          <line num="110" count="4" type="cond" truecount="1" falsecount="1"/>
          <line num="111" count="4" type="stmt"/>
          <line num="113" count="4" type="stmt"/>
          <line num="114" count="4" type="stmt"/>
          <line num="116" count="4" type="cond" truecount="2" falsecount="0"/>
          <line num="117" count="3" type="stmt"/>
          <line num="119" count="3" type="stmt"/>
          <line num="120" count="3" type="stmt"/>
          <line num="121" count="3" type="stmt"/>
          <line num="122" count="3" type="stmt"/>
          <line num="123" count="3" type="stmt"/>
          <line num="124" count="1" type="stmt"/>
          <line num="126" count="0" type="stmt"/>
          <line num="127" count="0" type="stmt"/>
          <line num="128" count="0" type="stmt"/>
          <line num="129" count="0" type="stmt"/>
          <line num="134" count="4" type="stmt"/>
          <line num="146" count="3" type="stmt"/>
          <line num="148" count="3" type="stmt"/>
          <line num="149" count="13" type="cond" truecount="7" falsecount="2"/>
          <line num="151" count="3" type="stmt"/>
          <line num="152" count="3" type="stmt"/>
          <line num="153" count="3" type="stmt"/>
          <line num="155" count="3" type="stmt"/>
          <line num="156" count="3" type="stmt"/>
          <line num="158" count="3" type="stmt"/>
          <line num="159" count="2" type="stmt"/>
          <line num="161" count="1" type="stmt"/>
          <line num="162" count="1" type="stmt"/>
          <line num="163" count="2" type="stmt"/>
          <line num="165" count="2" type="stmt"/>
          <line num="166" count="2" type="stmt"/>
          <line num="168" count="2" type="stmt"/>
          <line num="169" count="2" type="stmt"/>
          <line num="170" count="2" type="cond" truecount="2" falsecount="0"/>
          <line num="171" count="1" type="stmt"/>
          <line num="173" count="1" type="stmt"/>
          <line num="175" count="0" type="stmt"/>
          <line num="176" count="0" type="stmt"/>
          <line num="177" count="0" type="stmt"/>
          <line num="178" count="0" type="stmt"/>
          <line num="183" count="4" type="stmt"/>
          <line num="194" count="9" type="cond" truecount="2" falsecount="0"/>
          <line num="196" count="4" type="stmt"/>
        </file>
        <file name="MailerInteractor.js" path="/Users/anthonyvisalli/Desktop/Clark/user/dist/interactors/MailerInteractor.js">
          <metrics statements="104" coveredstatements="16" conditionals="77" coveredconditionals="6" methods="40" coveredmethods="1"/>
          <line num="2" count="4" type="cond" truecount="3" falsecount="0"/>
          <line num="3" count="0" type="cond" truecount="0" falsecount="2"/>
          <line num="4" count="0" type="stmt"/>
          <line num="5" count="0" type="stmt"/>
          <line num="6" count="0" type="cond" truecount="0" falsecount="2"/>
          <line num="7" count="0" type="cond" truecount="0" falsecount="2"/>
          <line num="10" count="4" type="cond" truecount="3" falsecount="0"/>
          <line num="11" count="0" type="cond" truecount="0" falsecount="2"/>
          <line num="12" count="0" type="cond" truecount="0" falsecount="2"/>
          <line num="13" count="0" type="stmt"/>
          <line num="15" count="0" type="cond" truecount="0" falsecount="2"/>
          <line num="16" count="0" type="stmt"/>
          <line num="17" count="0" type="cond" truecount="0" falsecount="9"/>
          <line num="18" count="0" type="cond" truecount="0" falsecount="2"/>
          <line num="19" count="0" type="cond" truecount="0" falsecount="6"/>
          <line num="20" count="0" type="stmt"/>
          <line num="21" count="0" type="stmt"/>
          <line num="22" count="0" type="stmt"/>
          <line num="23" count="0" type="stmt"/>
          <line num="25" count="0" type="cond" truecount="0" falsecount="7"/>
          <line num="26" count="0" type="cond" truecount="0" falsecount="6"/>
          <line num="27" count="0" type="cond" truecount="0" falsecount="4"/>
          <line num="28" count="0" type="cond" truecount="0" falsecount="4"/>
          <line num="29" count="0" type="cond" truecount="0" falsecount="2"/>
          <line num="30" count="0" type="stmt"/>
          <line num="32" count="0" type="stmt"/>
          <line num="33" count="0" type="stmt"/>
          <line num="34" count="0" type="cond" truecount="0" falsecount="4"/>
          <line num="37" count="4" type="stmt"/>
          <line num="38" count="4" type="stmt"/>
          <line num="39" count="4" type="stmt"/>
          <line num="42" count="4" type="stmt"/>
          <line num="54" count="4" type="stmt"/>
          <line num="55" count="0" type="stmt"/>
          <line num="56" count="0" type="stmt"/>
          <line num="57" count="0" type="stmt"/>
          <line num="58" count="0" type="stmt"/>
          <line num="61" count="0" type="stmt"/>
          <line num="63" count="0" type="stmt"/>
          <line num="78" count="4" type="stmt"/>
          <line num="79" count="0" type="stmt"/>
          <line num="80" count="0" type="stmt"/>
          <line num="81" count="0" type="stmt"/>
          <line num="82" count="0" type="cond" truecount="0" falsecount="2"/>
          <line num="83" count="0" type="stmt"/>
          <line num="85" count="0" type="stmt"/>
          <line num="87" count="0" type="stmt"/>
          <line num="90" count="0" type="stmt"/>
          <line num="92" count="0" type="stmt"/>
          <line num="106" count="4" type="stmt"/>
          <line num="107" count="0" type="stmt"/>
          <line num="108" count="0" type="stmt"/>
          <line num="109" count="0" type="stmt"/>
          <line num="110" count="0" type="stmt"/>
          <line num="115" count="0" type="stmt"/>
          <line num="117" count="0" type="stmt"/>
          <line num="130" count="4" type="stmt"/>
          <line num="131" count="0" type="stmt"/>
          <line num="132" count="0" type="stmt"/>
          <line num="133" count="0" type="stmt"/>
          <line num="134" count="0" type="stmt"/>
          <line num="139" count="0" type="stmt"/>
          <line num="141" count="0" type="stmt"/>
          <line num="157" count="4" type="stmt"/>
          <line num="158" count="0" type="stmt"/>
          <line num="160" count="0" type="stmt"/>
          <line num="161" count="0" type="cond" truecount="0" falsecount="7"/>
          <line num="163" count="0" type="stmt"/>
          <line num="164" count="0" type="stmt"/>
          <line num="166" count="0" type="cond" truecount="0" falsecount="2"/>
          <line num="167" count="0" type="stmt"/>
          <line num="169" count="0" type="stmt"/>
          <line num="170" count="0" type="stmt"/>
          <line num="171" count="0" type="stmt"/>
          <line num="173" count="0" type="stmt"/>
          <line num="174" count="0" type="stmt"/>
          <line num="175" count="0" type="stmt"/>
          <line num="177" count="0" type="stmt"/>
          <line num="178" count="0" type="stmt"/>
          <line num="179" count="0" type="stmt"/>
          <line num="191" count="4" type="stmt"/>
          <line num="192" count="0" type="stmt"/>
          <line num="193" count="0" type="stmt"/>
          <line num="195" count="0" type="stmt"/>
          <line num="198" count="0" type="stmt"/>
          <line num="202" count="0" type="stmt"/>
          <line num="204" count="0" type="stmt"/>
          <line num="216" count="4" type="stmt"/>
          <line num="217" count="0" type="stmt"/>
          <line num="219" count="0" type="stmt"/>
          <line num="220" count="0" type="cond" truecount="0" falsecount="2"/>
          <line num="221" count="0" type="stmt"/>
          <line num="223" count="0" type="stmt"/>
          <line num="224" count="0" type="stmt"/>
          <line num="245" count="4" type="stmt"/>
          <line num="246" count="0" type="stmt"/>
          <line num="247" count="0" type="stmt"/>
          <line num="248" count="0" type="stmt"/>
          <line num="249" count="0" type="cond" truecount="0" falsecount="2"/>
          <line num="250" count="0" type="stmt"/>
          <line num="254" count="0" type="stmt"/>
          <line num="255" count="0" type="stmt"/>
          <line num="260" count="4" type="stmt"/>
          <line num="262" count="4" type="stmt"/>
        </file>
        <file name="OTACodeInteractor.js" path="/Users/anthonyvisalli/Desktop/Clark/user/dist/interactors/OTACodeInteractor.js">
          <metrics statements="110" coveredstatements="91" conditionals="101" coveredconditionals="70" methods="30" coveredmethods="28"/>
          <line num="2" count="4" type="cond" truecount="3" falsecount="0"/>
          <line num="3" count="14" type="cond" truecount="2" falsecount="0"/>
          <line num="4" count="21" type="stmt"/>
          <line num="5" count="2" type="stmt"/>
          <line num="6" count="37" type="cond" truecount="2" falsecount="0"/>
          <line num="7" count="14" type="cond" truecount="2" falsecount="0"/>
          <line num="10" count="4" type="cond" truecount="3" falsecount="0"/>
          <line num="11" count="25" type="cond" truecount="2" falsecount="0"/>
          <line num="12" count="14" type="cond" truecount="2" falsecount="0"/>
          <line num="13" count="42" type="stmt"/>
          <line num="15" count="37" type="cond" truecount="1" falsecount="1"/>
          <line num="16" count="93" type="stmt"/>
          <line num="17" count="93" type="cond" truecount="2" falsecount="7"/>
          <line num="18" count="93" type="cond" truecount="1" falsecount="1"/>
          <line num="19" count="93" type="cond" truecount="4" falsecount="2"/>
          <line num="20" count="37" type="stmt"/>
          <line num="21" count="23" type="stmt"/>
          <line num="22" count="0" type="stmt"/>
          <line num="23" count="0" type="stmt"/>
          <line num="25" count="33" type="cond" truecount="7" falsecount="0"/>
          <line num="26" count="19" type="cond" truecount="6" falsecount="0"/>
          <line num="27" count="16" type="cond" truecount="4" falsecount="0"/>
          <line num="28" count="14" type="cond" truecount="3" falsecount="1"/>
          <line num="29" count="14" type="cond" truecount="1" falsecount="1"/>
          <line num="30" count="14" type="stmt"/>
          <line num="32" count="42" type="stmt"/>
          <line num="33" count="93" type="stmt"/>
          <line num="34" count="14" type="cond" truecount="2" falsecount="2"/>
          <line num="37" count="4" type="stmt"/>
          <line num="38" count="4" type="stmt"/>
          <line num="39" count="4" type="stmt"/>
          <line num="40" count="4" type="stmt"/>
          <line num="43" count="4" type="stmt"/>
          <line num="44" count="5" type="stmt"/>
          <line num="46" count="5" type="stmt"/>
          <line num="47" count="12" type="cond" truecount="3" falsecount="2"/>
          <line num="49" count="5" type="stmt"/>
          <line num="50" count="10" type="stmt"/>
          <line num="51" count="5" type="cond" truecount="1" falsecount="1"/>
          <line num="52" count="5" type="stmt"/>
          <line num="54" count="5" type="stmt"/>
          <line num="55" count="3" type="stmt"/>
          <line num="56" count="0" type="stmt"/>
          <line num="58" count="2" type="stmt"/>
          <line num="59" count="2" type="stmt"/>
          <line num="60" count="0" type="stmt"/>
          <line num="65" count="4" type="stmt"/>
          <line num="66" count="1" type="stmt"/>
          <line num="68" count="1" type="stmt"/>
          <line num="69" count="2" type="cond" truecount="2" falsecount="2"/>
          <line num="71" count="1" type="stmt"/>
          <line num="72" count="1" type="stmt"/>
          <line num="74" count="1" type="stmt"/>
          <line num="75" count="1" type="stmt"/>
          <line num="77" count="0" type="stmt"/>
          <line num="78" count="0" type="stmt"/>
          <line num="79" count="0" type="stmt"/>
          <line num="84" count="4" type="stmt"/>
          <line num="85" count="1" type="stmt"/>
          <line num="87" count="1" type="stmt"/>
          <line num="88" count="2" type="cond" truecount="2" falsecount="2"/>
          <line num="90" count="1" type="stmt"/>
          <line num="91" count="1" type="stmt"/>
          <line num="93" count="1" type="stmt"/>
          <line num="94" count="1" type="stmt"/>
          <line num="96" count="0" type="stmt"/>
          <line num="97" count="0" type="stmt"/>
          <line num="98" count="0" type="stmt"/>
          <line num="103" count="4" type="stmt"/>
          <line num="104" count="5" type="stmt"/>
          <line num="106" count="5" type="stmt"/>
          <line num="107" count="18" type="cond" truecount="5" falsecount="2"/>
          <line num="109" count="5" type="stmt"/>
          <line num="110" count="5" type="stmt"/>
          <line num="112" count="5" type="stmt"/>
          <line num="113" count="5" type="cond" truecount="2" falsecount="0"/>
          <line num="114" count="3" type="stmt"/>
          <line num="115" count="3" type="cond" truecount="1" falsecount="1"/>
          <line num="116" count="3" type="stmt"/>
          <line num="118" count="3" type="stmt"/>
          <line num="120" count="3" type="stmt"/>
          <line num="121" count="3" type="stmt"/>
          <line num="123" count="3" type="stmt"/>
          <line num="124" count="3" type="stmt"/>
          <line num="125" count="2" type="stmt"/>
          <line num="127" count="0" type="stmt"/>
          <line num="128" count="0" type="stmt"/>
          <line num="129" count="0" type="stmt"/>
          <line num="134" count="4" type="stmt"/>
          <line num="135" count="2" type="stmt"/>
          <line num="137" count="2" type="stmt"/>
          <line num="138" count="8" type="cond" truecount="5" falsecount="2"/>
          <line num="140" count="2" type="stmt"/>
          <line num="141" count="2" type="stmt"/>
          <line num="143" count="2" type="stmt"/>
          <line num="144" count="2" type="stmt"/>
          <line num="146" count="2" type="stmt"/>
          <line num="147" count="2" type="cond" truecount="2" falsecount="0"/>
          <line num="148" count="1" type="stmt"/>
          <line num="150" count="1" type="stmt"/>
          <line num="151" count="1" type="stmt"/>
          <line num="152" count="2" type="stmt"/>
          <line num="154" count="0" type="stmt"/>
          <line num="155" count="0" type="stmt"/>
          <line num="156" count="0" type="cond" truecount="0" falsecount="4"/>
          <line num="157" count="0" type="stmt"/>
          <line num="159" count="0" type="stmt"/>
          <line num="160" count="0" type="stmt"/>
          <line num="165" count="4" type="stmt"/>
          <line num="167" count="4" type="stmt"/>
        </file>
        <file name="UserInteractor.js" path="/Users/anthonyvisalli/Desktop/Clark/user/dist/interactors/UserInteractor.js">
          <metrics statements="126" coveredstatements="95" conditionals="94" coveredconditionals="59" methods="33" coveredmethods="27"/>
          <line num="2" count="4" type="cond" truecount="3" falsecount="0"/>
          <line num="3" count="16" type="cond" truecount="2" falsecount="0"/>
          <line num="4" count="29" type="stmt"/>
          <line num="5" count="0" type="stmt"/>
          <line num="6" count="45" type="cond" truecount="2" falsecount="0"/>
          <line num="7" count="16" type="cond" truecount="2" falsecount="0"/>
          <line num="10" count="4" type="cond" truecount="3" falsecount="0"/>
          <line num="11" count="31" type="cond" truecount="1" falsecount="1"/>
          <line num="12" count="16" type="cond" truecount="2" falsecount="0"/>
          <line num="13" count="48" type="stmt"/>
          <line num="15" count="45" type="cond" truecount="1" falsecount="1"/>
          <line num="16" count="108" type="stmt"/>
          <line num="17" count="108" type="cond" truecount="2" falsecount="7"/>
          <line num="18" count="108" type="cond" truecount="1" falsecount="1"/>
          <line num="19" count="108" type="cond" truecount="4" falsecount="2"/>
          <line num="20" count="45" type="stmt"/>
          <line num="21" count="29" type="stmt"/>
          <line num="22" count="0" type="stmt"/>
          <line num="23" count="0" type="stmt"/>
          <line num="25" count="34" type="cond" truecount="7" falsecount="0"/>
          <line num="26" count="18" type="cond" truecount="2" falsecount="4"/>
          <line num="27" count="18" type="cond" truecount="4" falsecount="0"/>
          <line num="28" count="16" type="cond" truecount="3" falsecount="1"/>
          <line num="29" count="16" type="cond" truecount="1" falsecount="1"/>
          <line num="30" count="16" type="stmt"/>
          <line num="32" count="47" type="stmt"/>
          <line num="33" count="108" type="stmt"/>
          <line num="34" count="16" type="cond" truecount="2" falsecount="2"/>
          <line num="37" count="4" type="stmt"/>
          <line num="38" count="4" type="stmt"/>
          <line num="39" count="4" type="stmt"/>
          <line num="42" count="4" type="stmt"/>
          <line num="43" count="4" type="stmt"/>
          <line num="45" count="4" type="stmt"/>
          <line num="46" count="8" type="cond" truecount="3" falsecount="1"/>
          <line num="48" count="4" type="stmt"/>
          <line num="49" count="4" type="stmt"/>
          <line num="51" count="3" type="stmt"/>
          <line num="52" count="3" type="stmt"/>
          <line num="53" count="3" type="stmt"/>
          <line num="54" count="3" type="stmt"/>
          <line num="55" count="3" type="stmt"/>
          <line num="57" count="3" type="stmt"/>
          <line num="59" count="1" type="stmt"/>
          <line num="60" count="1" type="stmt"/>
          <line num="61" count="0" type="stmt"/>
          <line num="66" count="4" type="stmt"/>
          <line num="67" count="4" type="stmt"/>
          <line num="69" count="4" type="stmt"/>
          <line num="70" count="11" type="cond" truecount="4" falsecount="1"/>
          <line num="72" count="4" type="stmt"/>
          <line num="73" count="4" type="stmt"/>
          <line num="75" count="3" type="stmt"/>
          <line num="76" count="3" type="stmt"/>
          <line num="78" count="3" type="stmt"/>
          <line num="79" count="3" type="stmt"/>
          <line num="80" count="3" type="stmt"/>
          <line num="81" count="3" type="stmt"/>
          <line num="83" count="1" type="stmt"/>
          <line num="84" count="1" type="stmt"/>
          <line num="85" count="0" type="stmt"/>
          <line num="90" count="4" type="stmt"/>
          <line num="91" count="3" type="stmt"/>
          <line num="93" count="3" type="stmt"/>
          <line num="94" count="12" type="cond" truecount="4" falsecount="2"/>
          <line num="96" count="3" type="stmt"/>
          <line num="97" count="3" type="stmt"/>
          <line num="99" count="3" type="stmt"/>
          <line num="100" count="3" type="stmt"/>
          <line num="102" count="3" type="stmt"/>
          <line num="103" count="3" type="stmt"/>
          <line num="105" count="3" type="stmt"/>
          <line num="106" count="3" type="stmt"/>
          <line num="107" count="3" type="stmt"/>
          <line num="109" count="3" type="stmt"/>
          <line num="111" count="0" type="stmt"/>
          <line num="112" count="0" type="stmt"/>
          <line num="113" count="0" type="stmt"/>
          <line num="118" count="4" type="stmt"/>
          <line num="119" count="3" type="stmt"/>
          <line num="121" count="3" type="stmt"/>
          <line num="122" count="12" type="cond" truecount="4" falsecount="2"/>
          <line num="124" count="3" type="stmt"/>
          <line num="125" count="3" type="stmt"/>
          <line num="127" count="3" type="stmt"/>
          <line num="128" count="3" type="stmt"/>
          <line num="130" count="3" type="stmt"/>
          <line num="131" count="3" type="stmt"/>
          <line num="133" count="3" type="stmt"/>
          <line num="134" count="3" type="stmt"/>
          <line num="135" count="3" type="stmt"/>
          <line num="136" count="3" type="stmt"/>
          <line num="138" count="0" type="stmt"/>
          <line num="139" count="0" type="stmt"/>
          <line num="140" count="0" type="stmt"/>
          <line num="145" count="4" type="stmt"/>
          <line num="146" count="0" type="stmt"/>
          <line num="148" count="0" type="stmt"/>
          <line num="149" count="0" type="cond" truecount="0" falsecount="5"/>
          <line num="151" count="0" type="stmt"/>
          <line num="152" count="0" type="stmt"/>
          <line num="158" count="0" type="stmt"/>
          <line num="160" count="0" type="stmt"/>
          <line num="161" count="0" type="stmt"/>
          <line num="163" count="0" type="stmt"/>
          <line num="164" count="0" type="cond" truecount="0" falsecount="2"/>
          <line num="165" count="0" type="stmt"/>
          <line num="167" count="0" type="stmt"/>
          <line num="168" count="0" type="stmt"/>
          <line num="169" count="0" type="stmt"/>
          <line num="171" count="0" type="stmt"/>
          <line num="172" count="0" type="stmt"/>
          <line num="173" count="0" type="stmt"/>
          <line num="178" count="4" type="stmt"/>
          <line num="179" count="2" type="stmt"/>
          <line num="181" count="2" type="stmt"/>
          <line num="182" count="4" type="cond" truecount="2" falsecount="2"/>
          <line num="184" count="2" type="stmt"/>
          <line num="185" count="2" type="stmt"/>
          <line num="187" count="2" type="stmt"/>
          <line num="188" count="2" type="stmt"/>
          <line num="190" count="0" type="stmt"/>
          <line num="191" count="0" type="stmt"/>
          <line num="192" count="0" type="stmt"/>
          <line num="197" count="4" type="stmt"/>
          <line num="199" count="4" type="stmt"/>
        </file>
        <file name="interactors.js" path="/Users/anthonyvisalli/Desktop/Clark/user/dist/interactors/interactors.js">
          <metrics statements="7" coveredstatements="7" conditionals="0" coveredconditionals="0" methods="0" coveredmethods="0"/>
          <line num="2" count="4" type="stmt"/>
          <line num="3" count="4" type="stmt"/>
          <line num="4" count="4" type="stmt"/>
          <line num="5" count="4" type="stmt"/>
          <line num="6" count="4" type="stmt"/>
          <line num="7" count="4" type="stmt"/>
          <line num="8" count="4" type="stmt"/>
        </file>
      </package>
      <package name="interfaces">
        <metrics statements="19" coveredstatements="19" conditionals="8" coveredconditionals="8" methods="4" coveredmethods="4"/>
        <file name="Mailer.defaults.js" path="/Users/anthonyvisalli/Desktop/Clark/user/dist/interfaces/Mailer.defaults.js">
          <metrics statements="19" coveredstatements="19" conditionals="8" coveredconditionals="8" methods="4" coveredmethods="4"/>
          <line num="2" count="4" type="stmt"/>
          <line num="4" count="4" type="stmt"/>
          <line num="5" count="4" type="stmt"/>
          <line num="8" count="4" type="stmt"/>
          <line num="9" count="4" type="stmt"/>
          <line num="10" count="4" type="stmt"/>
          <line num="11" count="4" type="stmt"/>
          <line num="14" count="4" type="stmt"/>
          <line num="15" count="4" type="stmt"/>
          <line num="16" count="4" type="stmt"/>
          <line num="19" count="4" type="stmt"/>
          <line num="20" count="4" type="stmt"/>
          <line num="21" count="4" type="stmt"/>
          <line num="22" count="4" type="stmt"/>
          <line num="24" count="4" type="stmt"/>
          <line num="25" count="4" type="stmt"/>
          <line num="26" count="4" type="stmt"/>
          <line num="27" count="4" type="stmt"/>
          <line num="28" count="4" type="stmt"/>
        </file>
      </package>
    </metrics>
  </project>
</coverage>
