{"/Users/anthonyvisalli/Desktop/Clark/user/dist/drivers/BcryptDriver.js": {"path":"/Users/anthonyvisalli/Desktop/Clark/user/dist/drivers/BcryptDriver.js","statementMap":{"0":{"start":{"line":2,"column":16},"end":{"line":9,"column":1}},"1":{"start":{"line":3,"column":4},"end":{"line":8,"column":7}},"2":{"start":{"line":4,"column":36},"end":{"line":4,"column":97}},"3":{"start":{"line":4,"column":42},"end":{"line":4,"column":70}},"4":{"start":{"line":4,"column":85},"end":{"line":4,"column":95}},"5":{"start":{"line":5,"column":35},"end":{"line":5,"column":100}},"6":{"start":{"line":5,"column":41},"end":{"line":5,"column":73}},"7":{"start":{"line":5,"column":88},"end":{"line":5,"column":98}},"8":{"start":{"line":6,"column":32},"end":{"line":6,"column":149}},"9":{"start":{"line":6,"column":97},"end":{"line":6,"column":119}},"10":{"start":{"line":7,"column":8},"end":{"line":7,"column":78}},"11":{"start":{"line":10,"column":18},"end":{"line":36,"column":1}},"12":{"start":{"line":11,"column":12},"end":{"line":11,"column":104}},"13":{"start":{"line":11,"column":43},"end":{"line":11,"column":68}},"14":{"start":{"line":11,"column":57},"end":{"line":11,"column":68}},"15":{"start":{"line":11,"column":69},"end":{"line":11,"column":81}},"16":{"start":{"line":12,"column":4},"end":{"line":12,"column":157}},"17":{"start":{"line":12,"column":138},"end":{"line":12,"column":150}},"18":{"start":{"line":13,"column":23},"end":{"line":13,"column":68}},"19":{"start":{"line":13,"column":45},"end":{"line":13,"column":65}},"20":{"start":{"line":15,"column":8},"end":{"line":15,"column":70}},"21":{"start":{"line":15,"column":15},"end":{"line":15,"column":70}},"22":{"start":{"line":16,"column":8},"end":{"line":33,"column":66}},"23":{"start":{"line":16,"column":18},"end":{"line":33,"column":66}},"24":{"start":{"line":17,"column":12},"end":{"line":17,"column":127}},"25":{"start":{"line":17,"column":118},"end":{"line":17,"column":127}},"26":{"start":{"line":18,"column":12},"end":{"line":18,"column":44}},"27":{"start":{"line":18,"column":26},"end":{"line":18,"column":44}},"28":{"start":{"line":19,"column":12},"end":{"line":31,"column":13}},"29":{"start":{"line":20,"column":32},"end":{"line":20,"column":39}},"30":{"start":{"line":20,"column":40},"end":{"line":20,"column":46}},"31":{"start":{"line":21,"column":24},"end":{"line":21,"column":34}},"32":{"start":{"line":21,"column":35},"end":{"line":21,"column":72}},"33":{"start":{"line":22,"column":24},"end":{"line":22,"column":34}},"34":{"start":{"line":22,"column":35},"end":{"line":22,"column":45}},"35":{"start":{"line":22,"column":46},"end":{"line":22,"column":55}},"36":{"start":{"line":22,"column":56},"end":{"line":22,"column":65}},"37":{"start":{"line":23,"column":24},"end":{"line":23,"column":41}},"38":{"start":{"line":23,"column":42},"end":{"line":23,"column":55}},"39":{"start":{"line":23,"column":56},"end":{"line":23,"column":65}},"40":{"start":{"line":25,"column":20},"end":{"line":25,"column":128}},"41":{"start":{"line":25,"column":110},"end":{"line":25,"column":116}},"42":{"start":{"line":25,"column":117},"end":{"line":25,"column":126}},"43":{"start":{"line":26,"column":20},"end":{"line":26,"column":106}},"44":{"start":{"line":26,"column":81},"end":{"line":26,"column":97}},"45":{"start":{"line":26,"column":98},"end":{"line":26,"column":104}},"46":{"start":{"line":27,"column":20},"end":{"line":27,"column":89}},"47":{"start":{"line":27,"column":57},"end":{"line":27,"column":72}},"48":{"start":{"line":27,"column":73},"end":{"line":27,"column":80}},"49":{"start":{"line":27,"column":81},"end":{"line":27,"column":87}},"50":{"start":{"line":28,"column":20},"end":{"line":28,"column":87}},"51":{"start":{"line":28,"column":47},"end":{"line":28,"column":62}},"52":{"start":{"line":28,"column":63},"end":{"line":28,"column":78}},"53":{"start":{"line":28,"column":79},"end":{"line":28,"column":85}},"54":{"start":{"line":29,"column":20},"end":{"line":29,"column":42}},"55":{"start":{"line":29,"column":30},"end":{"line":29,"column":42}},"56":{"start":{"line":30,"column":20},"end":{"line":30,"column":33}},"57":{"start":{"line":30,"column":34},"end":{"line":30,"column":43}},"58":{"start":{"line":32,"column":12},"end":{"line":32,"column":39}},"59":{"start":{"line":33,"column":22},"end":{"line":33,"column":34}},"60":{"start":{"line":33,"column":35},"end":{"line":33,"column":41}},"61":{"start":{"line":33,"column":54},"end":{"line":33,"column":64}},"62":{"start":{"line":34,"column":8},"end":{"line":34,"column":35}},"63":{"start":{"line":34,"column":23},"end":{"line":34,"column":35}},"64":{"start":{"line":34,"column":36},"end":{"line":34,"column":89}},"65":{"start":{"line":37,"column":0},"end":{"line":37,"column":62}},"66":{"start":{"line":38,"column":13},"end":{"line":38,"column":30}},"67":{"start":{"line":39,"column":34},"end":{"line":58,"column":3}},"68":{"start":{"line":41,"column":8},"end":{"line":41,"column":37}},"69":{"start":{"line":43,"column":4},"end":{"line":49,"column":6}},"70":{"start":{"line":44,"column":8},"end":{"line":48,"column":11}},"71":{"start":{"line":45,"column":12},"end":{"line":47,"column":15}},"72":{"start":{"line":46,"column":16},"end":{"line":46,"column":73}},"73":{"start":{"line":50,"column":4},"end":{"line":56,"column":6}},"74":{"start":{"line":51,"column":8},"end":{"line":55,"column":11}},"75":{"start":{"line":52,"column":12},"end":{"line":54,"column":15}},"76":{"start":{"line":53,"column":16},"end":{"line":53,"column":66}},"77":{"start":{"line":57,"column":4},"end":{"line":57,"column":24}},"78":{"start":{"line":59,"column":0},"end":{"line":59,"column":36}}},"fnMap":{"0":{"name":"(anonymous_0)","decl":{"start":{"line":2,"column":44},"end":{"line":2,"column":45}},"loc":{"start":{"line":2,"column":89},"end":{"line":9,"column":1}},"line":2},"1":{"name":"(anonymous_1)","decl":{"start":{"line":3,"column":36},"end":{"line":3,"column":37}},"loc":{"start":{"line":3,"column":63},"end":{"line":8,"column":5}},"line":3},"2":{"name":"fulfilled","decl":{"start":{"line":4,"column":17},"end":{"line":4,"column":26}},"loc":{"start":{"line":4,"column":34},"end":{"line":4,"column":99}},"line":4},"3":{"name":"rejected","decl":{"start":{"line":5,"column":17},"end":{"line":5,"column":25}},"loc":{"start":{"line":5,"column":33},"end":{"line":5,"column":102}},"line":5},"4":{"name":"step","decl":{"start":{"line":6,"column":17},"end":{"line":6,"column":21}},"loc":{"start":{"line":6,"column":30},"end":{"line":6,"column":151}},"line":6},"5":{"name":"(anonymous_5)","decl":{"start":{"line":6,"column":76},"end":{"line":6,"column":77}},"loc":{"start":{"line":6,"column":95},"end":{"line":6,"column":121}},"line":6},"6":{"name":"(anonymous_6)","decl":{"start":{"line":10,"column":48},"end":{"line":10,"column":49}},"loc":{"start":{"line":10,"column":73},"end":{"line":36,"column":1}},"line":10},"7":{"name":"(anonymous_7)","decl":{"start":{"line":11,"column":30},"end":{"line":11,"column":31}},"loc":{"start":{"line":11,"column":41},"end":{"line":11,"column":83}},"line":11},"8":{"name":"(anonymous_8)","decl":{"start":{"line":12,"column":125},"end":{"line":12,"column":126}},"loc":{"start":{"line":12,"column":136},"end":{"line":12,"column":152}},"line":12},"9":{"name":"verb","decl":{"start":{"line":13,"column":13},"end":{"line":13,"column":17}},"loc":{"start":{"line":13,"column":21},"end":{"line":13,"column":70}},"line":13},"10":{"name":"(anonymous_10)","decl":{"start":{"line":13,"column":30},"end":{"line":13,"column":31}},"loc":{"start":{"line":13,"column":43},"end":{"line":13,"column":67}},"line":13},"11":{"name":"step","decl":{"start":{"line":14,"column":13},"end":{"line":14,"column":17}},"loc":{"start":{"line":14,"column":22},"end":{"line":35,"column":5}},"line":14},"12":{"name":"(anonymous_12)","decl":{"start":{"line":39,"column":34},"end":{"line":39,"column":35}},"loc":{"start":{"line":39,"column":46},"end":{"line":58,"column":1}},"line":39},"13":{"name":"BcryptDriver","decl":{"start":{"line":40,"column":13},"end":{"line":40,"column":25}},"loc":{"start":{"line":40,"column":38},"end":{"line":42,"column":5}},"line":40},"14":{"name":"(anonymous_14)","decl":{"start":{"line":43,"column":34},"end":{"line":43,"column":35}},"loc":{"start":{"line":43,"column":49},"end":{"line":49,"column":5}},"line":43},"15":{"name":"(anonymous_15)","decl":{"start":{"line":44,"column":47},"end":{"line":44,"column":48}},"loc":{"start":{"line":44,"column":59},"end":{"line":48,"column":9}},"line":44},"16":{"name":"(anonymous_16)","decl":{"start":{"line":45,"column":37},"end":{"line":45,"column":38}},"loc":{"start":{"line":45,"column":51},"end":{"line":47,"column":13}},"line":45},"17":{"name":"(anonymous_17)","decl":{"start":{"line":50,"column":36},"end":{"line":50,"column":37}},"loc":{"start":{"line":50,"column":58},"end":{"line":56,"column":5}},"line":50},"18":{"name":"(anonymous_18)","decl":{"start":{"line":51,"column":47},"end":{"line":51,"column":48}},"loc":{"start":{"line":51,"column":59},"end":{"line":55,"column":9}},"line":51},"19":{"name":"(anonymous_19)","decl":{"start":{"line":52,"column":37},"end":{"line":52,"column":38}},"loc":{"start":{"line":52,"column":51},"end":{"line":54,"column":13}},"line":52}},"branchMap":{"0":{"loc":{"start":{"line":2,"column":16},"end":{"line":9,"column":1}},"type":"binary-expr","locations":[{"start":{"line":2,"column":17},"end":{"line":2,"column":21}},{"start":{"line":2,"column":25},"end":{"line":2,"column":39}},{"start":{"line":2,"column":44},"end":{"line":9,"column":1}}],"line":2},"1":{"loc":{"start":{"line":3,"column":16},"end":{"line":3,"column":34}},"type":"binary-expr","locations":[{"start":{"line":3,"column":16},"end":{"line":3,"column":17}},{"start":{"line":3,"column":22},"end":{"line":3,"column":33}}],"line":3},"2":{"loc":{"start":{"line":6,"column":32},"end":{"line":6,"column":148}},"type":"cond-expr","locations":[{"start":{"line":6,"column":46},"end":{"line":6,"column":67}},{"start":{"line":6,"column":70},"end":{"line":6,"column":148}}],"line":6},"3":{"loc":{"start":{"line":7,"column":51},"end":{"line":7,"column":67}},"type":"binary-expr","locations":[{"start":{"line":7,"column":51},"end":{"line":7,"column":61}},{"start":{"line":7,"column":65},"end":{"line":7,"column":67}}],"line":7},"4":{"loc":{"start":{"line":10,"column":18},"end":{"line":36,"column":1}},"type":"binary-expr","locations":[{"start":{"line":10,"column":19},"end":{"line":10,"column":23}},{"start":{"line":10,"column":27},"end":{"line":10,"column":43}},{"start":{"line":10,"column":48},"end":{"line":36,"column":1}}],"line":10},"5":{"loc":{"start":{"line":11,"column":43},"end":{"line":11,"column":68}},"type":"if","locations":[{"start":{"line":11,"column":43},"end":{"line":11,"column":68}},{"start":{"line":11,"column":43},"end":{"line":11,"column":68}}],"line":11},"6":{"loc":{"start":{"line":12,"column":71},"end":{"line":12,"column":153}},"type":"binary-expr","locations":[{"start":{"line":12,"column":71},"end":{"line":12,"column":99}},{"start":{"line":12,"column":104},"end":{"line":12,"column":152}}],"line":12},"7":{"loc":{"start":{"line":15,"column":8},"end":{"line":15,"column":70}},"type":"if","locations":[{"start":{"line":15,"column":8},"end":{"line":15,"column":70}},{"start":{"line":15,"column":8},"end":{"line":15,"column":70}}],"line":15},"8":{"loc":{"start":{"line":17,"column":12},"end":{"line":17,"column":127}},"type":"if","locations":[{"start":{"line":17,"column":12},"end":{"line":17,"column":127}},{"start":{"line":17,"column":12},"end":{"line":17,"column":127}}],"line":17},"9":{"loc":{"start":{"line":17,"column":23},"end":{"line":17,"column":116}},"type":"binary-expr","locations":[{"start":{"line":17,"column":23},"end":{"line":17,"column":24}},{"start":{"line":17,"column":29},"end":{"line":17,"column":83}},{"start":{"line":17,"column":88},"end":{"line":17,"column":116}}],"line":17},"10":{"loc":{"start":{"line":17,"column":35},"end":{"line":17,"column":82}},"type":"cond-expr","locations":[{"start":{"line":17,"column":47},"end":{"line":17,"column":55}},{"start":{"line":17,"column":58},"end":{"line":17,"column":82}}],"line":17},"11":{"loc":{"start":{"line":17,"column":58},"end":{"line":17,"column":82}},"type":"cond-expr","locations":[{"start":{"line":17,"column":66},"end":{"line":17,"column":73}},{"start":{"line":17,"column":76},"end":{"line":17,"column":82}}],"line":17},"12":{"loc":{"start":{"line":18,"column":12},"end":{"line":18,"column":44}},"type":"if","locations":[{"start":{"line":18,"column":12},"end":{"line":18,"column":44}},{"start":{"line":18,"column":12},"end":{"line":18,"column":44}}],"line":18},"13":{"loc":{"start":{"line":19,"column":12},"end":{"line":31,"column":13}},"type":"switch","locations":[{"start":{"line":20,"column":16},"end":{"line":20,"column":23}},{"start":{"line":20,"column":24},"end":{"line":20,"column":46}},{"start":{"line":21,"column":16},"end":{"line":21,"column":72}},{"start":{"line":22,"column":16},"end":{"line":22,"column":65}},{"start":{"line":23,"column":16},"end":{"line":23,"column":65}},{"start":{"line":24,"column":16},"end":{"line":30,"column":43}}],"line":19},"14":{"loc":{"start":{"line":25,"column":20},"end":{"line":25,"column":128}},"type":"if","locations":[{"start":{"line":25,"column":20},"end":{"line":25,"column":128}},{"start":{"line":25,"column":20},"end":{"line":25,"column":128}}],"line":25},"15":{"loc":{"start":{"line":25,"column":24},"end":{"line":25,"column":106}},"type":"binary-expr","locations":[{"start":{"line":25,"column":24},"end":{"line":25,"column":74}},{"start":{"line":25,"column":79},"end":{"line":25,"column":90}},{"start":{"line":25,"column":94},"end":{"line":25,"column":105}}],"line":25},"16":{"loc":{"start":{"line":25,"column":42},"end":{"line":25,"column":73}},"type":"binary-expr","locations":[{"start":{"line":25,"column":42},"end":{"line":25,"column":54}},{"start":{"line":25,"column":58},"end":{"line":25,"column":73}}],"line":25},"17":{"loc":{"start":{"line":26,"column":20},"end":{"line":26,"column":106}},"type":"if","locations":[{"start":{"line":26,"column":20},"end":{"line":26,"column":106}},{"start":{"line":26,"column":20},"end":{"line":26,"column":106}}],"line":26},"18":{"loc":{"start":{"line":26,"column":24},"end":{"line":26,"column":77}},"type":"binary-expr","locations":[{"start":{"line":26,"column":24},"end":{"line":26,"column":35}},{"start":{"line":26,"column":40},"end":{"line":26,"column":42}},{"start":{"line":26,"column":47},"end":{"line":26,"column":59}},{"start":{"line":26,"column":63},"end":{"line":26,"column":75}}],"line":26},"19":{"loc":{"start":{"line":27,"column":20},"end":{"line":27,"column":89}},"type":"if","locations":[{"start":{"line":27,"column":20},"end":{"line":27,"column":89}},{"start":{"line":27,"column":20},"end":{"line":27,"column":89}}],"line":27},"20":{"loc":{"start":{"line":27,"column":24},"end":{"line":27,"column":53}},"type":"binary-expr","locations":[{"start":{"line":27,"column":24},"end":{"line":27,"column":35}},{"start":{"line":27,"column":39},"end":{"line":27,"column":53}}],"line":27},"21":{"loc":{"start":{"line":28,"column":20},"end":{"line":28,"column":87}},"type":"if","locations":[{"start":{"line":28,"column":20},"end":{"line":28,"column":87}},{"start":{"line":28,"column":20},"end":{"line":28,"column":87}}],"line":28},"22":{"loc":{"start":{"line":28,"column":24},"end":{"line":28,"column":43}},"type":"binary-expr","locations":[{"start":{"line":28,"column":24},"end":{"line":28,"column":25}},{"start":{"line":28,"column":29},"end":{"line":28,"column":43}}],"line":28},"23":{"loc":{"start":{"line":29,"column":20},"end":{"line":29,"column":42}},"type":"if","locations":[{"start":{"line":29,"column":20},"end":{"line":29,"column":42}},{"start":{"line":29,"column":20},"end":{"line":29,"column":42}}],"line":29},"24":{"loc":{"start":{"line":34,"column":8},"end":{"line":34,"column":35}},"type":"if","locations":[{"start":{"line":34,"column":8},"end":{"line":34,"column":35}},{"start":{"line":34,"column":8},"end":{"line":34,"column":35}}],"line":34},"25":{"loc":{"start":{"line":34,"column":52},"end":{"line":34,"column":74}},"type":"cond-expr","locations":[{"start":{"line":34,"column":60},"end":{"line":34,"column":65}},{"start":{"line":34,"column":68},"end":{"line":34,"column":74}}],"line":34}},"s":{"0":4,"1":15,"2":0,"3":0,"4":0,"5":0,"6":0,"7":0,"8":15,"9":0,"10":15,"11":4,"12":15,"13":0,"14":0,"15":0,"16":15,"17":0,"18":45,"19":15,"20":15,"21":0,"22":15,"23":30,"24":30,"25":0,"26":30,"27":0,"28":30,"29":15,"30":15,"31":0,"32":0,"33":0,"34":0,"35":0,"36":0,"37":0,"38":0,"39":0,"40":15,"41":15,"42":15,"43":0,"44":0,"45":0,"46":0,"47":0,"48":0,"49":0,"50":0,"51":0,"52":0,"53":0,"54":0,"55":0,"56":0,"57":0,"58":15,"59":0,"60":0,"61":30,"62":15,"63":0,"64":15,"65":4,"66":4,"67":4,"68":3,"69":4,"70":6,"71":6,"72":6,"73":4,"74":9,"75":9,"76":9,"77":4,"78":4},"f":{"0":15,"1":15,"2":0,"3":0,"4":15,"5":0,"6":15,"7":0,"8":0,"9":45,"10":15,"11":15,"12":4,"13":3,"14":6,"15":6,"16":6,"17":9,"18":9,"19":9},"b":{"0":[4,4,4],"1":[15,15],"2":[15,0],"3":[15,15],"4":[4,4,4],"5":[0,0],"6":[15,15],"7":[0,15],"8":[0,30],"9":[30,0,0],"10":[0,0],"11":[0,0],"12":[0,30],"13":[15,15,0,0,0,15],"14":[15,0],"15":[15,15,15],"16":[15,0],"17":[0,0],"18":[0,0,0,0],"19":[0,0],"20":[0,0],"21":[0,0],"22":[0,0],"23":[0,0],"24":[0,15],"25":[15,0]},"_coverageSchema":"332fd63041d2c1bcb487cc26dd0d5f7d97098a6c","hash":"d5bba1fd04ec6849872795e1a5edafee2ebde702"}
,"/Users/anthonyvisalli/Desktop/Clark/user/dist/drivers/MongoDriver.js": {"path":"/Users/anthonyvisalli/Desktop/Clark/user/dist/drivers/MongoDriver.js","statementMap":{"0":{"start":{"line":2,"column":16},"end":{"line":9,"column":1}},"1":{"start":{"line":3,"column":4},"end":{"line":8,"column":7}},"2":{"start":{"line":4,"column":36},"end":{"line":4,"column":97}},"3":{"start":{"line":4,"column":42},"end":{"line":4,"column":70}},"4":{"start":{"line":4,"column":85},"end":{"line":4,"column":95}},"5":{"start":{"line":5,"column":35},"end":{"line":5,"column":100}},"6":{"start":{"line":5,"column":41},"end":{"line":5,"column":73}},"7":{"start":{"line":5,"column":88},"end":{"line":5,"column":98}},"8":{"start":{"line":6,"column":32},"end":{"line":6,"column":149}},"9":{"start":{"line":6,"column":97},"end":{"line":6,"column":119}},"10":{"start":{"line":7,"column":8},"end":{"line":7,"column":78}},"11":{"start":{"line":10,"column":18},"end":{"line":36,"column":1}},"12":{"start":{"line":11,"column":12},"end":{"line":11,"column":104}},"13":{"start":{"line":11,"column":43},"end":{"line":11,"column":68}},"14":{"start":{"line":11,"column":57},"end":{"line":11,"column":68}},"15":{"start":{"line":11,"column":69},"end":{"line":11,"column":81}},"16":{"start":{"line":12,"column":4},"end":{"line":12,"column":157}},"17":{"start":{"line":12,"column":138},"end":{"line":12,"column":150}},"18":{"start":{"line":13,"column":23},"end":{"line":13,"column":68}},"19":{"start":{"line":13,"column":45},"end":{"line":13,"column":65}},"20":{"start":{"line":15,"column":8},"end":{"line":15,"column":70}},"21":{"start":{"line":15,"column":15},"end":{"line":15,"column":70}},"22":{"start":{"line":16,"column":8},"end":{"line":33,"column":66}},"23":{"start":{"line":16,"column":18},"end":{"line":33,"column":66}},"24":{"start":{"line":17,"column":12},"end":{"line":17,"column":127}},"25":{"start":{"line":17,"column":118},"end":{"line":17,"column":127}},"26":{"start":{"line":18,"column":12},"end":{"line":18,"column":44}},"27":{"start":{"line":18,"column":26},"end":{"line":18,"column":44}},"28":{"start":{"line":19,"column":12},"end":{"line":31,"column":13}},"29":{"start":{"line":20,"column":32},"end":{"line":20,"column":39}},"30":{"start":{"line":20,"column":40},"end":{"line":20,"column":46}},"31":{"start":{"line":21,"column":24},"end":{"line":21,"column":34}},"32":{"start":{"line":21,"column":35},"end":{"line":21,"column":72}},"33":{"start":{"line":22,"column":24},"end":{"line":22,"column":34}},"34":{"start":{"line":22,"column":35},"end":{"line":22,"column":45}},"35":{"start":{"line":22,"column":46},"end":{"line":22,"column":55}},"36":{"start":{"line":22,"column":56},"end":{"line":22,"column":65}},"37":{"start":{"line":23,"column":24},"end":{"line":23,"column":41}},"38":{"start":{"line":23,"column":42},"end":{"line":23,"column":55}},"39":{"start":{"line":23,"column":56},"end":{"line":23,"column":65}},"40":{"start":{"line":25,"column":20},"end":{"line":25,"column":128}},"41":{"start":{"line":25,"column":110},"end":{"line":25,"column":116}},"42":{"start":{"line":25,"column":117},"end":{"line":25,"column":126}},"43":{"start":{"line":26,"column":20},"end":{"line":26,"column":106}},"44":{"start":{"line":26,"column":81},"end":{"line":26,"column":97}},"45":{"start":{"line":26,"column":98},"end":{"line":26,"column":104}},"46":{"start":{"line":27,"column":20},"end":{"line":27,"column":89}},"47":{"start":{"line":27,"column":57},"end":{"line":27,"column":72}},"48":{"start":{"line":27,"column":73},"end":{"line":27,"column":80}},"49":{"start":{"line":27,"column":81},"end":{"line":27,"column":87}},"50":{"start":{"line":28,"column":20},"end":{"line":28,"column":87}},"51":{"start":{"line":28,"column":47},"end":{"line":28,"column":62}},"52":{"start":{"line":28,"column":63},"end":{"line":28,"column":78}},"53":{"start":{"line":28,"column":79},"end":{"line":28,"column":85}},"54":{"start":{"line":29,"column":20},"end":{"line":29,"column":42}},"55":{"start":{"line":29,"column":30},"end":{"line":29,"column":42}},"56":{"start":{"line":30,"column":20},"end":{"line":30,"column":33}},"57":{"start":{"line":30,"column":34},"end":{"line":30,"column":43}},"58":{"start":{"line":32,"column":12},"end":{"line":32,"column":39}},"59":{"start":{"line":33,"column":22},"end":{"line":33,"column":34}},"60":{"start":{"line":33,"column":35},"end":{"line":33,"column":41}},"61":{"start":{"line":33,"column":54},"end":{"line":33,"column":64}},"62":{"start":{"line":34,"column":8},"end":{"line":34,"column":35}},"63":{"start":{"line":34,"column":23},"end":{"line":34,"column":35}},"64":{"start":{"line":34,"column":36},"end":{"line":34,"column":89}},"65":{"start":{"line":37,"column":15},"end":{"line":46,"column":1}},"66":{"start":{"line":38,"column":12},"end":{"line":38,"column":62}},"67":{"start":{"line":38,"column":68},"end":{"line":38,"column":69}},"68":{"start":{"line":39,"column":4},"end":{"line":39,"column":28}},"69":{"start":{"line":39,"column":11},"end":{"line":39,"column":28}},"70":{"start":{"line":40,"column":4},"end":{"line":45,"column":6}},"71":{"start":{"line":42,"column":12},"end":{"line":42,"column":47}},"72":{"start":{"line":42,"column":36},"end":{"line":42,"column":47}},"73":{"start":{"line":43,"column":12},"end":{"line":43,"column":52}},"74":{"start":{"line":47,"column":0},"end":{"line":47,"column":62}},"75":{"start":{"line":48,"column":16},"end":{"line":48,"column":34}},"76":{"start":{"line":49,"column":21},"end":{"line":49,"column":55}},"77":{"start":{"line":50,"column":13},"end":{"line":50,"column":30}},"78":{"start":{"line":51,"column":0},"end":{"line":51,"column":16}},"79":{"start":{"line":52,"column":33},"end":{"line":106,"column":3}},"80":{"start":{"line":55,"column":4},"end":{"line":67,"column":6}},"81":{"start":{"line":68,"column":4},"end":{"line":88,"column":6}},"82":{"start":{"line":89,"column":4},"end":{"line":101,"column":6}},"83":{"start":{"line":102,"column":4},"end":{"line":102,"column":55}},"84":{"start":{"line":103,"column":4},"end":{"line":103,"column":67}},"85":{"start":{"line":104,"column":4},"end":{"line":104,"column":48}},"86":{"start":{"line":105,"column":4},"end":{"line":105,"column":23}},"87":{"start":{"line":107,"column":0},"end":{"line":107,"column":34}},"88":{"start":{"line":108,"column":22},"end":{"line":108,"column":31}},"89":{"start":{"line":109,"column":0},"end":{"line":109,"column":46}},"90":{"start":{"line":110,"column":0},"end":{"line":110,"column":66}},"91":{"start":{"line":111,"column":0},"end":{"line":111,"column":68}},"92":{"start":{"line":112,"column":0},"end":{"line":112,"column":68}},"93":{"start":{"line":113,"column":0},"end":{"line":113,"column":86}},"94":{"start":{"line":114,"column":0},"end":{"line":114,"column":52}},"95":{"start":{"line":115,"column":33},"end":{"line":963,"column":3}},"96":{"start":{"line":117,"column":20},"end":{"line":123,"column":65}},"97":{"start":{"line":124,"column":8},"end":{"line":124,"column":28}},"98":{"start":{"line":140,"column":4},"end":{"line":165,"column":6}},"99":{"start":{"line":141,"column":8},"end":{"line":164,"column":11}},"100":{"start":{"line":143,"column":12},"end":{"line":163,"column":15}},"101":{"start":{"line":144,"column":16},"end":{"line":162,"column":17}},"102":{"start":{"line":146,"column":24},"end":{"line":146,"column":50}},"103":{"start":{"line":147,"column":24},"end":{"line":147,"column":34}},"104":{"start":{"line":148,"column":24},"end":{"line":148,"column":83}},"105":{"start":{"line":150,"column":24},"end":{"line":150,"column":42}},"106":{"start":{"line":151,"column":24},"end":{"line":151,"column":48}},"107":{"start":{"line":153,"column":24},"end":{"line":153,"column":40}},"108":{"start":{"line":154,"column":24},"end":{"line":159,"column":25}},"109":{"start":{"line":155,"column":28},"end":{"line":155,"column":51}},"110":{"start":{"line":158,"column":28},"end":{"line":158,"column":128}},"111":{"start":{"line":160,"column":24},"end":{"line":160,"column":48}},"112":{"start":{"line":161,"column":28},"end":{"line":161,"column":50}},"113":{"start":{"line":171,"column":4},"end":{"line":173,"column":6}},"114":{"start":{"line":172,"column":8},"end":{"line":172,"column":24}},"115":{"start":{"line":181,"column":4},"end":{"line":211,"column":6}},"116":{"start":{"line":182,"column":8},"end":{"line":210,"column":11}},"117":{"start":{"line":184,"column":12},"end":{"line":209,"column":15}},"118":{"start":{"line":185,"column":16},"end":{"line":208,"column":17}},"119":{"start":{"line":187,"column":24},"end":{"line":187,"column":50}},"120":{"start":{"line":188,"column":24},"end":{"line":188,"column":35}},"121":{"start":{"line":189,"column":24},"end":{"line":194,"column":25}},"122":{"start":{"line":190,"column":28},"end":{"line":190,"column":51}},"123":{"start":{"line":193,"column":28},"end":{"line":193,"column":54}},"124":{"start":{"line":195,"column":24},"end":{"line":197,"column":73}},"125":{"start":{"line":199,"column":24},"end":{"line":199,"column":43}},"126":{"start":{"line":200,"column":24},"end":{"line":202,"column":25}},"127":{"start":{"line":201,"column":28},"end":{"line":201,"column":56}},"128":{"start":{"line":203,"column":24},"end":{"line":203,"column":53}},"129":{"start":{"line":205,"column":24},"end":{"line":205,"column":40}},"130":{"start":{"line":206,"column":24},"end":{"line":206,"column":67}},"131":{"start":{"line":207,"column":28},"end":{"line":207,"column":50}},"132":{"start":{"line":220,"column":4},"end":{"line":239,"column":6}},"133":{"start":{"line":221,"column":8},"end":{"line":238,"column":11}},"134":{"start":{"line":223,"column":12},"end":{"line":237,"column":15}},"135":{"start":{"line":224,"column":16},"end":{"line":236,"column":17}},"136":{"start":{"line":226,"column":24},"end":{"line":226,"column":50}},"137":{"start":{"line":227,"column":24},"end":{"line":227,"column":64}},"138":{"start":{"line":228,"column":24},"end":{"line":228,"column":85}},"139":{"start":{"line":230,"column":24},"end":{"line":230,"column":34}},"140":{"start":{"line":231,"column":24},"end":{"line":231,"column":59}},"141":{"start":{"line":233,"column":24},"end":{"line":233,"column":40}},"142":{"start":{"line":234,"column":24},"end":{"line":234,"column":67}},"143":{"start":{"line":235,"column":28},"end":{"line":235,"column":50}},"144":{"start":{"line":248,"column":4},"end":{"line":278,"column":6}},"145":{"start":{"line":249,"column":8},"end":{"line":277,"column":11}},"146":{"start":{"line":251,"column":12},"end":{"line":276,"column":15}},"147":{"start":{"line":252,"column":16},"end":{"line":275,"column":17}},"148":{"start":{"line":254,"column":24},"end":{"line":254,"column":50}},"149":{"start":{"line":255,"column":24},"end":{"line":255,"column":35}},"150":{"start":{"line":256,"column":24},"end":{"line":261,"column":25}},"151":{"start":{"line":257,"column":28},"end":{"line":257,"column":51}},"152":{"start":{"line":260,"column":28},"end":{"line":260,"column":54}},"153":{"start":{"line":262,"column":24},"end":{"line":264,"column":61}},"154":{"start":{"line":266,"column":24},"end":{"line":266,"column":47}},"155":{"start":{"line":267,"column":24},"end":{"line":269,"column":25}},"156":{"start":{"line":268,"column":28},"end":{"line":268,"column":125}},"157":{"start":{"line":270,"column":24},"end":{"line":270,"column":67}},"158":{"start":{"line":272,"column":24},"end":{"line":272,"column":40}},"159":{"start":{"line":273,"column":24},"end":{"line":273,"column":67}},"160":{"start":{"line":274,"column":28},"end":{"line":274,"column":50}},"161":{"start":{"line":279,"column":4},"end":{"line":324,"column":6}},"162":{"start":{"line":280,"column":8},"end":{"line":323,"column":11}},"163":{"start":{"line":281,"column":24},"end":{"line":281,"column":28}},"164":{"start":{"line":283,"column":12},"end":{"line":322,"column":15}},"165":{"start":{"line":284,"column":16},"end":{"line":321,"column":17}},"166":{"start":{"line":286,"column":24},"end":{"line":286,"column":50}},"167":{"start":{"line":287,"column":24},"end":{"line":287,"column":49}},"168":{"start":{"line":288,"column":24},"end":{"line":290,"column":25}},"169":{"start":{"line":289,"column":28},"end":{"line":289,"column":43}},"170":{"start":{"line":291,"column":24},"end":{"line":291,"column":45}},"171":{"start":{"line":292,"column":24},"end":{"line":292,"column":102}},"172":{"start":{"line":293,"column":24},"end":{"line":293,"column":48}},"173":{"start":{"line":294,"column":24},"end":{"line":294,"column":51}},"174":{"start":{"line":295,"column":24},"end":{"line":295,"column":64}},"175":{"start":{"line":296,"column":24},"end":{"line":299,"column":74}},"176":{"start":{"line":301,"column":24},"end":{"line":301,"column":49}},"177":{"start":{"line":302,"column":24},"end":{"line":302,"column":67}},"178":{"start":{"line":304,"column":24},"end":{"line":304,"column":42}},"179":{"start":{"line":305,"column":24},"end":{"line":308,"column":83}},"180":{"start":{"line":309,"column":24},"end":{"line":311,"column":43}},"181":{"start":{"line":312,"column":24},"end":{"line":312,"column":69}},"182":{"start":{"line":314,"column":24},"end":{"line":314,"column":45}},"183":{"start":{"line":315,"column":24},"end":{"line":315,"column":99}},"184":{"start":{"line":315,"column":63},"end":{"line":315,"column":95}},"185":{"start":{"line":316,"column":24},"end":{"line":316,"column":78}},"186":{"start":{"line":318,"column":24},"end":{"line":318,"column":40}},"187":{"start":{"line":319,"column":24},"end":{"line":319,"column":67}},"188":{"start":{"line":320,"column":28},"end":{"line":320,"column":50}},"189":{"start":{"line":325,"column":4},"end":{"line":352,"column":6}},"190":{"start":{"line":326,"column":8},"end":{"line":326,"column":26}},"191":{"start":{"line":327,"column":8},"end":{"line":327,"column":27}},"192":{"start":{"line":328,"column":8},"end":{"line":328,"column":29}},"193":{"start":{"line":329,"column":8},"end":{"line":329,"column":30}},"194":{"start":{"line":330,"column":25},"end":{"line":344,"column":9}},"195":{"start":{"line":345,"column":8},"end":{"line":347,"column":9}},"196":{"start":{"line":346,"column":12},"end":{"line":346,"column":22}},"197":{"start":{"line":348,"column":8},"end":{"line":350,"column":9}},"198":{"start":{"line":349,"column":12},"end":{"line":349,"column":253}},"199":{"start":{"line":351,"column":8},"end":{"line":351,"column":26}},"200":{"start":{"line":361,"column":4},"end":{"line":380,"column":6}},"201":{"start":{"line":362,"column":8},"end":{"line":379,"column":11}},"202":{"start":{"line":364,"column":12},"end":{"line":378,"column":15}},"203":{"start":{"line":365,"column":16},"end":{"line":377,"column":17}},"204":{"start":{"line":367,"column":24},"end":{"line":367,"column":50}},"205":{"start":{"line":368,"column":24},"end":{"line":368,"column":79}},"206":{"start":{"line":370,"column":24},"end":{"line":370,"column":47}},"207":{"start":{"line":371,"column":24},"end":{"line":371,"column":61}},"208":{"start":{"line":372,"column":24},"end":{"line":372,"column":52}},"209":{"start":{"line":374,"column":24},"end":{"line":374,"column":40}},"210":{"start":{"line":375,"column":24},"end":{"line":375,"column":67}},"211":{"start":{"line":376,"column":28},"end":{"line":376,"column":50}},"212":{"start":{"line":381,"column":4},"end":{"line":404,"column":6}},"213":{"start":{"line":382,"column":8},"end":{"line":403,"column":11}},"214":{"start":{"line":384,"column":12},"end":{"line":402,"column":15}},"215":{"start":{"line":385,"column":16},"end":{"line":401,"column":17}},"216":{"start":{"line":387,"column":24},"end":{"line":387,"column":50}},"217":{"start":{"line":388,"column":24},"end":{"line":389,"column":67}},"218":{"start":{"line":389,"column":28},"end":{"line":389,"column":67}},"219":{"start":{"line":390,"column":24},"end":{"line":392,"column":32}},"220":{"start":{"line":394,"column":24},"end":{"line":394,"column":34}},"221":{"start":{"line":395,"column":24},"end":{"line":395,"column":64}},"222":{"start":{"line":396,"column":28},"end":{"line":396,"column":61}},"223":{"start":{"line":398,"column":24},"end":{"line":398,"column":40}},"224":{"start":{"line":399,"column":24},"end":{"line":399,"column":67}},"225":{"start":{"line":400,"column":28},"end":{"line":400,"column":50}},"226":{"start":{"line":411,"column":4},"end":{"line":417,"column":6}},"227":{"start":{"line":412,"column":8},"end":{"line":416,"column":11}},"228":{"start":{"line":413,"column":12},"end":{"line":415,"column":15}},"229":{"start":{"line":414,"column":16},"end":{"line":414,"column":73}},"230":{"start":{"line":418,"column":4},"end":{"line":436,"column":6}},"231":{"start":{"line":419,"column":8},"end":{"line":435,"column":11}},"232":{"start":{"line":421,"column":12},"end":{"line":434,"column":15}},"233":{"start":{"line":422,"column":16},"end":{"line":433,"column":17}},"234":{"start":{"line":424,"column":24},"end":{"line":424,"column":50}},"235":{"start":{"line":425,"column":24},"end":{"line":425,"column":110}},"236":{"start":{"line":427,"column":24},"end":{"line":427,"column":34}},"237":{"start":{"line":428,"column":24},"end":{"line":428,"column":48}},"238":{"start":{"line":430,"column":24},"end":{"line":430,"column":40}},"239":{"start":{"line":431,"column":24},"end":{"line":431,"column":67}},"240":{"start":{"line":432,"column":28},"end":{"line":432,"column":50}},"241":{"start":{"line":437,"column":4},"end":{"line":459,"column":6}},"242":{"start":{"line":438,"column":8},"end":{"line":458,"column":11}},"243":{"start":{"line":440,"column":12},"end":{"line":457,"column":15}},"244":{"start":{"line":441,"column":16},"end":{"line":456,"column":17}},"245":{"start":{"line":443,"column":24},"end":{"line":443,"column":50}},"246":{"start":{"line":444,"column":24},"end":{"line":446,"column":58}},"247":{"start":{"line":448,"column":24},"end":{"line":448,"column":50}},"248":{"start":{"line":449,"column":24},"end":{"line":451,"column":69}},"249":{"start":{"line":453,"column":24},"end":{"line":453,"column":40}},"250":{"start":{"line":454,"column":24},"end":{"line":454,"column":67}},"251":{"start":{"line":455,"column":28},"end":{"line":455,"column":50}},"252":{"start":{"line":460,"column":4},"end":{"line":478,"column":6}},"253":{"start":{"line":461,"column":8},"end":{"line":477,"column":11}},"254":{"start":{"line":463,"column":12},"end":{"line":476,"column":15}},"255":{"start":{"line":464,"column":16},"end":{"line":475,"column":17}},"256":{"start":{"line":466,"column":24},"end":{"line":466,"column":50}},"257":{"start":{"line":467,"column":24},"end":{"line":467,"column":113}},"258":{"start":{"line":469,"column":24},"end":{"line":469,"column":34}},"259":{"start":{"line":470,"column":24},"end":{"line":470,"column":48}},"260":{"start":{"line":472,"column":24},"end":{"line":472,"column":41}},"261":{"start":{"line":473,"column":24},"end":{"line":473,"column":68}},"262":{"start":{"line":474,"column":28},"end":{"line":474,"column":50}},"263":{"start":{"line":482,"column":4},"end":{"line":504,"column":6}},"264":{"start":{"line":483,"column":27},"end":{"line":492,"column":9}},"265":{"start":{"line":493,"column":8},"end":{"line":495,"column":9}},"266":{"start":{"line":494,"column":12},"end":{"line":494,"column":36}},"267":{"start":{"line":496,"column":8},"end":{"line":502,"column":9}},"268":{"start":{"line":497,"column":12},"end":{"line":497,"column":70}},"269":{"start":{"line":498,"column":12},"end":{"line":498,"column":47}},"270":{"start":{"line":499,"column":12},"end":{"line":499,"column":34}},"271":{"start":{"line":501,"column":12},"end":{"line":501,"column":62}},"272":{"start":{"line":503,"column":8},"end":{"line":503,"column":28}},"273":{"start":{"line":505,"column":4},"end":{"line":517,"column":6}},"274":{"start":{"line":506,"column":19},"end":{"line":506,"column":144}},"275":{"start":{"line":508,"column":8},"end":{"line":510,"column":20}},"276":{"start":{"line":512,"column":8},"end":{"line":512,"column":34}},"277":{"start":{"line":514,"column":8},"end":{"line":514,"column":49}},"278":{"start":{"line":515,"column":8},"end":{"line":515,"column":55}},"279":{"start":{"line":516,"column":8},"end":{"line":516,"column":20}},"280":{"start":{"line":528,"column":4},"end":{"line":608,"column":6}},"281":{"start":{"line":529,"column":8},"end":{"line":607,"column":11}},"282":{"start":{"line":531,"column":12},"end":{"line":606,"column":15}},"283":{"start":{"line":532,"column":16},"end":{"line":605,"column":17}},"284":{"start":{"line":534,"column":24},"end":{"line":534,"column":52}},"285":{"start":{"line":535,"column":24},"end":{"line":535,"column":64}},"286":{"start":{"line":535,"column":39},"end":{"line":535,"column":64}},"287":{"start":{"line":536,"column":24},"end":{"line":536,"column":37}},"288":{"start":{"line":538,"column":24},"end":{"line":538,"column":54}},"289":{"start":{"line":539,"column":24},"end":{"line":539,"column":90}},"290":{"start":{"line":540,"column":24},"end":{"line":540,"column":37}},"291":{"start":{"line":542,"column":24},"end":{"line":542,"column":74}},"292":{"start":{"line":542,"column":49},"end":{"line":542,"column":74}},"293":{"start":{"line":543,"column":24},"end":{"line":543,"column":53}},"294":{"start":{"line":544,"column":24},"end":{"line":544,"column":44}},"295":{"start":{"line":545,"column":24},"end":{"line":545,"column":52}},"296":{"start":{"line":546,"column":24},"end":{"line":547,"column":42}},"297":{"start":{"line":547,"column":28},"end":{"line":547,"column":42}},"298":{"start":{"line":548,"column":24},"end":{"line":548,"column":37}},"299":{"start":{"line":550,"column":24},"end":{"line":550,"column":52}},"300":{"start":{"line":551,"column":24},"end":{"line":551,"column":74}},"301":{"start":{"line":552,"column":24},"end":{"line":552,"column":37}},"302":{"start":{"line":554,"column":24},"end":{"line":554,"column":69}},"303":{"start":{"line":554,"column":45},"end":{"line":554,"column":69}},"304":{"start":{"line":555,"column":24},"end":{"line":555,"column":45}},"305":{"start":{"line":556,"column":24},"end":{"line":556,"column":70}},"306":{"start":{"line":557,"column":24},"end":{"line":559,"column":54}},"307":{"start":{"line":561,"column":24},"end":{"line":561,"column":42}},"308":{"start":{"line":562,"column":24},"end":{"line":570,"column":25}},"309":{"start":{"line":563,"column":28},"end":{"line":569,"column":52}},"310":{"start":{"line":571,"column":24},"end":{"line":571,"column":37}},"311":{"start":{"line":573,"column":24},"end":{"line":573,"column":49}},"312":{"start":{"line":574,"column":24},"end":{"line":574,"column":48}},"313":{"start":{"line":575,"column":28},"end":{"line":575,"column":53}},"314":{"start":{"line":577,"column":24},"end":{"line":577,"column":43}},"315":{"start":{"line":578,"column":24},"end":{"line":578,"column":49}},"316":{"start":{"line":579,"column":24},"end":{"line":579,"column":49}},"317":{"start":{"line":581,"column":24},"end":{"line":584,"column":63}},"318":{"start":{"line":582,"column":28},"end":{"line":582,"column":100}},"319":{"start":{"line":582,"column":84},"end":{"line":582,"column":100}},"320":{"start":{"line":584,"column":34},"end":{"line":584,"column":61}},"321":{"start":{"line":584,"column":44},"end":{"line":584,"column":61}},"322":{"start":{"line":585,"column":24},"end":{"line":585,"column":50}},"323":{"start":{"line":587,"column":24},"end":{"line":587,"column":57}},"324":{"start":{"line":588,"column":24},"end":{"line":588,"column":48}},"325":{"start":{"line":589,"column":29},"end":{"line":589,"column":54}},"326":{"start":{"line":591,"column":24},"end":{"line":591,"column":43}},"327":{"start":{"line":592,"column":24},"end":{"line":592,"column":49}},"328":{"start":{"line":593,"column":24},"end":{"line":593,"column":49}},"329":{"start":{"line":595,"column":24},"end":{"line":598,"column":63}},"330":{"start":{"line":596,"column":28},"end":{"line":596,"column":116}},"331":{"start":{"line":596,"column":96},"end":{"line":596,"column":116}},"332":{"start":{"line":598,"column":34},"end":{"line":598,"column":61}},"333":{"start":{"line":598,"column":44},"end":{"line":598,"column":61}},"334":{"start":{"line":599,"column":24},"end":{"line":599,"column":50}},"335":{"start":{"line":600,"column":29},"end":{"line":600,"column":70}},"336":{"start":{"line":602,"column":24},"end":{"line":602,"column":41}},"337":{"start":{"line":603,"column":24},"end":{"line":603,"column":112}},"338":{"start":{"line":604,"column":29},"end":{"line":604,"column":51}},"339":{"start":{"line":618,"column":4},"end":{"line":656,"column":6}},"340":{"start":{"line":619,"column":8},"end":{"line":655,"column":11}},"341":{"start":{"line":621,"column":12},"end":{"line":654,"column":15}},"342":{"start":{"line":622,"column":16},"end":{"line":653,"column":17}},"343":{"start":{"line":624,"column":24},"end":{"line":624,"column":50}},"344":{"start":{"line":625,"column":24},"end":{"line":627,"column":58}},"345":{"start":{"line":629,"column":24},"end":{"line":629,"column":43}},"346":{"start":{"line":630,"column":24},"end":{"line":635,"column":25}},"347":{"start":{"line":631,"column":28},"end":{"line":634,"column":54}},"348":{"start":{"line":636,"column":24},"end":{"line":636,"column":37}},"349":{"start":{"line":637,"column":24},"end":{"line":637,"column":49}},"350":{"start":{"line":638,"column":24},"end":{"line":640,"column":80}},"351":{"start":{"line":642,"column":24},"end":{"line":642,"column":34}},"352":{"start":{"line":643,"column":24},"end":{"line":643,"column":65}},"353":{"start":{"line":645,"column":24},"end":{"line":645,"column":41}},"354":{"start":{"line":646,"column":24},"end":{"line":651,"column":39}},"355":{"start":{"line":652,"column":28},"end":{"line":652,"column":50}},"356":{"start":{"line":666,"column":4},"end":{"line":709,"column":6}},"357":{"start":{"line":667,"column":8},"end":{"line":708,"column":11}},"358":{"start":{"line":669,"column":12},"end":{"line":707,"column":15}},"359":{"start":{"line":670,"column":16},"end":{"line":706,"column":17}},"360":{"start":{"line":672,"column":24},"end":{"line":672,"column":50}},"361":{"start":{"line":673,"column":24},"end":{"line":675,"column":58}},"362":{"start":{"line":677,"column":24},"end":{"line":677,"column":43}},"363":{"start":{"line":678,"column":24},"end":{"line":680,"column":25}},"364":{"start":{"line":679,"column":28},"end":{"line":679,"column":138}},"365":{"start":{"line":681,"column":24},"end":{"line":688,"column":25}},"366":{"start":{"line":682,"column":28},"end":{"line":687,"column":43}},"367":{"start":{"line":689,"column":24},"end":{"line":689,"column":37}},"368":{"start":{"line":690,"column":24},"end":{"line":690,"column":49}},"369":{"start":{"line":691,"column":24},"end":{"line":693,"column":80}},"370":{"start":{"line":695,"column":24},"end":{"line":695,"column":34}},"371":{"start":{"line":696,"column":24},"end":{"line":696,"column":65}},"372":{"start":{"line":698,"column":24},"end":{"line":698,"column":41}},"373":{"start":{"line":699,"column":24},"end":{"line":704,"column":39}},"374":{"start":{"line":705,"column":28},"end":{"line":705,"column":50}},"375":{"start":{"line":719,"column":4},"end":{"line":778,"column":6}},"376":{"start":{"line":720,"column":8},"end":{"line":777,"column":11}},"377":{"start":{"line":722,"column":12},"end":{"line":776,"column":15}},"378":{"start":{"line":723,"column":16},"end":{"line":775,"column":17}},"379":{"start":{"line":725,"column":24},"end":{"line":725,"column":52}},"380":{"start":{"line":726,"column":24},"end":{"line":726,"column":55}},"381":{"start":{"line":727,"column":24},"end":{"line":727,"column":63}},"382":{"start":{"line":727,"column":39},"end":{"line":727,"column":63}},"383":{"start":{"line":729,"column":24},"end":{"line":729,"column":89}},"384":{"start":{"line":732,"column":24},"end":{"line":732,"column":34}},"385":{"start":{"line":733,"column":24},"end":{"line":733,"column":37}},"386":{"start":{"line":734,"column":28},"end":{"line":736,"column":48}},"387":{"start":{"line":738,"column":24},"end":{"line":738,"column":43}},"388":{"start":{"line":739,"column":24},"end":{"line":739,"column":47}},"389":{"start":{"line":740,"column":24},"end":{"line":740,"column":64}},"390":{"start":{"line":740,"column":39},"end":{"line":740,"column":64}},"391":{"start":{"line":741,"column":24},"end":{"line":741,"column":37}},"392":{"start":{"line":743,"column":24},"end":{"line":743,"column":53}},"393":{"start":{"line":744,"column":24},"end":{"line":744,"column":90}},"394":{"start":{"line":745,"column":24},"end":{"line":745,"column":37}},"395":{"start":{"line":747,"column":24},"end":{"line":747,"column":73}},"396":{"start":{"line":747,"column":49},"end":{"line":747,"column":73}},"397":{"start":{"line":748,"column":24},"end":{"line":748,"column":53}},"398":{"start":{"line":749,"column":24},"end":{"line":749,"column":44}},"399":{"start":{"line":750,"column":24},"end":{"line":750,"column":85}},"400":{"start":{"line":750,"column":61},"end":{"line":750,"column":85}},"401":{"start":{"line":751,"column":24},"end":{"line":751,"column":72}},"402":{"start":{"line":752,"column":24},"end":{"line":752,"column":120}},"403":{"start":{"line":754,"column":24},"end":{"line":754,"column":34}},"404":{"start":{"line":755,"column":24},"end":{"line":755,"column":37}},"405":{"start":{"line":757,"column":24},"end":{"line":757,"column":57}},"406":{"start":{"line":758,"column":24},"end":{"line":758,"column":48}},"407":{"start":{"line":759,"column":28},"end":{"line":759,"column":53}},"408":{"start":{"line":761,"column":24},"end":{"line":761,"column":43}},"409":{"start":{"line":762,"column":24},"end":{"line":762,"column":49}},"410":{"start":{"line":763,"column":24},"end":{"line":763,"column":49}},"411":{"start":{"line":765,"column":24},"end":{"line":768,"column":63}},"412":{"start":{"line":766,"column":28},"end":{"line":766,"column":116}},"413":{"start":{"line":766,"column":96},"end":{"line":766,"column":116}},"414":{"start":{"line":768,"column":34},"end":{"line":768,"column":61}},"415":{"start":{"line":768,"column":44},"end":{"line":768,"column":61}},"416":{"start":{"line":769,"column":24},"end":{"line":769,"column":50}},"417":{"start":{"line":770,"column":29},"end":{"line":770,"column":77}},"418":{"start":{"line":772,"column":24},"end":{"line":772,"column":41}},"419":{"start":{"line":773,"column":24},"end":{"line":773,"column":121}},"420":{"start":{"line":774,"column":29},"end":{"line":774,"column":51}},"421":{"start":{"line":787,"column":4},"end":{"line":813,"column":6}},"422":{"start":{"line":788,"column":8},"end":{"line":812,"column":11}},"423":{"start":{"line":790,"column":12},"end":{"line":811,"column":15}},"424":{"start":{"line":791,"column":16},"end":{"line":810,"column":17}},"425":{"start":{"line":793,"column":24},"end":{"line":793,"column":50}},"426":{"start":{"line":796,"column":24},"end":{"line":798,"column":75}},"427":{"start":{"line":802,"column":24},"end":{"line":802,"column":34}},"428":{"start":{"line":804,"column":24},"end":{"line":804,"column":65}},"429":{"start":{"line":806,"column":24},"end":{"line":806,"column":41}},"430":{"start":{"line":807,"column":24},"end":{"line":807,"column":42}},"431":{"start":{"line":808,"column":24},"end":{"line":808,"column":119}},"432":{"start":{"line":809,"column":28},"end":{"line":809,"column":50}},"433":{"start":{"line":821,"column":4},"end":{"line":935,"column":6}},"434":{"start":{"line":822,"column":8},"end":{"line":934,"column":11}},"435":{"start":{"line":824,"column":12},"end":{"line":933,"column":15}},"436":{"start":{"line":825,"column":16},"end":{"line":932,"column":17}},"437":{"start":{"line":827,"column":24},"end":{"line":827,"column":52}},"438":{"start":{"line":828,"column":24},"end":{"line":830,"column":55}},"439":{"start":{"line":832,"column":24},"end":{"line":832,"column":43}},"440":{"start":{"line":833,"column":24},"end":{"line":833,"column":55}},"441":{"start":{"line":834,"column":24},"end":{"line":834,"column":64}},"442":{"start":{"line":834,"column":39},"end":{"line":834,"column":64}},"443":{"start":{"line":835,"column":24},"end":{"line":835,"column":37}},"444":{"start":{"line":837,"column":24},"end":{"line":837,"column":54}},"445":{"start":{"line":838,"column":24},"end":{"line":838,"column":90}},"446":{"start":{"line":839,"column":24},"end":{"line":839,"column":37}},"447":{"start":{"line":841,"column":24},"end":{"line":841,"column":74}},"448":{"start":{"line":841,"column":49},"end":{"line":841,"column":74}},"449":{"start":{"line":842,"column":24},"end":{"line":842,"column":53}},"450":{"start":{"line":843,"column":24},"end":{"line":843,"column":44}},"451":{"start":{"line":844,"column":24},"end":{"line":844,"column":66}},"452":{"start":{"line":844,"column":41},"end":{"line":844,"column":66}},"453":{"start":{"line":845,"column":24},"end":{"line":845,"column":52}},"454":{"start":{"line":846,"column":24},"end":{"line":847,"column":42}},"455":{"start":{"line":847,"column":28},"end":{"line":847,"column":42}},"456":{"start":{"line":848,"column":24},"end":{"line":848,"column":37}},"457":{"start":{"line":850,"column":24},"end":{"line":850,"column":53}},"458":{"start":{"line":851,"column":24},"end":{"line":851,"column":74}},"459":{"start":{"line":852,"column":24},"end":{"line":852,"column":37}},"460":{"start":{"line":854,"column":24},"end":{"line":854,"column":69}},"461":{"start":{"line":854,"column":45},"end":{"line":854,"column":69}},"462":{"start":{"line":855,"column":24},"end":{"line":855,"column":45}},"463":{"start":{"line":856,"column":24},"end":{"line":856,"column":72}},"464":{"start":{"line":857,"column":24},"end":{"line":857,"column":77}},"465":{"start":{"line":859,"column":24},"end":{"line":859,"column":34}},"466":{"start":{"line":860,"column":24},"end":{"line":860,"column":37}},"467":{"start":{"line":862,"column":24},"end":{"line":862,"column":49}},"468":{"start":{"line":863,"column":24},"end":{"line":863,"column":48}},"469":{"start":{"line":864,"column":28},"end":{"line":864,"column":53}},"470":{"start":{"line":866,"column":24},"end":{"line":866,"column":43}},"471":{"start":{"line":867,"column":24},"end":{"line":867,"column":49}},"472":{"start":{"line":868,"column":24},"end":{"line":868,"column":49}},"473":{"start":{"line":870,"column":24},"end":{"line":873,"column":63}},"474":{"start":{"line":871,"column":28},"end":{"line":871,"column":100}},"475":{"start":{"line":871,"column":84},"end":{"line":871,"column":100}},"476":{"start":{"line":873,"column":34},"end":{"line":873,"column":61}},"477":{"start":{"line":873,"column":44},"end":{"line":873,"column":61}},"478":{"start":{"line":874,"column":24},"end":{"line":874,"column":50}},"479":{"start":{"line":876,"column":24},"end":{"line":876,"column":86}},"480":{"start":{"line":876,"column":61},"end":{"line":876,"column":86}},"481":{"start":{"line":877,"column":24},"end":{"line":877,"column":52}},"482":{"start":{"line":878,"column":24},"end":{"line":879,"column":42}},"483":{"start":{"line":879,"column":28},"end":{"line":879,"column":42}},"484":{"start":{"line":880,"column":24},"end":{"line":880,"column":38}},"485":{"start":{"line":882,"column":24},"end":{"line":882,"column":55}},"486":{"start":{"line":883,"column":24},"end":{"line":883,"column":74}},"487":{"start":{"line":884,"column":24},"end":{"line":884,"column":38}},"488":{"start":{"line":886,"column":24},"end":{"line":886,"column":70}},"489":{"start":{"line":886,"column":45},"end":{"line":886,"column":70}},"490":{"start":{"line":887,"column":24},"end":{"line":887,"column":45}},"491":{"start":{"line":888,"column":24},"end":{"line":888,"column":72}},"492":{"start":{"line":889,"column":24},"end":{"line":889,"column":100}},"493":{"start":{"line":891,"column":24},"end":{"line":891,"column":34}},"494":{"start":{"line":892,"column":24},"end":{"line":892,"column":38}},"495":{"start":{"line":894,"column":24},"end":{"line":894,"column":49}},"496":{"start":{"line":895,"column":24},"end":{"line":895,"column":49}},"497":{"start":{"line":896,"column":29},"end":{"line":896,"column":54}},"498":{"start":{"line":898,"column":24},"end":{"line":898,"column":43}},"499":{"start":{"line":899,"column":24},"end":{"line":899,"column":49}},"500":{"start":{"line":900,"column":24},"end":{"line":900,"column":49}},"501":{"start":{"line":902,"column":24},"end":{"line":905,"column":63}},"502":{"start":{"line":903,"column":28},"end":{"line":903,"column":100}},"503":{"start":{"line":903,"column":84},"end":{"line":903,"column":100}},"504":{"start":{"line":905,"column":34},"end":{"line":905,"column":61}},"505":{"start":{"line":905,"column":44},"end":{"line":905,"column":61}},"506":{"start":{"line":906,"column":24},"end":{"line":906,"column":50}},"507":{"start":{"line":908,"column":24},"end":{"line":908,"column":57}},"508":{"start":{"line":909,"column":24},"end":{"line":909,"column":48}},"509":{"start":{"line":910,"column":29},"end":{"line":910,"column":54}},"510":{"start":{"line":912,"column":24},"end":{"line":912,"column":43}},"511":{"start":{"line":913,"column":24},"end":{"line":913,"column":49}},"512":{"start":{"line":914,"column":24},"end":{"line":914,"column":49}},"513":{"start":{"line":916,"column":24},"end":{"line":919,"column":63}},"514":{"start":{"line":917,"column":28},"end":{"line":917,"column":116}},"515":{"start":{"line":917,"column":96},"end":{"line":917,"column":116}},"516":{"start":{"line":919,"column":34},"end":{"line":919,"column":61}},"517":{"start":{"line":919,"column":44},"end":{"line":919,"column":61}},"518":{"start":{"line":920,"column":24},"end":{"line":920,"column":50}},"519":{"start":{"line":923,"column":20},"end":{"line":923,"column":101}},"520":{"start":{"line":926,"column":24},"end":{"line":926,"column":34}},"521":{"start":{"line":927,"column":24},"end":{"line":927,"column":65}},"522":{"start":{"line":929,"column":24},"end":{"line":929,"column":41}},"523":{"start":{"line":930,"column":24},"end":{"line":930,"column":115}},"524":{"start":{"line":931,"column":29},"end":{"line":931,"column":51}},"525":{"start":{"line":941,"column":4},"end":{"line":961,"column":6}},"526":{"start":{"line":942,"column":8},"end":{"line":960,"column":11}},"527":{"start":{"line":944,"column":12},"end":{"line":959,"column":15}},"528":{"start":{"line":945,"column":16},"end":{"line":958,"column":17}},"529":{"start":{"line":946,"column":28},"end":{"line":948,"column":51}},"530":{"start":{"line":950,"column":24},"end":{"line":950,"column":43}},"531":{"start":{"line":951,"column":24},"end":{"line":956,"column":25}},"532":{"start":{"line":952,"column":28},"end":{"line":955,"column":57}},"533":{"start":{"line":957,"column":24},"end":{"line":957,"column":71}},"534":{"start":{"line":962,"column":4},"end":{"line":962,"column":23}},"535":{"start":{"line":964,"column":0},"end":{"line":964,"column":30}},"536":{"start":{"line":966,"column":23},"end":{"line":966,"column":175}},"537":{"start":{"line":967,"column":4},"end":{"line":969,"column":5}},"538":{"start":{"line":968,"column":8},"end":{"line":968,"column":20}},"539":{"start":{"line":970,"column":4},"end":{"line":970,"column":17}},"540":{"start":{"line":972,"column":0},"end":{"line":972,"column":26}}},"fnMap":{"0":{"name":"(anonymous_0)","decl":{"start":{"line":2,"column":44},"end":{"line":2,"column":45}},"loc":{"start":{"line":2,"column":89},"end":{"line":9,"column":1}},"line":2},"1":{"name":"(anonymous_1)","decl":{"start":{"line":3,"column":36},"end":{"line":3,"column":37}},"loc":{"start":{"line":3,"column":63},"end":{"line":8,"column":5}},"line":3},"2":{"name":"fulfilled","decl":{"start":{"line":4,"column":17},"end":{"line":4,"column":26}},"loc":{"start":{"line":4,"column":34},"end":{"line":4,"column":99}},"line":4},"3":{"name":"rejected","decl":{"start":{"line":5,"column":17},"end":{"line":5,"column":25}},"loc":{"start":{"line":5,"column":33},"end":{"line":5,"column":102}},"line":5},"4":{"name":"step","decl":{"start":{"line":6,"column":17},"end":{"line":6,"column":21}},"loc":{"start":{"line":6,"column":30},"end":{"line":6,"column":151}},"line":6},"5":{"name":"(anonymous_5)","decl":{"start":{"line":6,"column":76},"end":{"line":6,"column":77}},"loc":{"start":{"line":6,"column":95},"end":{"line":6,"column":121}},"line":6},"6":{"name":"(anonymous_6)","decl":{"start":{"line":10,"column":48},"end":{"line":10,"column":49}},"loc":{"start":{"line":10,"column":73},"end":{"line":36,"column":1}},"line":10},"7":{"name":"(anonymous_7)","decl":{"start":{"line":11,"column":30},"end":{"line":11,"column":31}},"loc":{"start":{"line":11,"column":41},"end":{"line":11,"column":83}},"line":11},"8":{"name":"(anonymous_8)","decl":{"start":{"line":12,"column":125},"end":{"line":12,"column":126}},"loc":{"start":{"line":12,"column":136},"end":{"line":12,"column":152}},"line":12},"9":{"name":"verb","decl":{"start":{"line":13,"column":13},"end":{"line":13,"column":17}},"loc":{"start":{"line":13,"column":21},"end":{"line":13,"column":70}},"line":13},"10":{"name":"(anonymous_10)","decl":{"start":{"line":13,"column":30},"end":{"line":13,"column":31}},"loc":{"start":{"line":13,"column":43},"end":{"line":13,"column":67}},"line":13},"11":{"name":"step","decl":{"start":{"line":14,"column":13},"end":{"line":14,"column":17}},"loc":{"start":{"line":14,"column":22},"end":{"line":35,"column":5}},"line":14},"12":{"name":"(anonymous_12)","decl":{"start":{"line":37,"column":42},"end":{"line":37,"column":43}},"loc":{"start":{"line":37,"column":55},"end":{"line":46,"column":1}},"line":37},"13":{"name":"(anonymous_13)","decl":{"start":{"line":41,"column":14},"end":{"line":41,"column":15}},"loc":{"start":{"line":41,"column":26},"end":{"line":44,"column":9}},"line":41},"14":{"name":"(anonymous_14)","decl":{"start":{"line":52,"column":33},"end":{"line":52,"column":34}},"loc":{"start":{"line":52,"column":45},"end":{"line":106,"column":1}},"line":52},"15":{"name":"COLLECTIONS","decl":{"start":{"line":53,"column":13},"end":{"line":53,"column":24}},"loc":{"start":{"line":53,"column":27},"end":{"line":54,"column":5}},"line":53},"16":{"name":"(anonymous_16)","decl":{"start":{"line":115,"column":33},"end":{"line":115,"column":34}},"loc":{"start":{"line":115,"column":45},"end":{"line":963,"column":1}},"line":115},"17":{"name":"MongoDriver","decl":{"start":{"line":116,"column":13},"end":{"line":116,"column":24}},"loc":{"start":{"line":116,"column":27},"end":{"line":125,"column":5}},"line":116},"18":{"name":"(anonymous_18)","decl":{"start":{"line":140,"column":36},"end":{"line":140,"column":37}},"loc":{"start":{"line":140,"column":67},"end":{"line":165,"column":5}},"line":140},"19":{"name":"(anonymous_19)","decl":{"start":{"line":141,"column":47},"end":{"line":141,"column":48}},"loc":{"start":{"line":141,"column":59},"end":{"line":164,"column":9}},"line":141},"20":{"name":"(anonymous_20)","decl":{"start":{"line":143,"column":37},"end":{"line":143,"column":38}},"loc":{"start":{"line":143,"column":51},"end":{"line":163,"column":13}},"line":143},"21":{"name":"(anonymous_21)","decl":{"start":{"line":171,"column":39},"end":{"line":171,"column":40}},"loc":{"start":{"line":171,"column":51},"end":{"line":173,"column":5}},"line":171},"22":{"name":"(anonymous_22)","decl":{"start":{"line":181,"column":44},"end":{"line":181,"column":45}},"loc":{"start":{"line":181,"column":64},"end":{"line":211,"column":5}},"line":181},"23":{"name":"(anonymous_23)","decl":{"start":{"line":182,"column":47},"end":{"line":182,"column":48}},"loc":{"start":{"line":182,"column":59},"end":{"line":210,"column":9}},"line":182},"24":{"name":"(anonymous_24)","decl":{"start":{"line":184,"column":37},"end":{"line":184,"column":38}},"loc":{"start":{"line":184,"column":51},"end":{"line":209,"column":13}},"line":184},"25":{"name":"(anonymous_25)","decl":{"start":{"line":220,"column":39},"end":{"line":220,"column":40}},"loc":{"start":{"line":220,"column":55},"end":{"line":239,"column":5}},"line":220},"26":{"name":"(anonymous_26)","decl":{"start":{"line":221,"column":47},"end":{"line":221,"column":48}},"loc":{"start":{"line":221,"column":59},"end":{"line":238,"column":9}},"line":221},"27":{"name":"(anonymous_27)","decl":{"start":{"line":223,"column":37},"end":{"line":223,"column":38}},"loc":{"start":{"line":223,"column":51},"end":{"line":237,"column":13}},"line":223},"28":{"name":"(anonymous_28)","decl":{"start":{"line":248,"column":37},"end":{"line":248,"column":38}},"loc":{"start":{"line":248,"column":57},"end":{"line":278,"column":5}},"line":248},"29":{"name":"(anonymous_29)","decl":{"start":{"line":249,"column":47},"end":{"line":249,"column":48}},"loc":{"start":{"line":249,"column":59},"end":{"line":277,"column":9}},"line":249},"30":{"name":"(anonymous_30)","decl":{"start":{"line":251,"column":37},"end":{"line":251,"column":38}},"loc":{"start":{"line":251,"column":51},"end":{"line":276,"column":13}},"line":251},"31":{"name":"(anonymous_31)","decl":{"start":{"line":279,"column":40},"end":{"line":279,"column":41}},"loc":{"start":{"line":279,"column":57},"end":{"line":324,"column":5}},"line":279},"32":{"name":"(anonymous_32)","decl":{"start":{"line":280,"column":47},"end":{"line":280,"column":48}},"loc":{"start":{"line":280,"column":59},"end":{"line":323,"column":9}},"line":280},"33":{"name":"(anonymous_33)","decl":{"start":{"line":283,"column":37},"end":{"line":283,"column":38}},"loc":{"start":{"line":283,"column":51},"end":{"line":322,"column":13}},"line":283},"34":{"name":"(anonymous_34)","decl":{"start":{"line":315,"column":45},"end":{"line":315,"column":46}},"loc":{"start":{"line":315,"column":61},"end":{"line":315,"column":97}},"line":315},"35":{"name":"(anonymous_35)","decl":{"start":{"line":325,"column":43},"end":{"line":325,"column":44}},"loc":{"start":{"line":325,"column":60},"end":{"line":352,"column":5}},"line":325},"36":{"name":"(anonymous_36)","decl":{"start":{"line":361,"column":37},"end":{"line":361,"column":38}},"loc":{"start":{"line":361,"column":51},"end":{"line":380,"column":5}},"line":361},"37":{"name":"(anonymous_37)","decl":{"start":{"line":362,"column":47},"end":{"line":362,"column":48}},"loc":{"start":{"line":362,"column":59},"end":{"line":379,"column":9}},"line":362},"38":{"name":"(anonymous_38)","decl":{"start":{"line":364,"column":37},"end":{"line":364,"column":38}},"loc":{"start":{"line":364,"column":51},"end":{"line":378,"column":13}},"line":364},"39":{"name":"(anonymous_39)","decl":{"start":{"line":381,"column":37},"end":{"line":381,"column":38}},"loc":{"start":{"line":381,"column":59},"end":{"line":404,"column":5}},"line":381},"40":{"name":"(anonymous_40)","decl":{"start":{"line":382,"column":47},"end":{"line":382,"column":48}},"loc":{"start":{"line":382,"column":59},"end":{"line":403,"column":9}},"line":382},"41":{"name":"(anonymous_41)","decl":{"start":{"line":384,"column":37},"end":{"line":384,"column":38}},"loc":{"start":{"line":384,"column":51},"end":{"line":402,"column":13}},"line":384},"42":{"name":"(anonymous_42)","decl":{"start":{"line":411,"column":39},"end":{"line":411,"column":40}},"loc":{"start":{"line":411,"column":53},"end":{"line":417,"column":5}},"line":411},"43":{"name":"(anonymous_43)","decl":{"start":{"line":412,"column":47},"end":{"line":412,"column":48}},"loc":{"start":{"line":412,"column":59},"end":{"line":416,"column":9}},"line":412},"44":{"name":"(anonymous_44)","decl":{"start":{"line":413,"column":37},"end":{"line":413,"column":38}},"loc":{"start":{"line":413,"column":51},"end":{"line":415,"column":13}},"line":413},"45":{"name":"(anonymous_45)","decl":{"start":{"line":418,"column":42},"end":{"line":418,"column":43}},"loc":{"start":{"line":418,"column":61},"end":{"line":436,"column":5}},"line":418},"46":{"name":"(anonymous_46)","decl":{"start":{"line":419,"column":47},"end":{"line":419,"column":48}},"loc":{"start":{"line":419,"column":59},"end":{"line":435,"column":9}},"line":419},"47":{"name":"(anonymous_47)","decl":{"start":{"line":421,"column":37},"end":{"line":421,"column":38}},"loc":{"start":{"line":421,"column":51},"end":{"line":434,"column":13}},"line":421},"48":{"name":"(anonymous_48)","decl":{"start":{"line":437,"column":40},"end":{"line":437,"column":41}},"loc":{"start":{"line":437,"column":56},"end":{"line":459,"column":5}},"line":437},"49":{"name":"(anonymous_49)","decl":{"start":{"line":438,"column":47},"end":{"line":438,"column":48}},"loc":{"start":{"line":438,"column":59},"end":{"line":458,"column":9}},"line":438},"50":{"name":"(anonymous_50)","decl":{"start":{"line":440,"column":37},"end":{"line":440,"column":38}},"loc":{"start":{"line":440,"column":51},"end":{"line":457,"column":13}},"line":440},"51":{"name":"(anonymous_51)","decl":{"start":{"line":460,"column":42},"end":{"line":460,"column":43}},"loc":{"start":{"line":460,"column":56},"end":{"line":478,"column":5}},"line":460},"52":{"name":"(anonymous_52)","decl":{"start":{"line":461,"column":47},"end":{"line":461,"column":48}},"loc":{"start":{"line":461,"column":59},"end":{"line":477,"column":9}},"line":461},"53":{"name":"(anonymous_53)","decl":{"start":{"line":463,"column":37},"end":{"line":463,"column":38}},"loc":{"start":{"line":463,"column":51},"end":{"line":476,"column":13}},"line":463},"54":{"name":"(anonymous_54)","decl":{"start":{"line":482,"column":41},"end":{"line":482,"column":42}},"loc":{"start":{"line":482,"column":64},"end":{"line":504,"column":5}},"line":482},"55":{"name":"(anonymous_55)","decl":{"start":{"line":505,"column":41},"end":{"line":505,"column":42}},"loc":{"start":{"line":505,"column":63},"end":{"line":517,"column":5}},"line":505},"56":{"name":"(anonymous_56)","decl":{"start":{"line":528,"column":48},"end":{"line":528,"column":49}},"loc":{"start":{"line":528,"column":76},"end":{"line":608,"column":5}},"line":528},"57":{"name":"(anonymous_57)","decl":{"start":{"line":529,"column":47},"end":{"line":529,"column":48}},"loc":{"start":{"line":529,"column":59},"end":{"line":607,"column":9}},"line":529},"58":{"name":"(anonymous_58)","decl":{"start":{"line":531,"column":37},"end":{"line":531,"column":38}},"loc":{"start":{"line":531,"column":51},"end":{"line":606,"column":13}},"line":531},"59":{"name":"(anonymous_59)","decl":{"start":{"line":618,"column":37},"end":{"line":618,"column":38}},"loc":{"start":{"line":618,"column":82},"end":{"line":656,"column":5}},"line":618},"60":{"name":"(anonymous_60)","decl":{"start":{"line":619,"column":47},"end":{"line":619,"column":48}},"loc":{"start":{"line":619,"column":59},"end":{"line":655,"column":9}},"line":619},"61":{"name":"(anonymous_61)","decl":{"start":{"line":621,"column":37},"end":{"line":621,"column":38}},"loc":{"start":{"line":621,"column":51},"end":{"line":654,"column":13}},"line":621},"62":{"name":"(anonymous_62)","decl":{"start":{"line":666,"column":39},"end":{"line":666,"column":40}},"loc":{"start":{"line":666,"column":84},"end":{"line":709,"column":5}},"line":666},"63":{"name":"(anonymous_63)","decl":{"start":{"line":667,"column":47},"end":{"line":667,"column":48}},"loc":{"start":{"line":667,"column":59},"end":{"line":708,"column":9}},"line":667},"64":{"name":"(anonymous_64)","decl":{"start":{"line":669,"column":37},"end":{"line":669,"column":38}},"loc":{"start":{"line":669,"column":51},"end":{"line":707,"column":13}},"line":669},"65":{"name":"(anonymous_65)","decl":{"start":{"line":719,"column":35},"end":{"line":719,"column":36}},"loc":{"start":{"line":719,"column":65},"end":{"line":778,"column":5}},"line":719},"66":{"name":"(anonymous_66)","decl":{"start":{"line":720,"column":47},"end":{"line":720,"column":48}},"loc":{"start":{"line":720,"column":59},"end":{"line":777,"column":9}},"line":720},"67":{"name":"(anonymous_67)","decl":{"start":{"line":722,"column":37},"end":{"line":722,"column":38}},"loc":{"start":{"line":722,"column":51},"end":{"line":776,"column":13}},"line":722},"68":{"name":"(anonymous_68)","decl":{"start":{"line":787,"column":33},"end":{"line":787,"column":34}},"loc":{"start":{"line":787,"column":67},"end":{"line":813,"column":5}},"line":787},"69":{"name":"(anonymous_69)","decl":{"start":{"line":788,"column":47},"end":{"line":788,"column":48}},"loc":{"start":{"line":788,"column":59},"end":{"line":812,"column":9}},"line":788},"70":{"name":"(anonymous_70)","decl":{"start":{"line":790,"column":37},"end":{"line":790,"column":38}},"loc":{"start":{"line":790,"column":51},"end":{"line":811,"column":13}},"line":790},"71":{"name":"(anonymous_71)","decl":{"start":{"line":821,"column":35},"end":{"line":821,"column":36}},"loc":{"start":{"line":821,"column":61},"end":{"line":935,"column":5}},"line":821},"72":{"name":"(anonymous_72)","decl":{"start":{"line":822,"column":47},"end":{"line":822,"column":48}},"loc":{"start":{"line":822,"column":59},"end":{"line":934,"column":9}},"line":822},"73":{"name":"(anonymous_73)","decl":{"start":{"line":824,"column":37},"end":{"line":824,"column":38}},"loc":{"start":{"line":824,"column":51},"end":{"line":933,"column":13}},"line":824},"74":{"name":"(anonymous_74)","decl":{"start":{"line":941,"column":34},"end":{"line":941,"column":35}},"loc":{"start":{"line":941,"column":60},"end":{"line":961,"column":5}},"line":941},"75":{"name":"(anonymous_75)","decl":{"start":{"line":942,"column":47},"end":{"line":942,"column":48}},"loc":{"start":{"line":942,"column":59},"end":{"line":960,"column":9}},"line":942},"76":{"name":"(anonymous_76)","decl":{"start":{"line":944,"column":37},"end":{"line":944,"column":38}},"loc":{"start":{"line":944,"column":51},"end":{"line":959,"column":13}},"line":944},"77":{"name":"isEmail","decl":{"start":{"line":965,"column":9},"end":{"line":965,"column":16}},"loc":{"start":{"line":965,"column":24},"end":{"line":971,"column":1}},"line":965}},"branchMap":{"0":{"loc":{"start":{"line":2,"column":16},"end":{"line":9,"column":1}},"type":"binary-expr","locations":[{"start":{"line":2,"column":17},"end":{"line":2,"column":21}},{"start":{"line":2,"column":25},"end":{"line":2,"column":39}},{"start":{"line":2,"column":44},"end":{"line":9,"column":1}}],"line":2},"1":{"loc":{"start":{"line":3,"column":16},"end":{"line":3,"column":34}},"type":"binary-expr","locations":[{"start":{"line":3,"column":16},"end":{"line":3,"column":17}},{"start":{"line":3,"column":22},"end":{"line":3,"column":33}}],"line":3},"2":{"loc":{"start":{"line":6,"column":32},"end":{"line":6,"column":148}},"type":"cond-expr","locations":[{"start":{"line":6,"column":46},"end":{"line":6,"column":67}},{"start":{"line":6,"column":70},"end":{"line":6,"column":148}}],"line":6},"3":{"loc":{"start":{"line":7,"column":51},"end":{"line":7,"column":67}},"type":"binary-expr","locations":[{"start":{"line":7,"column":51},"end":{"line":7,"column":61}},{"start":{"line":7,"column":65},"end":{"line":7,"column":67}}],"line":7},"4":{"loc":{"start":{"line":10,"column":18},"end":{"line":36,"column":1}},"type":"binary-expr","locations":[{"start":{"line":10,"column":19},"end":{"line":10,"column":23}},{"start":{"line":10,"column":27},"end":{"line":10,"column":43}},{"start":{"line":10,"column":48},"end":{"line":36,"column":1}}],"line":10},"5":{"loc":{"start":{"line":11,"column":43},"end":{"line":11,"column":68}},"type":"if","locations":[{"start":{"line":11,"column":43},"end":{"line":11,"column":68}},{"start":{"line":11,"column":43},"end":{"line":11,"column":68}}],"line":11},"6":{"loc":{"start":{"line":12,"column":71},"end":{"line":12,"column":153}},"type":"binary-expr","locations":[{"start":{"line":12,"column":71},"end":{"line":12,"column":99}},{"start":{"line":12,"column":104},"end":{"line":12,"column":152}}],"line":12},"7":{"loc":{"start":{"line":15,"column":8},"end":{"line":15,"column":70}},"type":"if","locations":[{"start":{"line":15,"column":8},"end":{"line":15,"column":70}},{"start":{"line":15,"column":8},"end":{"line":15,"column":70}}],"line":15},"8":{"loc":{"start":{"line":17,"column":12},"end":{"line":17,"column":127}},"type":"if","locations":[{"start":{"line":17,"column":12},"end":{"line":17,"column":127}},{"start":{"line":17,"column":12},"end":{"line":17,"column":127}}],"line":17},"9":{"loc":{"start":{"line":17,"column":23},"end":{"line":17,"column":116}},"type":"binary-expr","locations":[{"start":{"line":17,"column":23},"end":{"line":17,"column":24}},{"start":{"line":17,"column":29},"end":{"line":17,"column":83}},{"start":{"line":17,"column":88},"end":{"line":17,"column":116}}],"line":17},"10":{"loc":{"start":{"line":17,"column":35},"end":{"line":17,"column":82}},"type":"cond-expr","locations":[{"start":{"line":17,"column":47},"end":{"line":17,"column":55}},{"start":{"line":17,"column":58},"end":{"line":17,"column":82}}],"line":17},"11":{"loc":{"start":{"line":17,"column":58},"end":{"line":17,"column":82}},"type":"cond-expr","locations":[{"start":{"line":17,"column":66},"end":{"line":17,"column":73}},{"start":{"line":17,"column":76},"end":{"line":17,"column":82}}],"line":17},"12":{"loc":{"start":{"line":18,"column":12},"end":{"line":18,"column":44}},"type":"if","locations":[{"start":{"line":18,"column":12},"end":{"line":18,"column":44}},{"start":{"line":18,"column":12},"end":{"line":18,"column":44}}],"line":18},"13":{"loc":{"start":{"line":19,"column":12},"end":{"line":31,"column":13}},"type":"switch","locations":[{"start":{"line":20,"column":16},"end":{"line":20,"column":23}},{"start":{"line":20,"column":24},"end":{"line":20,"column":46}},{"start":{"line":21,"column":16},"end":{"line":21,"column":72}},{"start":{"line":22,"column":16},"end":{"line":22,"column":65}},{"start":{"line":23,"column":16},"end":{"line":23,"column":65}},{"start":{"line":24,"column":16},"end":{"line":30,"column":43}}],"line":19},"14":{"loc":{"start":{"line":25,"column":20},"end":{"line":25,"column":128}},"type":"if","locations":[{"start":{"line":25,"column":20},"end":{"line":25,"column":128}},{"start":{"line":25,"column":20},"end":{"line":25,"column":128}}],"line":25},"15":{"loc":{"start":{"line":25,"column":24},"end":{"line":25,"column":106}},"type":"binary-expr","locations":[{"start":{"line":25,"column":24},"end":{"line":25,"column":74}},{"start":{"line":25,"column":79},"end":{"line":25,"column":90}},{"start":{"line":25,"column":94},"end":{"line":25,"column":105}}],"line":25},"16":{"loc":{"start":{"line":25,"column":42},"end":{"line":25,"column":73}},"type":"binary-expr","locations":[{"start":{"line":25,"column":42},"end":{"line":25,"column":54}},{"start":{"line":25,"column":58},"end":{"line":25,"column":73}}],"line":25},"17":{"loc":{"start":{"line":26,"column":20},"end":{"line":26,"column":106}},"type":"if","locations":[{"start":{"line":26,"column":20},"end":{"line":26,"column":106}},{"start":{"line":26,"column":20},"end":{"line":26,"column":106}}],"line":26},"18":{"loc":{"start":{"line":26,"column":24},"end":{"line":26,"column":77}},"type":"binary-expr","locations":[{"start":{"line":26,"column":24},"end":{"line":26,"column":35}},{"start":{"line":26,"column":40},"end":{"line":26,"column":42}},{"start":{"line":26,"column":47},"end":{"line":26,"column":59}},{"start":{"line":26,"column":63},"end":{"line":26,"column":75}}],"line":26},"19":{"loc":{"start":{"line":27,"column":20},"end":{"line":27,"column":89}},"type":"if","locations":[{"start":{"line":27,"column":20},"end":{"line":27,"column":89}},{"start":{"line":27,"column":20},"end":{"line":27,"column":89}}],"line":27},"20":{"loc":{"start":{"line":27,"column":24},"end":{"line":27,"column":53}},"type":"binary-expr","locations":[{"start":{"line":27,"column":24},"end":{"line":27,"column":35}},{"start":{"line":27,"column":39},"end":{"line":27,"column":53}}],"line":27},"21":{"loc":{"start":{"line":28,"column":20},"end":{"line":28,"column":87}},"type":"if","locations":[{"start":{"line":28,"column":20},"end":{"line":28,"column":87}},{"start":{"line":28,"column":20},"end":{"line":28,"column":87}}],"line":28},"22":{"loc":{"start":{"line":28,"column":24},"end":{"line":28,"column":43}},"type":"binary-expr","locations":[{"start":{"line":28,"column":24},"end":{"line":28,"column":25}},{"start":{"line":28,"column":29},"end":{"line":28,"column":43}}],"line":28},"23":{"loc":{"start":{"line":29,"column":20},"end":{"line":29,"column":42}},"type":"if","locations":[{"start":{"line":29,"column":20},"end":{"line":29,"column":42}},{"start":{"line":29,"column":20},"end":{"line":29,"column":42}}],"line":29},"24":{"loc":{"start":{"line":34,"column":8},"end":{"line":34,"column":35}},"type":"if","locations":[{"start":{"line":34,"column":8},"end":{"line":34,"column":35}},{"start":{"line":34,"column":8},"end":{"line":34,"column":35}}],"line":34},"25":{"loc":{"start":{"line":34,"column":52},"end":{"line":34,"column":74}},"type":"cond-expr","locations":[{"start":{"line":34,"column":60},"end":{"line":34,"column":65}},{"start":{"line":34,"column":68},"end":{"line":34,"column":74}}],"line":34},"26":{"loc":{"start":{"line":37,"column":15},"end":{"line":46,"column":1}},"type":"binary-expr","locations":[{"start":{"line":37,"column":16},"end":{"line":37,"column":20}},{"start":{"line":37,"column":24},"end":{"line":37,"column":37}},{"start":{"line":37,"column":42},"end":{"line":46,"column":1}}],"line":37},"27":{"loc":{"start":{"line":38,"column":12},"end":{"line":38,"column":62}},"type":"binary-expr","locations":[{"start":{"line":38,"column":12},"end":{"line":38,"column":40}},{"start":{"line":38,"column":44},"end":{"line":38,"column":62}}],"line":38},"28":{"loc":{"start":{"line":39,"column":4},"end":{"line":39,"column":28}},"type":"if","locations":[{"start":{"line":39,"column":4},"end":{"line":39,"column":28}},{"start":{"line":39,"column":4},"end":{"line":39,"column":28}}],"line":39},"29":{"loc":{"start":{"line":42,"column":12},"end":{"line":42,"column":47}},"type":"if","locations":[{"start":{"line":42,"column":12},"end":{"line":42,"column":47}},{"start":{"line":42,"column":12},"end":{"line":42,"column":47}}],"line":42},"30":{"loc":{"start":{"line":42,"column":16},"end":{"line":42,"column":34}},"type":"binary-expr","locations":[{"start":{"line":42,"column":16},"end":{"line":42,"column":17}},{"start":{"line":42,"column":21},"end":{"line":42,"column":34}}],"line":42},"31":{"loc":{"start":{"line":43,"column":28},"end":{"line":43,"column":39}},"type":"binary-expr","locations":[{"start":{"line":43,"column":28},"end":{"line":43,"column":29}},{"start":{"line":43,"column":33},"end":{"line":43,"column":39}}],"line":43},"32":{"loc":{"start":{"line":117,"column":20},"end":{"line":123,"column":65}},"type":"cond-expr","locations":[{"start":{"line":118,"column":14},"end":{"line":120,"column":65}},{"start":{"line":121,"column":14},"end":{"line":123,"column":65}}],"line":117},"33":{"loc":{"start":{"line":144,"column":16},"end":{"line":162,"column":17}},"type":"switch","locations":[{"start":{"line":145,"column":20},"end":{"line":148,"column":83}},{"start":{"line":149,"column":20},"end":{"line":151,"column":48}},{"start":{"line":152,"column":20},"end":{"line":160,"column":48}},{"start":{"line":161,"column":20},"end":{"line":161,"column":50}}],"line":144},"34":{"loc":{"start":{"line":154,"column":24},"end":{"line":159,"column":25}},"type":"if","locations":[{"start":{"line":154,"column":24},"end":{"line":159,"column":25}},{"start":{"line":154,"column":24},"end":{"line":159,"column":25}}],"line":154},"35":{"loc":{"start":{"line":185,"column":16},"end":{"line":208,"column":17}},"type":"switch","locations":[{"start":{"line":1
[...]
locations":[{"start":{"line":11,"column":43},"end":{"line":11,"column":68}},{"start":{"line":11,"column":43},"end":{"line":11,"column":68}}],"line":11},"6":{"loc":{"start":{"line":12,"column":71},"end":{"line":12,"column":153}},"type":"binary-expr","locations":[{"start":{"line":12,"column":71},"end":{"line":12,"column":99}},{"start":{"line":12,"column":104},"end":{"line":12,"column":152}}],"line":12},"7":{"loc":{"start":{"line":15,"column":8},"end":{"line":15,"column":70}},"type":"if","locations":[{"start":{"line":15,"column":8},"end":{"line":15,"column":70}},{"start":{"line":15,"column":8},"end":{"line":15,"column":70}}],"line":15},"8":{"loc":{"start":{"line":17,"column":12},"end":{"line":17,"column":127}},"type":"if","locations":[{"start":{"line":17,"column":12},"end":{"line":17,"column":127}},{"start":{"line":17,"column":12},"end":{"line":17,"column":127}}],"line":17},"9":{"loc":{"start":{"line":17,"column":23},"end":{"line":17,"column":116}},"type":"binary-expr","locations":[{"start":{"line":17,"column":23},"end":{"line":17,"column":24}},{"start":{"line":17,"column":29},"end":{"line":17,"column":83}},{"start":{"line":17,"column":88},"end":{"line":17,"column":116}}],"line":17},"10":{"loc":{"start":{"line":17,"column":35},"end":{"line":17,"column":82}},"type":"cond-expr","locations":[{"start":{"line":17,"column":47},"end":{"line":17,"column":55}},{"start":{"line":17,"column":58},"end":{"line":17,"column":82}}],"line":17},"11":{"loc":{"start":{"line":17,"column":58},"end":{"line":17,"column":82}},"type":"cond-expr","locations":[{"start":{"line":17,"column":66},"end":{"line":17,"column":73}},{"start":{"line":17,"column":76},"end":{"line":17,"column":82}}],"line":17},"12":{"loc":{"start":{"line":18,"column":12},"end":{"line":18,"column":44}},"type":"if","locations":[{"start":{"line":18,"column":12},"end":{"line":18,"column":44}},{"start":{"line":18,"column":12},"end":{"line":18,"column":44}}],"line":18},"13":{"loc":{"start":{"line":19,"column":12},"end":{"line":31,"column":13}},"type":"switch","locations":[{"start":{"line":20,"column":16},"end":{"line":20,"column":23}},{"start":{"line":20,"column":24},"end":{"line":20,"column":46}},{"start":{"line":21,"column":16},"end":{"line":21,"column":72}},{"start":{"line":22,"column":16},"end":{"line":22,"column":65}},{"start":{"line":23,"column":16},"end":{"line":23,"column":65}},{"start":{"line":24,"column":16},"end":{"line":30,"column":43}}],"line":19},"14":{"loc":{"start":{"line":25,"column":20},"end":{"line":25,"column":128}},"type":"if","locations":[{"start":{"line":25,"column":20},"end":{"line":25,"column":128}},{"start":{"line":25,"column":20},"end":{"line":25,"column":128}}],"line":25},"15":{"loc":{"start":{"line":25,"column":24},"end":{"line":25,"column":106}},"type":"binary-expr","locations":[{"start":{"line":25,"column":24},"end":{"line":25,"column":74}},{"start":{"line":25,"column":79},"end":{"line":25,"column":90}},{"start":{"line":25,"column":94},"end":{"line":25,"column":105}}],"line":25},"16":{"loc":{"start":{"line":25,"column":42},"end":{"line":25,"column":73}},"type":"binary-expr","locations":[{"start":{"line":25,"column":42},"end":{"line":25,"column":54}},{"start":{"line":25,"column":58},"end":{"line":25,"column":73}}],"line":25},"17":{"loc":{"start":{"line":26,"column":20},"end":{"line":26,"column":106}},"type":"if","locations":[{"start":{"line":26,"column":20},"end":{"line":26,"column":106}},{"start":{"line":26,"column":20},"end":{"line":26,"column":106}}],"line":26},"18":{"loc":{"start":{"line":26,"column":24},"end":{"line":26,"column":77}},"type":"binary-expr","locations":[{"start":{"line":26,"column":24},"end":{"line":26,"column":35}},{"start":{"line":26,"column":40},"end":{"line":26,"column":42}},{"start":{"line":26,"column":47},"end":{"line":26,"column":59}},{"start":{"line":26,"column":63},"end":{"line":26,"column":75}}],"line":26},"19":{"loc":{"start":{"line":27,"column":20},"end":{"line":27,"column":89}},"type":"if","locations":[{"start":{"line":27,"column":20},"end":{"line":27,"column":89}},{"start":{"line":27,"column":20},"end":{"line":27,"column":89}}],"line":27},"20":{"loc":{"start":{"line":27,"column":24},"end":{"line":27,"column":53}},"type":"binary-expr","locations":[{"start":{"line":27,"column":24},"end":{"line":27,"column":35}},{"start":{"line":27,"column":39},"end":{"line":27,"column":53}}],"line":27},"21":{"loc":{"start":{"line":28,"column":20},"end":{"line":28,"column":87}},"type":"if","locations":[{"start":{"line":28,"column":20},"end":{"line":28,"column":87}},{"start":{"line":28,"column":20},"end":{"line":28,"column":87}}],"line":28},"22":{"loc":{"start":{"line":28,"column":24},"end":{"line":28,"column":43}},"type":"binary-expr","locations":[{"start":{"line":28,"column":24},"end":{"line":28,"column":25}},{"start":{"line":28,"column":29},"end":{"line":28,"column":43}}],"line":28},"23":{"loc":{"start":{"line":29,"column":20},"end":{"line":29,"column":42}},"type":"if","locations":[{"start":{"line":29,"column":20},"end":{"line":29,"column":42}},{"start":{"line":29,"column":20},"end":{"line":29,"column":42}}],"line":29},"24":{"loc":{"start":{"line":34,"column":8},"end":{"line":34,"column":35}},"type":"if","locations":[{"start":{"line":34,"column":8},"end":{"line":34,"column":35}},{"start":{"line":34,"column":8},"end":{"line":34,"column":35}}],"line":34},"25":{"loc":{"start":{"line":34,"column":52},"end":{"line":34,"column":74}},"type":"cond-expr","locations":[{"start":{"line":34,"column":60},"end":{"line":34,"column":65}},{"start":{"line":34,"column":68},"end":{"line":34,"column":74}}],"line":34},"26":{"loc":{"start":{"line":37,"column":15},"end":{"line":46,"column":1}},"type":"binary-expr","locations":[{"start":{"line":37,"column":16},"end":{"line":37,"column":20}},{"start":{"line":37,"column":24},"end":{"line":37,"column":37}},{"start":{"line":37,"column":42},"end":{"line":46,"column":1}}],"line":37},"27":{"loc":{"start":{"line":38,"column":12},"end":{"line":38,"column":62}},"type":"binary-expr","locations":[{"start":{"line":38,"column":12},"end":{"line":38,"column":40}},{"start":{"line":38,"column":44},"end":{"line":38,"column":62}}],"line":38},"28":{"loc":{"start":{"line":39,"column":4},"end":{"line":39,"column":28}},"type":"if","locations":[{"start":{"line":39,"column":4},"end":{"line":39,"column":28}},{"start":{"line":39,"column":4},"end":{"line":39,"column":28}}],"line":39},"29":{"loc":{"start":{"line":42,"column":12},"end":{"line":42,"column":47}},"type":"if","locations":[{"start":{"line":42,"column":12},"end":{"line":42,"column":47}},{"start":{"line":42,"column":12},"end":{"line":42,"column":47}}],"line":42},"30":{"loc":{"start":{"line":42,"column":16},"end":{"line":42,"column":34}},"type":"binary-expr","locations":[{"start":{"line":42,"column":16},"end":{"line":42,"column":17}},{"start":{"line":42,"column":21},"end":{"line":42,"column":34}}],"line":42},"31":{"loc":{"start":{"line":43,"column":28},"end":{"line":43,"column":39}},"type":"binary-expr","locations":[{"start":{"line":43,"column":28},"end":{"line":43,"column":29}},{"start":{"line":43,"column":33},"end":{"line":43,"column":39}}],"line":43},"32":{"loc":{"start":{"line":56,"column":16},"end":{"line":85,"column":17}},"type":"switch","locations":[{"start":{"line":57,"column":20},"end":{"line":72,"column":75}},{"start":{"line":73,"column":20},"end":{"line":80,"column":53}},{"start":{"line":81,"column":20},"end":{"line":83,"column":104}},{"start":{"line":84,"column":20},"end":{"line":84,"column":50}}],"line":56},"33":{"loc":{"start":{"line":68,"column":32},"end":{"line":68,"column":84}},"type":"if","locations":[{"start":{"line":68,"column":32},"end":{"line":68,"column":84}},{"start":{"line":68,"column":32},"end":{"line":68,"column":84}}],"line":68},"34":{"loc":{"start":{"line":68,"column":36},"end":{"line":68,"column":70}},"type":"binary-expr","locations":[{"start":{"line":68,"column":36},"end":{"line":68,"column":38}},{"start":{"line":68,"column":42},"end":{"line":68,"column":50}},{"start":{"line":68,"column":55},"end":{"line":68,"column":69}}],"line":68},"35":{"loc":{"start":{"line":70,"column":38},"end":{"line":70,"column":63}},"type":"if","locations":[{"start":{"line":70,"column":38},"end":{"line":70,"column":63}},{"start":{"line":70,"column":38},"end":{"line":70,"column":63}}],"line":70},"36":{"loc":{"start":{"line":108,"column":16},"end":{"line":125,"column":17}},"type":"switch","locations":[{"start":{"line":109,"column":20},"end":{"line":112,"column":81}},{"start":{"line":113,"column":20},"end":{"line":115,"column":73}},{"start":{"line":116,"column":20},"end":{"line":120,"column":52}},{"start":{"line":121,"column":20},"end":{"line":123,"column":115}},{"start":{"line":124,"column":20},"end":{"line":124,"column":50}}],"line":108},"37":{"loc":{"start":{"line":133,"column":16},"end":{"line":152,"column":17}},"type":"switch","locations":[{"start":{"line":134,"column":20},"end":{"line":137,"column":72}},{"start":{"line":138,"column":20},"end":{"line":140,"column":98}},{"start":{"line":141,"column":20},"end":{"line":143,"column":73}},{"start":{"line":144,"column":20},"end":{"line":147,"column":52}},{"start":{"line":148,"column":20},"end":{"line":150,"column":104}},{"start":{"line":151,"column":20},"end":{"line":151,"column":50}}],"line":133},"38":{"loc":{"start":{"line":160,"column":16},"end":{"line":180,"column":17}},"type":"switch","locations":[{"start":{"line":161,"column":20},"end":{"line":164,"column":68}},{"start":{"line":165,"column":20},"end":{"line":167,"column":72}},{"start":{"line":168,"column":20},"end":{"line":170,"column":96}},{"start":{"line":171,"column":20},"end":{"line":175,"column":52}},{"start":{"line":176,"column":20},"end":{"line":178,"column":105}},{"start":{"line":179,"column":20},"end":{"line":179,"column":50}}],"line":160},"39":{"loc":{"start":{"line":188,"column":16},"end":{"line":214,"column":17}},"type":"switch","locations":[{"start":{"line":189,"column":20},"end":{"line":198,"column":75}},{"start":{"line":199,"column":20},"end":{"line":201,"column":84}},{"start":{"line":202,"column":20},"end":{"line":209,"column":65}},{"start":{"line":210,"column":20},"end":{"line":212,"column":67}},{"start":{"line":213,"column":20},"end":{"line":213,"column":50}}],"line":188},"40":{"loc":{"start":{"line":204,"column":24},"end":{"line":206,"column":25}},"type":"if","locations":[{"start":{"line":204,"column":24},"end":{"line":206,"column":25}},{"start":{"line":204,"column":24},"end":{"line":206,"column":25}}],"line":204},"41":{"loc":{"start":{"line":222,"column":16},"end":{"line":234,"column":17}},"type":"switch","locations":[{"start":{"line":223,"column":20},"end":{"line":226,"column":82}},{"start":{"line":227,"column":20},"end":{"line":229,"column":64}},{"start":{"line":230,"column":20},"end":{"line":232,"column":67}},{"start":{"line":233,"column":20},"end":{"line":233,"column":50}}],"line":222},"42":{"loc":{"start":{"line":242,"column":16},"end":{"line":253,"column":17}},"type":"switch","locations":[{"start":{"line":243,"column":20},"end":{"line":245,"column":81}},{"start":{"line":246,"column":20},"end":{"line":248,"column":52}},{"start":{"line":249,"column":20},"end":{"line":251,"column":67}},{"start":{"line":252,"column":20},"end":{"line":252,"column":50}}],"line":242},"43":{"loc":{"start":{"line":261,"column":16},"end":{"line":272,"column":17}},"type":"switch","locations":[{"start":{"line":262,"column":20},"end":{"line":264,"column":81}},{"start":{"line":265,"column":20},"end":{"line":267,"column":55}},{"start":{"line":268,"column":20},"end":{"line":270,"column":67}},{"start":{"line":271,"column":20},"end":{"line":271,"column":50}}],"line":261},"44":{"loc":{"start":{"line":280,"column":16},"end":{"line":292,"column":17}},"type":"switch","locations":[{"start":{"line":281,"column":20},"end":{"line":284,"column":81}},{"start":{"line":285,"column":20},"end":{"line":287,"column":72}},{"start":{"line":288,"column":20},"end":{"line":290,"column":102}},{"start":{"line":291,"column":20},"end":{"line":291,"column":50}}],"line":280},"45":{"loc":{"start":{"line":308,"column":4},"end":{"line":308,"column":51}},"type":"if","locations":[{"start":{"line":308,"column":4},"end":{"line":308,"column":51}},{"start":{"line":308,"column":4},"end":{"line":308,"column":51}}],"line":308},"46":{"loc":{"start":{"line":310,"column":4},"end":{"line":315,"column":5}},"type":"if","locations":[{"start":{"line":310,"column":4},"end":{"line":315,"column":5}},{"start":{"line":310,"column":4},"end":{"line":315,"column":5}}],"line":310},"47":{"loc":{"start":{"line":311,"column":8},"end":{"line":313,"column":9}},"type":"if","locations":[{"start":{"line":311,"column":8},"end":{"line":313,"column":9}},{"start":{"line":311,"column":8},"end":{"line":313,"column":9}}],"line":311}},"s":{"0":4,"1":15,"2":20,"3":20,"4":0,"5":0,"6":0,"7":0,"8":35,"9":20,"10":15,"11":4,"12":15,"13":21,"14":0,"15":21,"16":15,"17":0,"18":45,"19":35,"20":35,"21":0,"22":35,"23":82,"24":82,"25":0,"26":82,"27":0,"28":82,"29":35,"30":35,"31":20,"32":20,"33":0,"34":0,"35":0,"36":0,"37":0,"38":0,"39":0,"40":27,"41":15,"42":15,"43":12,"44":0,"45":0,"46":12,"47":1,"48":1,"49":1,"50":11,"51":0,"52":0,"53":0,"54":11,"55":0,"56":11,"57":11,"58":36,"59":1,"60":1,"61":82,"62":15,"63":0,"64":15,"65":4,"66":4,"67":4,"68":4,"69":4,"70":0,"71":0,"72":0,"73":0,"74":4,"75":4,"76":4,"77":4,"78":4,"79":4,"80":8,"81":4,"82":4,"83":4,"84":4,"85":4,"86":4,"87":0,"88":4,"89":4,"90":0,"91":4,"92":0,"93":4,"94":3,"95":3,"96":3,"97":3,"98":3,"99":3,"100":1,"101":1,"102":0,"103":4,"104":4,"105":4,"106":4,"107":4,"108":4,"109":1,"110":0,"111":4,"112":0,"113":0,"114":0,"115":0,"116":0,"117":0,"118":0,"119":0,"120":0,"121":0,"122":0,"123":0,"124":0,"125":0,"126":0,"127":4,"128":2,"129":2,"130":8,"131":2,"132":2,"133":2,"134":2,"135":2,"136":2,"137":2,"138":2,"139":2,"140":2,"141":0,"142":0,"143":0,"144":4,"145":3,"146":3,"147":12,"148":3,"149":3,"150":3,"151":3,"152":3,"153":3,"154":3,"155":3,"156":3,"157":3,"158":3,"159":0,"160":0,"161":0,"162":4,"163":0,"164":0,"165":0,"166":0,"167":0,"168":0,"169":0,"170":0,"171":0,"172":0,"173":0,"174":0,"175":0,"176":0,"177":0,"178":0,"179":0,"180":0,"181":4,"182":2,"183":2,"184":4,"185":2,"186":2,"187":2,"188":2,"189":2,"190":0,"191":0,"192":0,"193":4,"194":0,"195":0,"196":0,"197":0,"198":0,"199":0,"200":0,"201":0,"202":0,"203":0,"204":4,"205":0,"206":0,"207":0,"208":0,"209":0,"210":0,"211":0,"212":0,"213":0,"214":0,"215":4,"216":0,"217":0,"218":0,"219":0,"220":0,"221":0,"222":0,"223":0,"224":0,"225":0,"226":0,"227":4,"228":4,"229":15,"230":15,"231":15,"232":15,"233":14,"234":14,"235":14,"236":15,"237":4},"f":{"0":15,"1":15,"2":20,"3":0,"4":35,"5":20,"6":15,"7":21,"8":0,"9":45,"10":35,"11":35,"12":4,"13":0,"14":4,"15":0,"16":4,"17":4,"18":8,"19":4,"20":3,"21":4,"22":4,"23":4,"24":0,"25":0,"26":0,"27":2,"28":2,"29":8,"30":3,"31":3,"32":12,"33":0,"34":0,"35":0,"36":2,"37":2,"38":4,"39":0,"40":0,"41":0,"42":0,"43":0,"44":0,"45":0,"46":0,"47":0,"48":15},"b":{"0":[4,4,4],"1":[15,15],"2":[15,20],"3":[15,15],"4":[4,4,4],"5":[0,21],"6":[15,15],"7":[0,35],"8":[0,82],"9":[82,0,0],"10":[0,0],"11":[0,0],"12":[0,82],"13":[35,35,20,0,0,27],"14":[15,12],"15":[27,15,15],"16":[27,12],"17":[0,12],"18":[12,0,0,0],"19":[1,11],"20":[12,1],"21":[0,11],"22":[11,11],"23":[0,11],"24":[0,15],"25":[15,0],"26":[4,4,4],"27":[4,4],"28":[4,0],"29":[0,0],"30":[0,0],"31":[0,0],"32":[4,3,1,0],"33":[0,4],"34":[4,4,0],"35":[0,4],"36":[0,0,0,0,0],"37":[2,2,2,2,0,0],"38":[3,3,3,3,0,0],"39":[0,0,0,0,0],"40":[0,0],"41":[2,2,0,0],"42":[0,0,0,0],"43":[0,0,0,0],"44":[0,0,0,0],"45":[15,0],"46":[14,1],"47":[14,0]},"_coverageSchema":"332fd63041d2c1bcb487cc26dd0d5f7d97098a6c","hash":"70b7f86bc65770a17a9e0fc2def1f2e26e2371a1"}
,"/Users/anthonyvisalli/Desktop/Clark/user/dist/interactors/interactors.js": {"path":"/Users/anthonyvisalli/Desktop/Clark/user/dist/interactors/interactors.js","statementMap":{"0":{"start":{"line":2,"column":0},"end":{"line":2,"column":62}},"1":{"start":{"line":3,"column":23},"end":{"line":3,"column":50}},"2":{"start":{"line":4,"column":0},"end":{"line":4,"column":57}},"3":{"start":{"line":5,"column":25},"end":{"line":5,"column":54}},"4":{"start":{"line":6,"column":0},"end":{"line":6,"column":63}},"5":{"start":{"line":7,"column":26},"end":{"line":7,"column":56}},"6":{"start":{"line":8,"column":0},"end":{"line":8,"column":66}}},"fnMap":{},"branchMap":{},"s":{"0":4,"1":4,"2":4,"3":4,"4":4,"5":4,"6":4},"f":{},"b":{},"_coverageSchema":"332fd63041d2c1bcb487cc26dd0d5f7d97098a6c","hash":"a56aba5eae2db952e8f4834d56a1d1e73df50320"}
,"/Users/anthonyvisalli/Desktop/Clark/user/dist/interfaces/Mailer.defaults.js": {"path":"/Users/anthonyvisalli/Desktop/Clark/user/dist/interfaces/Mailer.defaults.js","statementMap":{"0":{"start":{"line":2,"column":0},"end":{"line":2,"column":62}},"1":{"start":{"line":4,"column":0},"end":{"line":6,"column":47}},"2":{"start":{"line":5,"column":4},"end":{"line":5,"column":59}},"3":{"start":{"line":8,"column":0},"end":{"line":12,"column":59}},"4":{"start":{"line":9,"column":4},"end":{"line":9,"column":51}},"5":{"start":{"line":10,"column":4},"end":{"line":10,"column":56}},"6":{"start":{"line":11,"column":4},"end":{"line":11,"column":55}},"7":{"start":{"line":14,"column":0},"end":{"line":17,"column":80}},"8":{"start":{"line":15,"column":4},"end":{"line":15,"column":52}},"9":{"start":{"line":16,"column":4},"end":{"line":16,"column":56}},"10":{"start":{"line":19,"column":0},"end":{"line":23,"column":62}},"11":{"start":{"line":20,"column":4},"end":{"line":20,"column":47}},"12":{"start":{"line":21,"column":4},"end":{"line":21,"column":49}},"13":{"start":{"line":22,"column":4},"end":{"line":22,"column":51}},"14":{"start":{"line":24,"column":0},"end":{"line":24,"column":39}},"15":{"start":{"line":25,"column":0},"end":{"line":25,"column":72}},"16":{"start":{"line":26,"column":0},"end":{"line":26,"column":60}},"17":{"start":{"line":27,"column":0},"end":{"line":27,"column":74}},"18":{"start":{"line":28,"column":0},"end":{"line":31,"column":2}}},"fnMap":{"0":{"name":"(anonymous_0)","decl":{"start":{"line":4,"column":1},"end":{"line":4,"column":2}},"loc":{"start":{"line":4,"column":17},"end":{"line":6,"column":1}},"line":4},"1":{"name":"(anonymous_1)","decl":{"start":{"line":8,"column":1},"end":{"line":8,"column":2}},"loc":{"start":{"line":8,"column":21},"end":{"line":12,"column":1}},"line":8},"2":{"name":"(anonymous_2)","decl":{"start":{"line":14,"column":1},"end":{"line":14,"column":2}},"loc":{"start":{"line":14,"column":28},"end":{"line":17,"column":1}},"line":14},"3":{"name":"(anonymous_3)","decl":{"start":{"line":19,"column":1},"end":{"line":19,"column":2}},"loc":{"start":{"line":19,"column":22},"end":{"line":23,"column":1}},"line":19}},"branchMap":{"0":{"loc":{"start":{"line":6,"column":10},"end":{"line":6,"column":45}},"type":"binary-expr","locations":[{"start":{"line":6,"column":10},"end":{"line":6,"column":22}},{"start":{"line":6,"column":27},"end":{"line":6,"column":44}}],"line":6},"1":{"loc":{"start":{"line":12,"column":14},"end":{"line":12,"column":57}},"type":"binary-expr","locations":[{"start":{"line":12,"column":14},"end":{"line":12,"column":30}},{"start":{"line":12,"column":35},"end":{"line":12,"column":56}}],"line":12},"2":{"loc":{"start":{"line":17,"column":21},"end":{"line":17,"column":78}},"type":"binary-expr","locations":[{"start":{"line":17,"column":21},"end":{"line":17,"column":44}},{"start":{"line":17,"column":49},"end":{"line":17,"column":77}}],"line":17},"3":{"loc":{"start":{"line":23,"column":15},"end":{"line":23,"column":60}},"type":"binary-expr","locations":[{"start":{"line":23,"column":15},"end":{"line":23,"column":32}},{"start":{"line":23,"column":37},"end":{"line":23,"column":59}}],"line":23}},"s":{"0":4,"1":4,"2":4,"3":4,"4":4,"5":4,"6":4,"7":4,"8":4,"9":4,"10":4,"11":4,"12":4,"13":4,"14":4,"15":4,"16":4,"17":4,"18":4},"f":{"0":4,"1":4,"2":4,"3":4},"b":{"0":[4,4],"1":[4,4],"2":[4,4],"3":[4,4]},"_coverageSchema":"332fd63041d2c1bcb487cc26dd0d5f7d97098a6c","hash":"cf6e0b17a0045f53a3630b99901bc26b6f9d9d25"}
}
