TN:
SF:/Users/anthonyvisalli/Desktop/Clark/user/dist/drivers/BcryptDriver.js
FN:2,(anonymous_0)
FN:3,(anonymous_1)
FN:4,fulfilled
FN:5,rejected
FN:6,step
FN:6,(anonymous_5)
FN:10,(anonymous_6)
FN:11,(anonymous_7)
FN:12,(anonymous_8)
FN:13,verb
FN:13,(anonymous_10)
FN:14,step
FN:39,(anonymous_12)
FN:40,BcryptDriver
FN:43,(anonymous_14)
FN:44,(anonymous_15)
FN:45,(anonymous_16)
FN:50,(anonymous_17)
FN:51,(anonymous_18)
FN:52,(anonymous_19)
FNF:20
FNH:15
FNDA:10,(anonymous_0)
FNDA:10,(anonymous_1)
FNDA:0,fulfilled
FNDA:0,rejected
FNDA:10,step
FNDA:0,(anonymous_5)
FNDA:10,(anonymous_6)
FNDA:0,(anonymous_7)
FNDA:0,(anonymous_8)
FNDA:30,verb
FNDA:10,(anonymous_10)
FNDA:10,step
FNDA:4,(anonymous_12)
FNDA:3,BcryptDriver
FNDA:3,(anonymous_14)
FNDA:3,(anonymous_15)
FNDA:3,(anonymous_16)
FNDA:7,(anonymous_17)
FNDA:7,(anonymous_18)
FNDA:7,(anonymous_19)
DA:2,4
DA:3,10
DA:4,0
DA:5,0
DA:6,10
DA:7,10
DA:10,4
DA:11,10
DA:12,10
DA:13,30
DA:15,10
DA:16,20
DA:17,20
DA:18,20
DA:19,20
DA:20,10
DA:21,0
DA:22,0
DA:23,0
DA:25,10
DA:26,0
DA:27,0
DA:28,0
DA:29,0
DA:30,0
DA:32,10
DA:33,20
DA:34,10
DA:37,4
DA:38,4
DA:39,4
DA:41,3
DA:43,4
DA:44,3
DA:45,3
DA:46,3
DA:50,4
DA:51,7
DA:52,7
DA:53,7
DA:57,4
DA:59,4
LF:42
LH:32
BRDA:2,0,0,4
BRDA:2,0,1,4
BRDA:2,0,2,4
BRDA:3,1,0,10
BRDA:3,1,1,10
BRDA:6,2,0,10
BRDA:6,2,1,0
BRDA:7,3,0,10
BRDA:7,3,1,10
BRDA:10,4,0,4
BRDA:10,4,1,4
BRDA:10,4,2,4
BRDA:11,5,0,0
BRDA:11,5,1,0
BRDA:12,6,0,10
BRDA:12,6,1,10
BRDA:15,7,0,0
BRDA:15,7,1,10
BRDA:17,8,0,0
BRDA:17,8,1,20
BRDA:17,9,0,20
BRDA:17,9,1,0
BRDA:17,9,2,0
BRDA:17,10,0,0
BRDA:17,10,1,0
BRDA:17,11,0,0
BRDA:17,11,1,0
BRDA:18,12,0,0
BRDA:18,12,1,20
BRDA:19,13,0,10
BRDA:19,13,1,10
BRDA:19,13,2,0
BRDA:19,13,3,0
BRDA:19,13,4,0
BRDA:19,13,5,10
BRDA:25,14,0,10
BRDA:25,14,1,0
BRDA:25,15,0,10
BRDA:25,15,1,10
BRDA:25,15,2,10
BRDA:25,16,0,10
BRDA:25,16,1,0
BRDA:26,17,0,0
BRDA:26,17,1,0
BRDA:26,18,0,0
BRDA:26,18,1,0
BRDA:26,18,2,0
BRDA:26,18,3,0
BRDA:27,19,0,0
BRDA:27,19,1,0
BRDA:27,20,0,0
BRDA:27,20,1,0
BRDA:28,21,0,0
BRDA:28,21,1,0
BRDA:28,22,0,0
BRDA:28,22,1,0
BRDA:29,23,0,0
BRDA:29,23,1,0
BRDA:34,24,0,0
BRDA:34,24,1,10
BRDA:34,25,0,10
BRDA:34,25,1,0
BRF:62
BRH:27
end_of_record
TN:
SF:/Users/anthonyvisalli/Desktop/Clark/user/dist/drivers/MongoDriver.js
FN:2,(anonymous_0)
FN:3,(anonymous_1)
FN:4,fulfilled
FN:5,rejected
FN:6,step
FN:6,(anonymous_5)
FN:10,(anonymous_6)
FN:11,(anonymous_7)
FN:12,(anonymous_8)
FN:13,verb
FN:13,(anonymous_10)
FN:14,step
FN:37,(anonymous_12)
FN:41,(anonymous_13)
FN:52,(anonymous_14)
FN:53,COLLECTIONS
FN:115,(anonymous_16)
FN:116,MongoDriver
FN:140,(anonymous_18)
FN:141,(anonymous_19)
FN:143,(anonymous_20)
FN:171,(anonymous_21)
FN:181,(anonymous_22)
FN:182,(anonymous_23)
FN:184,(anonymous_24)
FN:220,(anonymous_25)
FN:221,(anonymous_26)
FN:223,(anonymous_27)
FN:248,(anonymous_28)
FN:249,(anonymous_29)
FN:251,(anonymous_30)
FN:279,(anonymous_31)
FN:280,(anonymous_32)
FN:283,(anonymous_33)
FN:315,(anonymous_34)
FN:325,(anonymous_35)
FN:361,(anonymous_36)
FN:362,(anonymous_37)
FN:364,(anonymous_38)
FN:381,(anonymous_39)
FN:382,(anonymous_40)
FN:384,(anonymous_41)
FN:411,(anonymous_42)
FN:412,(anonymous_43)
FN:413,(anonymous_44)
FN:418,(anonymous_45)
FN:419,(anonymous_46)
FN:421,(anonymous_47)
FN:437,(anonymous_48)
FN:438,(anonymous_49)
FN:440,(anonymous_50)
FN:460,(anonymous_51)
FN:461,(anonymous_52)
FN:463,(anonymous_53)
FN:482,(anonymous_54)
FN:505,(anonymous_55)
FN:528,(anonymous_56)
FN:529,(anonymous_57)
FN:531,(anonymous_58)
FN:618,(anonymous_59)
FN:619,(anonymous_60)
FN:621,(anonymous_61)
FN:666,(anonymous_62)
FN:667,(anonymous_63)
FN:669,(anonymous_64)
FN:719,(anonymous_65)
FN:720,(anonymous_66)
FN:722,(anonymous_67)
FN:787,(anonymous_68)
FN:788,(anonymous_69)
FN:790,(anonymous_70)
FN:821,(anonymous_71)
FN:822,(anonymous_72)
FN:824,(anonymous_73)
FN:941,(anonymous_74)
FN:942,(anonymous_75)
FN:944,(anonymous_76)
FN:965,isEmail
FNF:78
FNH:48
FNDA:202,(anonymous_0)
FNDA:202,(anonymous_1)
FNDA:215,fulfilled
FNDA:0,rejected
FNDA:417,step
FNDA:216,(anonymous_5)
FNDA:202,(anonymous_6)
FNDA:215,(anonymous_7)
FNDA:0,(anonymous_8)
FNDA:606,verb
FNDA:417,(anonymous_10)
FNDA:417,step
FNDA:0,(anonymous_12)
FNDA:0,(anonymous_13)
FNDA:4,(anonymous_14)
FNDA:0,COLLECTIONS
FNDA:4,(anonymous_16)
FNDA:4,MongoDriver
FNDA:8,(anonymous_18)
FNDA:8,(anonymous_19)
FNDA:22,(anonymous_20)
FNDA:4,(anonymous_21)
FNDA:10,(anonymous_22)
FNDA:10,(anonymous_23)
FNDA:20,(anonymous_24)
FNDA:0,(anonymous_25)
FNDA:0,(anonymous_26)
FNDA:0,(anonymous_27)
FNDA:135,(anonymous_28)
FNDA:135,(anonymous_29)
FNDA:270,(anonymous_30)
FNDA:5,(anonymous_31)
FNDA:5,(anonymous_32)
FNDA:20,(anonymous_33)
FNDA:121,(anonymous_34)
FNDA:5,(anonymous_35)
FNDA:17,(anonymous_36)
FNDA:17,(anonymous_37)
FNDA:34,(anonymous_38)
FNDA:4,(anonymous_39)
FNDA:4,(anonymous_40)
FNDA:12,(anonymous_41)
FNDA:0,(anonymous_42)
FNDA:0,(anonymous_43)
FNDA:0,(anonymous_44)
FNDA:3,(anonymous_45)
FNDA:3,(anonymous_46)
FNDA:9,(anonymous_47)
FNDA:2,(anonymous_48)
FNDA:2,(anonymous_49)
FNDA:4,(anonymous_50)
FNDA:1,(anonymous_51)
FNDA:1,(anonymous_52)
FNDA:3,(anonymous_53)
FNDA:0,(anonymous_54)
FNDA:138,(anonymous_55)
FNDA:0,(anonymous_56)
FNDA:0,(anonymous_57)
FNDA:0,(anonymous_58)
FNDA:0,(anonymous_59)
FNDA:0,(anonymous_60)
FNDA:0,(anonymous_61)
FNDA:0,(anonymous_62)
FNDA:0,(anonymous_63)
FNDA:0,(anonymous_64)
FNDA:0,(anonymous_65)
FNDA:0,(anonymous_66)
FNDA:0,(anonymous_67)
FNDA:0,(anonymous_68)
FNDA:0,(anonymous_69)
FNDA:0,(anonymous_70)
FNDA:0,(anonymous_71)
FNDA:0,(anonymous_72)
FNDA:0,(anonymous_73)
FNDA:17,(anonymous_74)
FNDA:17,(anonymous_75)
FNDA:34,(anonymous_76)
FNDA:145,isEmail
DA:2,4
DA:3,202
DA:4,215
DA:5,0
DA:6,417
DA:7,202
DA:10,4
DA:11,215
DA:12,202
DA:13,606
DA:15,417
DA:16,1029
DA:17,1029
DA:18,1029
DA:19,1029
DA:20,417
DA:21,216
DA:22,0
DA:23,0
DA:25,396
DA:26,195
DA:27,184
DA:28,184
DA:29,184
DA:30,184
DA:32,428
DA:33,1029
DA:34,201
DA:37,4
DA:38,0
DA:39,0
DA:40,0
DA:42,0
DA:43,0
DA:47,4
DA:48,4
DA:49,4
DA:50,4
DA:51,4
DA:52,4
DA:55,4
DA:68,4
DA:89,4
DA:102,4
DA:103,4
DA:104,4
DA:105,4
DA:107,4
DA:108,4
DA:109,4
DA:110,4
DA:111,4
DA:112,4
DA:113,4
DA:114,4
DA:115,4
DA:117,4
DA:124,4
DA:140,4
DA:141,8
DA:143,8
DA:144,22
DA:146,8
DA:147,8
DA:148,8
DA:150,7
DA:151,7
DA:153,0
DA:154,0
DA:155,0
DA:158,0
DA:160,0
DA:161,7
DA:171,4
DA:172,4
DA:181,4
DA:182,10
DA:184,10
DA:185,20
DA:187,10
DA:188,10
DA:189,10
DA:190,3
DA:193,7
DA:195,10
DA:199,10
DA:200,10
DA:201,5
DA:203,5
DA:205,0
DA:206,0
DA:207,0
DA:220,4
DA:221,0
DA:223,0
DA:224,0
DA:226,0
DA:227,0
DA:228,0
DA:230,0
DA:231,0
DA:233,0
DA:234,0
DA:235,0
DA:248,4
DA:249,135
DA:251,135
DA:252,270
DA:254,135
DA:255,135
DA:256,135
DA:257,5
DA:260,130
DA:262,135
DA:266,135
DA:267,135
DA:268,3
DA:270,132
DA:272,0
DA:273,0
DA:274,0
DA:279,4
DA:280,5
DA:281,5
DA:283,5
DA:284,20
DA:286,5
DA:287,5
DA:288,5
DA:289,0
DA:291,5
DA:292,5
DA:293,5
DA:294,5
DA:295,5
DA:296,5
DA:301,5
DA:302,5
DA:304,5
DA:305,5
DA:309,5
DA:312,5
DA:314,5
DA:315,121
DA:316,5
DA:318,0
DA:319,0
DA:320,0
DA:325,4
DA:326,5
DA:327,5
DA:328,5
DA:329,5
DA:330,5
DA:345,5
DA:346,1
DA:348,4
DA:349,0
DA:351,4
DA:361,4
DA:362,17
DA:364,17
DA:365,34
DA:367,17
DA:368,17
DA:370,17
DA:371,17
DA:372,17
DA:374,0
DA:375,0
DA:376,0
DA:381,4
DA:382,4
DA:384,4
DA:385,12
DA:387,4
DA:388,4
DA:389,0
DA:390,4
DA:394,4
DA:395,4
DA:396,4
DA:398,0
DA:399,0
DA:400,0
DA:411,4
DA:412,0
DA:413,0
DA:414,0
DA:418,4
DA:419,3
DA:421,3
DA:422,9
DA:424,3
DA:425,3
DA:427,3
DA:428,3
DA:430,0
DA:431,0
DA:432,3
DA:437,4
DA:438,2
DA:440,2
DA:441,4
DA:443,2
DA:444,2
DA:448,2
DA:449,2
DA:453,0
DA:454,0
DA:455,0
DA:460,4
DA:461,1
DA:463,1
DA:464,3
DA:466,1
DA:467,1
DA:469,1
DA:470,1
DA:472,0
DA:473,0
DA:474,1
DA:482,4
DA:483,0
DA:493,0
DA:494,0
DA:496,0
DA:497,0
DA:498,0
DA:499,0
DA:501,0
DA:503,0
DA:505,4
DA:506,138
DA:508,138
DA:512,138
DA:514,138
DA:515,138
DA:516,138
DA:528,4
DA:529,0
DA:531,0
DA:532,0
DA:534,0
DA:535,0
DA:536,0
DA:538,0
DA:539,0
DA:540,0
DA:542,0
DA:543,0
DA:544,0
DA:545,0
DA:546,0
DA:547,0
DA:548,0
DA:550,0
DA:551,0
DA:552,0
DA:554,0
DA:555,0
DA:556,0
DA:557,0
DA:561,0
DA:562,0
DA:563,0
DA:571,0
DA:573,0
DA:574,0
DA:575,0
DA:577,0
DA:578,0
DA:579,0
DA:581,0
DA:582,0
DA:584,0
DA:585,0
DA:587,0
DA:588,0
DA:589,0
DA:591,0
DA:592,0
DA:593,0
DA:595,0
DA:596,0
DA:598,0
DA:599,0
DA:600,0
DA:602,0
DA:603,0
DA:604,0
DA:618,4
DA:619,0
DA:621,0
DA:622,0
DA:624,0
DA:625,0
DA:629,0
DA:630,0
DA:631,0
DA:636,0
DA:637,0
DA:638,0
DA:642,0
DA:643,0
DA:645,0
DA:646,0
DA:652,0
DA:666,4
DA:667,0
DA:669,0
DA:670,0
DA:672,0
DA:673,0
DA:677,0
DA:678,0
DA:679,0
DA:681,0
DA:682,0
DA:689,0
DA:690,0
DA:691,0
DA:695,0
DA:696,0
DA:698,0
DA:699,0
DA:705,0
DA:719,4
DA:720,0
DA:722,0
DA:723,0
DA:725,0
DA:726,0
DA:727,0
DA:729,0
DA:732,0
DA:733,0
DA:734,0
DA:738,0
DA:739,0
DA:740,0
DA:741,0
DA:743,0
DA:744,0
DA:745,0
DA:747,0
DA:748,0
DA:749,0
DA:750,0
DA:751,0
DA:752,0
DA:754,0
DA:755,0
DA:757,0
DA:758,0
DA:759,0
DA:761,0
DA:762,0
DA:763,0
DA:765,0
DA:766,0
DA:768,0
DA:769,0
DA:770,0
DA:772,0
DA:773,0
DA:774,0
DA:787,4
DA:788,0
DA:790,0
DA:791,0
DA:793,0
DA:796,0
DA:802,0
DA:804,0
DA:806,0
DA:807,0
DA:808,0
DA:809,0
DA:821,4
DA:822,0
DA:824,0
DA:825,0
DA:827,0
DA:828,0
DA:832,0
DA:833,0
DA:834,0
DA:835,0
DA:837,0
DA:838,0
DA:839,0
DA:841,0
DA:842,0
DA:843,0
DA:844,0
DA:845,0
DA:846,0
DA:847,0
DA:848,0
DA:850,0
DA:851,0
DA:852,0
DA:854,0
DA:855,0
DA:856,0
DA:857,0
DA:859,0
DA:860,0
DA:862,0
DA:863,0
DA:864,0
DA:866,0
DA:867,0
DA:868,0
DA:870,0
DA:871,0
DA:873,0
DA:874,0
DA:876,0
DA:877,0
DA:878,0
DA:879,0
DA:880,0
DA:882,0
DA:883,0
DA:884,0
DA:886,0
DA:887,0
DA:888,0
DA:889,0
DA:891,0
DA:892,0
DA:894,0
DA:895,0
DA:896,0
DA:898,0
DA:899,0
DA:900,0
DA:902,0
DA:903,0
DA:905,0
DA:906,0
DA:908,0
DA:909,0
DA:910,0
DA:912,0
DA:913,0
DA:914,0
DA:916,0
DA:917,0
DA:919,0
DA:920,0
DA:923,0
DA:926,0
DA:927,0
DA:929,0
DA:930,0
DA:931,0
DA:941,4
DA:942,17
DA:944,17
DA:945,34
DA:946,17
DA:950,17
DA:951,17
DA:952,0
DA:957,17
DA:962,4
DA:964,4
DA:966,145
DA:967,145
DA:968,8
DA:970,137
DA:972,4
LF:475
LH:199
BRDA:2,0,0,4
BRDA:2,0,1,4
BRDA:2,0,2,4
BRDA:3,1,0,202
BRDA:3,1,1,202
BRDA:6,2,0,201
BRDA:6,2,1,216
BRDA:7,3,0,202
BRDA:7,3,1,202
BRDA:10,4,0,4
BRDA:10,4,1,4
BRDA:10,4,2,4
BRDA:11,5,0,0
BRDA:11,5,1,215
BRDA:12,6,0,202
BRDA:12,6,1,202
BRDA:15,7,0,0
BRDA:15,7,1,417
BRDA:17,8,0,0
BRDA:17,8,1,1029
BRDA:17,9,0,1029
BRDA:17,9,1,0
BRDA:17,9,2,0
BRDA:17,10,0,0
BRDA:17,10,1,0
BRDA:17,11,0,0
BRDA:17,11,1,0
BRDA:18,12,0,0
BRDA:18,12,1,1029
BRDA:19,13,0,417
BRDA:19,13,1,417
BRDA:19,13,2,216
BRDA:19,13,3,0
BRDA:19,13,4,0
BRDA:19,13,5,396
BRDA:25,14,0,201
BRDA:25,14,1,195
BRDA:25,15,0,396
BRDA:25,15,1,212
BRDA:25,15,2,212
BRDA:25,16,0,396
BRDA:25,16,1,184
BRDA:26,17,0,11
BRDA:26,17,1,184
BRDA:26,18,0,195
BRDA:26,18,1,22
BRDA:26,18,2,11
BRDA:26,18,3,11
BRDA:27,19,0,0
BRDA:27,19,1,184
BRDA:27,20,0,184
BRDA:27,20,1,0
BRDA:28,21,0,0
BRDA:28,21,1,184
BRDA:28,22,0,184
BRDA:28,22,1,184
BRDA:29,23,0,0
BRDA:29,23,1,184
BRDA:34,24,0,0
BRDA:34,24,1,201
BRDA:34,25,0,201
BRDA:34,25,1,0
BRDA:37,26,0,4
BRDA:37,26,1,4
BRDA:37,26,2,4
BRDA:38,27,0,0
BRDA:38,27,1,0
BRDA:39,28,0,0
BRDA:39,28,1,0
BRDA:42,29,0,0
BRDA:42,29,1,0
BRDA:42,30,0,0
BRDA:42,30,1,0
BRDA:43,31,0,0
BRDA:43,31,1,0
BRDA:117,32,0,0
BRDA:117,32,1,4
BRDA:144,33,0,8
BRDA:144,33,1,7
BRDA:144,33,2,0
BRDA:144,33,3,7
BRDA:154,34,0,0
BRDA:154,34,1,0
BRDA:185,35,0,10
BRDA:185,35,1,10
BRDA:185,35,2,0
BRDA:185,35,3,0
BRDA:189,36,0,3
BRDA:189,36,1,7
BRDA:200,37,0,5
BRDA:200,37,1,5
BRDA:224,38,0,0
BRDA:224,38,1,0
BRDA:224,38,2,0
BRDA:224,38,3,0
BRDA:252,39,0,135
BRDA:252,39,1,135
BRDA:252,39,2,0
BRDA:252,39,3,0
BRDA:256,40,0,5
BRDA:256,40,1,130
BRDA:267,41,0,3
BRDA:267,41,1,132
BRDA:284,42,0,5
BRDA:284,42,1,5
BRDA:284,42,2,5
BRDA:284,42,3,5
BRDA:284,42,4,0
BRDA:284,42,5,0
BRDA:288,43,0,0
BRDA:288,43,1,5
BRDA:288,44,0,5
BRDA:288,44,1,5
BRDA:292,45,0,0
BRDA:292,45,1,5
BRDA:292,46,0,5
BRDA:292,46,1,0
BRDA:306,47,0,0
BRDA:306,47,1,5
BRDA:308,48,0,0
BRDA:308,48,1,5
BRDA:309,49,0,0
BRDA:309,49,1,5
BRDA:310,50,0,0
BRDA:310,50,1,0
BRDA:334,51,0,4
BRDA:334,51,1,1
BRDA:336,52,0,0
BRDA:336,52,1,1
BRDA:338,53,0,0
BRDA:338,53,1,1
BRDA:340,54,0,0
BRDA:340,54,1,1
BRDA:345,55,0,1
BRDA:345,55,1,4
BRDA:345,56,0,5
BRDA:345,56,1,1
BRDA:348,57,0,0
BRDA:348,57,1,4
BRDA:365,58,0,17
BRDA:365,58,1,17
BRDA:365,58,2,0
BRDA:365,58,3,0
BRDA:385,59,0,4
BRDA:385,59,1,4
BRDA:385,59,2,4
BRDA:385,59,3,0
BRDA:385,59,4,0
BRDA:388,60,0,0
BRDA:388,60,1,4
BRDA:422,61,0,3
BRDA:422,61,1,3
BRDA:422,61,2,0
BRDA:422,61,3,3
BRDA:441,62,0,2
BRDA:441,62,1,2
BRDA:441,62,2,0
BRDA:441,62,3,0
BRDA:449,63,0,2
BRDA:449,63,1,0
BRDA:464,64,0,1
BRDA:464,64,1,1
BRDA:464,64,2,0
BRDA:464,64,3,1
BRDA:493,65,0,0
BRDA:493,65,1,0
BRDA:496,66,0,0
BRDA:496,66,1,0
BRDA:508,67,0,107
BRDA:508,67,1,31
BRDA:532,68,0,0
BRDA:532,68,1,0
BRDA:532,68,2,0
BRDA:532,68,3,0
BRDA:532,68,4,0
BRDA:532,68,5,0
BRDA:532,68,6,0
BRDA:532,68,7,0
BRDA:532,68,8,0
BRDA:532,68,9,0
BRDA:532,68,10,0
BRDA:532,68,11,0
BRDA:532,68,12,0
BRDA:532,68,13,0
BRDA:532,68,14,0
BRDA:532,68,15,0
BRDA:532,68,16,0
BRDA:535,69,0,0
BRDA:535,69,1,0
BRDA:542,70,0,0
BRDA:542,70,1,0
BRDA:546,71,0,0
BRDA:546,71,1,0
BRDA:554,72,0,0
BRDA:554,72,1,0
BRDA:562,73,0,0
BRDA:562,73,1,0
BRDA:582,74,0,0
BRDA:582,74,1,0
BRDA:582,75,0,0
BRDA:582,75,1,0
BRDA:582,75,2,0
BRDA:584,76,0,0
BRDA:584,76,1,0
BRDA:596,77,0,0
BRDA:596,77,1,0
BRDA:596,78,0,0
BRDA:596,78,1,0
BRDA:596,78,2,0
BRDA:598,79,0,0
BRDA:598,79,1,0
BRDA:622,80,0,0
BRDA:622,80,1,0
BRDA:622,80,2,0
BRDA:622,80,3,0
BRDA:622,80,4,0
BRDA:630,81,0,0
BRDA:630,81,1,0
BRDA:670,82,0,0
BRDA:670,82,1,0
BRDA:670,82,2,0
BRDA:670,82,3,0
BRDA:670,82,4,0
BRDA:678,83,0,0
BRDA:678,83,1,0
BRDA:681,84,0,0
BRDA:681,84,1,0
BRDA:723,85,0,0
BRDA:723,85,1,0
BRDA:723,85,2,0
BRDA:723,85,3,0
BRDA:723,85,4,0
BRDA:723,85,5,0
BRDA:723,85,6,0
BRDA:723,85,7,0
BRDA:723,85,8,0
BRDA:723,85,9,0
BRDA:723,85,10,0
BRDA:723,85,11,0
BRDA:723,85,12,0
BRDA:723,85,13,0
BRDA:727,86,0,0
BRDA:727,86,1,0
BRDA:740,87,0,0
BRDA:740,87,1,0
BRDA:747,88,0,0
BRDA:747,88,1,0
BRDA:750,89,0,0
BRDA:750,89,1,0
BRDA:750,90,0,0
BRDA:750,90,1,0
BRDA:766,91,0,0
BRDA:766,91,1,0
BRDA:766,92,0,0
BRDA:766,92,1,0
BRDA:766,92,2,0
BRDA:768,93,0,0
BRDA:768,93,1,0
BRDA:791,94,0,0
BRDA:791,94,1,0
BRDA:791,94,2,0
BRDA:791,94,3,0
BRDA:825,95,0,0
BRDA:825,95,1,0
BRDA:825,95,2,0
BRDA:825,95,3,0
BRDA:825,95,4,0
BRDA:825,95,5,0
BRDA:825,95,6,0
BRDA:825,95,7,0
BRDA:825,95,8,0
BRDA:825,95,9,0
BRDA:825,95,10,0
BRDA:825,95,11,0
BRDA:825,95,12,0
BRDA:825,95,13,0
BRDA:825,95,14,0
BRDA:825,95,15,0
BRDA:825,95,16,0
BRDA:825,95,17,0
BRDA:825,95,18,0
BRDA:825,95,19,0
BRDA:825,95,20,0
BRDA:825,95,21,0
BRDA:825,95,22,0
BRDA:825,95,23,0
BRDA:825,95,24,0
BRDA:825,95,25,0
BRDA:825,95,26,0
BRDA:834,96,0,0
BRDA:834,96,1,0
BRDA:841,97,0,0
BRDA:841,97,1,0
BRDA:844,98,0,0
BRDA:844,98,1,0
BRDA:846,99,0,0
BRDA:846,99,1,0
BRDA:854,100,0,0
BRDA:854,100,1,0
BRDA:871,101,0,0
BRDA:871,101,1,0
BRDA:871,102,0,0
BRDA:871,102,1,0
BRDA:871,102,2,0
BRDA:873,103,0,0
BRDA:873,103,1,0
BRDA:876,104,0,0
BRDA:876,104,1,0
BRDA:876,105,0,0
BRDA:876,105,1,0
BRDA:878,106,0,0
BRDA:878,106,1,0
BRDA:886,107,0,0
BRDA:886,107,1,0
BRDA:903,108,0,0
BRDA:903,108,1,0
BRDA:903,109,0,0
BRDA:903,109,1,0
BRDA:903,109,2,0
BRDA:905,110,0,0
BRDA:905,110,1,0
BRDA:917,111,0,0
BRDA:917,111,1,0
BRDA:917,112,0,0
BRDA:917,112,1,0
BRDA:917,112,2,0
BRDA:919,113,0,0
BRDA:919,113,1,0
BRDA:945,114,0,17
BRDA:945,114,1,17
BRDA:951,115,0,0
BRDA:951,115,1,17
BRDA:967,116,0,8
BRDA:967,116,1,137
BRF:334
BRH:107
end_of_record
TN:
SF:/Users/anthonyvisalli/Desktop/Clark/user/dist/drivers/OTACodeManager.js
FN:16,generate
FN:18,(anonymous_1)
FN:26,(anonymous_2)
FN:42,decode
FN:44,(anonymous_4)
FN:48,(anonymous_5)
FNF:6
FNH:6
FNDA:3,generate
FNDA:3,(anonymous_1)
FNDA:3,(anonymous_2)
FNDA:2,decode
FNDA:2,(anonymous_4)
FNDA:2,(anonymous_5)
DA:2,4
DA:3,4
DA:4,4
DA:5,4
DA:6,4
DA:8,4
DA:17,3
DA:18,3
DA:19,3
DA:27,3
DA:28,3
DA:32,4
DA:43,2
DA:44,2
DA:45,2
DA:49,2
DA:53,4
LF:17
LH:17
BRDA:23,0,0,3
BRDA:23,0,1,0
BRDA:28,1,0,0
BRDA:28,1,1,3
BRDA:49,2,0,0
BRDA:49,2,1,2
BRF:6
BRH:3
end_of_record
TN:
SF:/Users/anthonyvisalli/Desktop/Clark/user/dist/drivers/RouteHandler.js
FN:2,(anonymous_0)
FN:3,(anonymous_1)
FN:4,fulfilled
FN:5,rejected
FN:6,step
FN:6,(anonymous_5)
FN:10,(anonymous_6)
FN:11,(anonymous_7)
FN:12,(anonymous_8)
FN:13,verb
FN:13,(anonymous_10)
FN:14,step
FN:47,(anonymous_12)
FN:48,RouteHandler
FN:59,(anonymous_14)
FN:65,(anonymous_15)
FN:69,(anonymous_16)
FN:90,(anonymous_17)
FN:90,(anonymous_18)
FN:92,(anonymous_19)
FN:113,(anonymous_20)
FN:113,(anonymous_21)
FN:115,(anonymous_22)
FN:149,(anonymous_23)
FN:149,(anonymous_24)
FN:151,(anonymous_25)
FN:174,(anonymous_26)
FN:174,(anonymous_27)
FN:176,(anonymous_28)
FN:195,(anonymous_29)
FN:195,(anonymous_30)
FN:197,(anonymous_31)
FN:224,(anonymous_32)
FN:224,(anonymous_33)
FN:226,(anonymous_34)
FN:249,(anonymous_35)
FN:249,(anonymous_36)
FN:251,(anonymous_37)
FN:262,(anonymous_38)
FN:262,(anonymous_39)
FN:264,(anonymous_40)
FN:284,(anonymous_41)
FN:284,(anonymous_42)
FN:286,(anonymous_43)
FN:307,(anonymous_44)
FN:307,(anonymous_45)
FN:309,(anonymous_46)
FN:337,(anonymous_47)
FN:337,(anonymous_48)
FN:339,(anonymous_49)
FN:348,(anonymous_50)
FN:348,(anonymous_51)
FN:350,(anonymous_52)
FN:388,(anonymous_53)
FN:388,(anonymous_54)
FN:390,(anonymous_55)
FN:428,(anonymous_56)
FN:428,(anonymous_57)
FN:430,(anonymous_58)
FN:470,(anonymous_59)
FN:470,(anonymous_60)
FN:471,(anonymous_61)
FN:478,(anonymous_62)
FN:478,(anonymous_63)
FN:480,(anonymous_64)
FNF:65
FNH:1
FNDA:0,(anonymous_0)
FNDA:0,(anonymous_1)
FNDA:0,fulfilled
FNDA:0,rejected
FNDA:0,step
FNDA:0,(anonymous_5)
FNDA:0,(anonymous_6)
FNDA:0,(anonymous_7)
FNDA:0,(anonymous_8)
FNDA:0,verb
FNDA:0,(anonymous_10)
FNDA:0,step
FNDA:4,(anonymous_12)
FNDA:0,RouteHandler
FNDA:0,(anonymous_14)
FNDA:0,(anonymous_15)
FNDA:0,(anonymous_16)
FNDA:0,(anonymous_17)
FNDA:0,(anonymous_18)
FNDA:0,(anonymous_19)
FNDA:0,(anonymous_20)
FNDA:0,(anonymous_21)
FNDA:0,(anonymous_22)
FNDA:0,(anonymous_23)
FNDA:0,(anonymous_24)
FNDA:0,(anonymous_25)
FNDA:0,(anonymous_26)
FNDA:0,(anonymous_27)
FNDA:0,(anonymous_28)
FNDA:0,(anonymous_29)
FNDA:0,(anonymous_30)
FNDA:0,(anonymous_31)
FNDA:0,(anonymous_32)
FNDA:0,(anonymous_33)
FNDA:0,(anonymous_34)
FNDA:0,(anonymous_35)
FNDA:0,(anonymous_36)
FNDA:0,(anonymous_37)
FNDA:0,(anonymous_38)
FNDA:0,(anonymous_39)
FNDA:0,(anonymous_40)
FNDA:0,(anonymous_41)
FNDA:0,(anonymous_42)
FNDA:0,(anonymous_43)
FNDA:0,(anonymous_44)
FNDA:0,(anonymous_45)
FNDA:0,(anonymous_46)
FNDA:0,(anonymous_47)
FNDA:0,(anonymous_48)
FNDA:0,(anonymous_49)
FNDA:0,(anonymous_50)
FNDA:0,(anonymous_51)
FNDA:0,(anonymous_52)
FNDA:0,(anonymous_53)
FNDA:0,(anonymous_54)
FNDA:0,(anonymous_55)
FNDA:0,(anonymous_56)
FNDA:0,(anonymous_57)
FNDA:0,(anonymous_58)
FNDA:0,(anonymous_59)
FNDA:0,(anonymous_60)
FNDA:0,(anonymous_61)
FNDA:0,(anonymous_62)
FNDA:0,(anonymous_63)
FNDA:0,(anonymous_64)
DA:2,4
DA:3,0
DA:4,0
DA:5,0
DA:6,0
DA:7,0
DA:10,4
DA:11,0
DA:12,0
DA:13,0
DA:15,0
DA:16,0
DA:17,0
DA:18,0
DA:19,0
DA:20,0
DA:21,0
DA:22,0
DA:23,0
DA:25,0
DA:26,0
DA:27,0
DA:28,0
DA:29,0
DA:30,0
DA:32,0
DA:33,0
DA:34,0
DA:37,4
DA:38,4
DA:39,4
DA:40,4
DA:41,4
DA:42,4
DA:43,4
DA:44,4
DA:45,4
DA:46,4
DA:47,4
DA:49,0
DA:50,0
DA:51,0
DA:52,0
DA:59,4
DA:60,0
DA:61,0
DA:62,0
DA:63,0
DA:65,4
DA:66,0
DA:69,0
DA:70,0
DA:88,0
DA:90,0
DA:92,0
DA:93,0
DA:95,0
DA:96,0
DA:98,0
DA:99,0
DA:100,0
DA:102,0
DA:103,0
DA:104,0
DA:106,0
DA:107,0
DA:108,0
DA:109,0
DA:113,0
DA:115,0
DA:116,0
DA:118,0
DA:119,0
DA:120,0
DA:122,0
DA:123,0
DA:125,0
DA:126,0
DA:128,0
DA:129,0
DA:131,0
DA:132,0
DA:133,0
DA:134,0
DA:135,0
DA:137,0
DA:138,0
DA:139,0
DA:140,0
DA:142,0
DA:143,0
DA:144,0
DA:145,0
DA:149,0
DA:151,0
DA:152,0
DA:154,0
DA:155,0
DA:157,0
DA:158,0
DA:159,0
DA:161,0
DA:162,0
DA:163,0
DA:164,0
DA:166,0
DA:167,0
DA:168,0
DA:169,0
DA:174,0
DA:176,0
DA:177,0
DA:179,0
DA:180,0
DA:181,0
DA:183,0
DA:184,0
DA:185,0
DA:187,0
DA:188,0
DA:189,0
DA:190,0
DA:195,0
DA:197,0
DA:198,0
DA:200,0
DA:201,0
DA:203,0
DA:204,0
DA:206,0
DA:207,0
DA:208,0
DA:211,0
DA:212,0
DA:214,0
DA:216,0
DA:217,0
DA:218,0
DA:219,0
DA:224,0
DA:226,0
DA:227,0
DA:229,0
DA:230,0
DA:232,0
DA:233,0
DA:235,0
DA:236,0
DA:237,0
DA:239,0
DA:240,0
DA:241,0
DA:242,0
DA:243,0
DA:247,0
DA:249,0
DA:251,0
DA:252,0
DA:253,0
DA:254,0
DA:257,0
DA:259,0
DA:262,0
DA:264,0
DA:265,0
DA:267,0
DA:268,0
DA:270,0
DA:271,0
DA:273,0
DA:274,0
DA:275,0
DA:277,0
DA:278,0
DA:279,0
DA:280,0
DA:284,0
DA:286,0
DA:287,0
DA:289,0
DA:290,0
DA:292,0
DA:293,0
DA:295,0
DA:296,0
DA:297,0
DA:299,0
DA:300,0
DA:301,0
DA:302,0
DA:307,0
DA:309,0
DA:310,0
DA:312,0
DA:313,0
DA:315,0
DA:316,0
DA:318,0
DA:319,0
DA:320,0
DA:321,0
DA:322,0
DA:325,0
DA:327,0
DA:329,0
DA:330,0
DA:331,0
DA:332,0
DA:337,0
DA:339,0
DA:340,0
DA:341,0
DA:342,0
DA:343,0
DA:346,0
DA:348,0
DA:350,0
DA:351,0
DA:353,0
DA:354,0
DA:355,0
DA:356,0
DA:357,0
DA:359,0
DA:360,0
DA:361,0
DA:362,0
DA:363,0
DA:365,0
DA:366,0
DA:368,0
DA:369,0
DA:370,0
DA:371,0
DA:373,0
DA:374,0
DA:376,0
DA:377,0
DA:378,0
DA:380,0
DA:381,0
DA:382,0
DA:383,0
DA:384,0
DA:388,0
DA:390,0
DA:391,0
DA:393,0
DA:394,0
DA:395,0
DA:396,0
DA:398,0
DA:399,0
DA:400,0
DA:401,0
DA:402,0
DA:404,0
DA:405,0
DA:407,0
DA:409,0
DA:410,0
DA:411,0
DA:413,0
DA:414,0
DA:416,0
DA:417,0
DA:418,0
DA:420,0
DA:421,0
DA:422,0
DA:423,0
DA:424,0
DA:428,0
DA:430,0
DA:431,0
DA:433,0
DA:434,0
DA:436,0
DA:437,0
DA:438,0
DA:439,0
DA:441,0
DA:442,0
DA:443,0
DA:444,0
DA:445,0
DA:447,0
DA:448,0
DA:449,0
DA:451,0
DA:452,0
DA:453,0
DA:455,0
DA:456,0
DA:457,0
DA:459,0
DA:460,0
DA:461,0
DA:462,0
DA:470,0
DA:471,0
DA:472,0
DA:475,0
DA:478,0
DA:480,0
DA:481,0
DA:483,0
DA:484,0
DA:492,0
DA:493,0
DA:494,0
DA:496,0
DA:497,0
DA:500,0
DA:501,0
DA:506,4
DA:508,4
LF:317
LH:17
BRDA:2,0,0,4
BRDA:2,0,1,4
BRDA:2,0,2,4
BRDA:3,1,0,0
BRDA:3,1,1,0
BRDA:6,2,0,0
BRDA:6,2,1,0
BRDA:7,3,0,0
BRDA:7,3,1,0
BRDA:10,4,0,4
BRDA:10,4,1,4
BRDA:10,4,2,4
BRDA:11,5,0,0
BRDA:11,5,1,0
BRDA:12,6,0,0
BRDA:12,6,1,0
BRDA:15,7,0,0
BRDA:15,7,1,0
BRDA:17,8,0,0
BRDA:17,8,1,0
BRDA:17,9,0,0
BRDA:17,9,1,0
BRDA:17,9,2,0
BRDA:17,10,0,0
BRDA:17,10,1,0
BRDA:17,11,0,0
BRDA:17,11,1,0
BRDA:18,12,0,0
BRDA:18,12,1,0
BRDA:19,13,0,0
BRDA:19,13,1,0
BRDA:19,13,2,0
BRDA:19,13,3,0
BRDA:19,13,4,0
BRDA:19,13,5,0
BRDA:25,14,0,0
BRDA:25,14,1,0
BRDA:25,15,0,0
BRDA:25,15,1,0
BRDA:25,15,2,0
BRDA:25,16,0,0
BRDA:25,16,1,0
BRDA:26,17,0,0
BRDA:26,17,1,0
BRDA:26,18,0,0
BRDA:26,18,1,0
BRDA:26,18,2,0
BRDA:26,18,3,0
BRDA:27,19,0,0
BRDA:27,19,1,0
BRDA:27,20,0,0
BRDA:27,20,1,0
BRDA:28,21,0,0
BRDA:28,21,1,0
BRDA:28,22,0,0
BRDA:28,22,1,0
BRDA:29,23,0,0
BRDA:29,23,1,0
BRDA:34,24,0,0
BRDA:34,24,1,0
BRDA:34,25,0,0
BRDA:34,25,1,0
BRDA:93,26,0,0
BRDA:93,26,1,0
BRDA:93,26,2,0
BRDA:93,26,3,0
BRDA:93,26,4,0
BRDA:116,27,0,0
BRDA:116,27,1,0
BRDA:116,27,2,0
BRDA:116,27,3,0
BRDA:116,27,4,0
BRDA:116,27,5,0
BRDA:116,27,6,0
BRDA:116,27,7,0
BRDA:116,27,8,0
BRDA:152,28,0,0
BRDA:152,28,1,0
BRDA:152,28,2,0
BRDA:152,28,3,0
BRDA:152,28,4,0
BRDA:152,28,5,0
BRDA:158,29,0,0
BRDA:158,29,1,0
BRDA:177,30,0,0
BRDA:177,30,1,0
BRDA:177,30,2,0
BRDA:177,30,3,0
BRDA:198,31,0,0
BRDA:198,31,1,0
BRDA:198,31,2,0
BRDA:198,31,3,0
BRDA:198,31,4,0
BRDA:207,32,0,0
BRDA:207,32,1,0
BRDA:227,33,0,0
BRDA:227,33,1,0
BRDA:227,33,2,0
BRDA:227,33,3,0
BRDA:227,33,4,0
BRDA:265,34,0,0
BRDA:265,34,1,0
BRDA:265,34,2,0
BRDA:265,34,3,0
BRDA:265,34,4,0
BRDA:287,35,0,0
BRDA:287,35,1,0
BRDA:287,35,2,0
BRDA:287,35,3,0
BRDA:287,35,4,0
BRDA:310,36,0,0
BRDA:310,36,1,0
BRDA:310,36,2,0
BRDA:310,36,3,0
BRDA:310,36,4,0
BRDA:319,37,0,0
BRDA:319,37,1,0
BRDA:351,38,0,0
BRDA:351,38,1,0
BRDA:351,38,2,0
BRDA:351,38,3,0
BRDA:351,38,4,0
BRDA:351,38,5,0
BRDA:351,38,6,0
BRDA:351,38,7,0
BRDA:351,38,8,0
BRDA:351,38,9,0
BRDA:361,39,0,0
BRDA:361,39,1,0
BRDA:391,40,0,0
BRDA:391,40,1,0
BRDA:391,40,2,0
BRDA:391,40,3,0
BRDA:391,40,4,0
BRDA:391,40,5,0
BRDA:391,40,6,0
BRDA:391,40,7,0
BRDA:391,40,8,0
BRDA:400,41,0,0
BRDA:400,41,1,0
BRDA:431,42,0,0
BRDA:431,42,1,0
BRDA:431,42,2,0
BRDA:431,42,3,0
BRDA:431,42,4,0
BRDA:431,42,5,0
BRDA:431,42,6,0
BRDA:431,42,7,0
BRDA:431,42,8,0
BRDA:431,42,9,0
BRDA:443,43,0,0
BRDA:443,43,1,0
BRDA:481,44,0,0
BRDA:481,44,1,0
BRDA:481,44,2,0
BRDA:481,44,3,0
BRF:156
BRH:6
end_of_record
TN:
SF:/Users/anthonyvisalli/Desktop/Clark/user/dist/drivers/RouteResponder.js
FN:3,(anonymous_0)
FN:8,RouteResponder
FN:14,(anonymous_2)
FN:22,(anonymous_3)
FN:35,(anonymous_4)
FN:41,(anonymous_5)
FN:44,(anonymous_6)
FN:51,(anonymous_7)
FN:57,(anonymous_8)
FN:63,(anonymous_9)
FN:66,(anonymous_10)
FN:69,(anonymous_11)
FN:78,(anonymous_12)
FNF:13
FNH:1
FNDA:4,(anonymous_0)
FNDA:0,RouteResponder
FNDA:0,(anonymous_2)
FNDA:0,(anonymous_3)
FNDA:0,(anonymous_4)
FNDA:0,(anonymous_5)
FNDA:0,(anonymous_6)
FNDA:0,(anonymous_7)
FNDA:0,(anonymous_8)
FNDA:0,(anonymous_9)
FNDA:0,(anonymous_10)
FNDA:0,(anonymous_11)
FNDA:0,(anonymous_12)
DA:2,4
DA:3,4
DA:9,0
DA:14,4
DA:15,0
DA:22,4
DA:23,0
DA:35,4
DA:36,0
DA:37,0
DA:38,0
DA:39,0
DA:41,4
DA:42,0
DA:44,4
DA:45,0
DA:51,4
DA:52,0
DA:57,4
DA:58,0
DA:63,4
DA:64,0
DA:66,4
DA:67,0
DA:69,4
DA:70,0
DA:76,0
DA:78,4
DA:79,0
DA:83,0
DA:85,4
DA:87,4
LF:32
LH:15
BRDA:23,0,0,0
BRDA:23,0,1,0
BRDA:23,1,0,0
BRDA:23,1,1,0
BRDA:25,2,0,0
BRDA:25,2,1,0
BRDA:25,3,0,0
BRDA:25,3,1,0
BRDA:27,4,0,0
BRDA:27,4,1,0
BRDA:27,5,0,0
BRDA:27,5,1,0
BRF:12
BRH:0
end_of_record
TN:
SF:/Users/anthonyvisalli/Desktop/Clark/user/dist/drivers/SendgridDriver.js
FN:2,(anonymous_0)
FN:3,(anonymous_1)
FN:4,fulfilled
FN:5,rejected
FN:6,step
FN:6,(anonymous_5)
FN:10,(anonymous_6)
FN:11,(anonymous_7)
FN:12,(anonymous_8)
FN:13,verb
FN:13,(anonymous_10)
FN:14,step
FN:43,(anonymous_12)
FN:48,(anonymous_13)
FN:49,SendgridDriver
FN:59,(anonymous_15)
FN:60,(anonymous_16)
FN:62,(anonymous_17)
FN:78,(anonymous_18)
FN:79,(anonymous_19)
FN:81,(anonymous_20)
FN:97,(anonymous_21)
FN:113,(anonymous_22)
FN:116,(anonymous_23)
FNF:24
FNH:2
FNDA:0,(anonymous_0)
FNDA:0,(anonymous_1)
FNDA:0,fulfilled
FNDA:0,rejected
FNDA:0,step
FNDA:0,(anonymous_5)
FNDA:0,(anonymous_6)
FNDA:0,(anonymous_7)
FNDA:0,(anonymous_8)
FNDA:0,verb
FNDA:0,(anonymous_10)
FNDA:0,step
FNDA:4,(anonymous_12)
FNDA:4,(anonymous_13)
FNDA:0,SendgridDriver
FNDA:0,(anonymous_15)
FNDA:0,(anonymous_16)
FNDA:0,(anonymous_17)
FNDA:0,(anonymous_18)
FNDA:0,(anonymous_19)
FNDA:0,(anonymous_20)
FNDA:0,(anonymous_21)
FNDA:0,(anonymous_22)
FNDA:0,(anonymous_23)
DA:2,4
DA:3,0
DA:4,0
DA:5,0
DA:6,0
DA:7,0
DA:10,4
DA:11,0
DA:12,0
DA:13,0
DA:15,0
DA:16,0
DA:17,0
DA:18,0
DA:19,0
DA:20,0
DA:21,0
DA:22,0
DA:23,0
DA:25,0
DA:26,0
DA:27,0
DA:28,0
DA:29,0
DA:30,0
DA:32,0
DA:33,0
DA:34,0
DA:37,4
DA:38,4
DA:39,4
DA:40,4
DA:41,4
DA:43,4
DA:44,4
DA:45,4
DA:46,4
DA:48,4
DA:50,0
DA:51,0
DA:52,0
DA:53,0
DA:55,0
DA:56,0
DA:57,0
DA:59,4
DA:60,0
DA:62,0
DA:63,0
DA:74,0
DA:78,4
DA:79,0
DA:81,0
DA:82,0
DA:93,0
DA:97,4
DA:98,0
DA:111,0
DA:113,4
DA:114,0
DA:116,4
DA:117,0
DA:118,0
DA:119,0
DA:121,0
DA:123,4
DA:125,4
LF:67
LH:19
BRDA:2,0,0,4
BRDA:2,0,1,4
BRDA:2,0,2,4
BRDA:3,1,0,0
BRDA:3,1,1,0
BRDA:6,2,0,0
BRDA:6,2,1,0
BRDA:7,3,0,0
BRDA:7,3,1,0
BRDA:10,4,0,4
BRDA:10,4,1,4
BRDA:10,4,2,4
BRDA:11,5,0,0
BRDA:11,5,1,0
BRDA:12,6,0,0
BRDA:12,6,1,0
BRDA:15,7,0,0
BRDA:15,7,1,0
BRDA:17,8,0,0
BRDA:17,8,1,0
BRDA:17,9,0,0
BRDA:17,9,1,0
BRDA:17,9,2,0
BRDA:17,10,0,0
BRDA:17,10,1,0
BRDA:17,11,0,0
BRDA:17,11,1,0
BRDA:18,12,0,0
BRDA:18,12,1,0
BRDA:19,13,0,0
BRDA:19,13,1,0
BRDA:19,13,2,0
BRDA:19,13,3,0
BRDA:19,13,4,0
BRDA:19,13,5,0
BRDA:25,14,0,0
BRDA:25,14,1,0
BRDA:25,15,0,0
BRDA:25,15,1,0
BRDA:25,15,2,0
BRDA:25,16,0,0
BRDA:25,16,1,0
BRDA:26,17,0,0
BRDA:26,17,1,0
BRDA:26,18,0,0
BRDA:26,18,1,0
BRDA:26,18,2,0
BRDA:26,18,3,0
BRDA:27,19,0,0
BRDA:27,19,1,0
BRDA:27,20,0,0
BRDA:27,20,1,0
BRDA:28,21,0,0
BRDA:28,21,1,0
BRDA:28,22,0,0
BRDA:28,22,1,0
BRDA:29,23,0,0
BRDA:29,23,1,0
BRDA:34,24,0,0
BRDA:34,24,1,0
BRDA:34,25,0,0
BRDA:34,25,1,0
BRDA:47,26,0,4
BRDA:47,26,1,4
BRDA:118,27,0,0
BRDA:118,27,1,0
BRF:66
BRH:8
end_of_record
TN:
SF:/Users/anthonyvisalli/Desktop/Clark/user/dist/drivers/TokenManager.js
FN:8,generateToken
FN:32,verifyJWT
FNF:2
FNH:1
FNDA:9,generateToken
FNDA:0,verifyJWT
DA:2,4
DA:3,4
DA:9,9
DA:17,9
DA:22,9
DA:23,9
DA:25,4
DA:33,0
DA:34,0
DA:35,0
DA:36,0
DA:38,0
DA:41,0
DA:44,4
LF:14
LH:8
BRDA:35,0,0,0
BRDA:35,0,1,0
BRF:2
BRH:0
end_of_record
TN:
SF:/Users/anthonyvisalli/Desktop/Clark/user/dist/drivers/UserResponseFactory.js
FN:4,(anonymous_0)
FN:5,UserResponseFactory
FN:7,(anonymous_2)
FNF:3
FNH:1
FNDA:4,(anonymous_0)
FNDA:0,UserResponseFactory
FNDA:0,(anonymous_2)
DA:2,4
DA:3,4
DA:4,4
DA:7,4
DA:8,0
DA:10,4
DA:12,4
LF:7
LH:6
BRF:0
BRH:0
end_of_record
TN:
SF:/Users/anthonyvisalli/Desktop/Clark/user/dist/drivers/drivers.js
FNF:0
FNH:0
DA:2,4
DA:3,4
DA:4,4
DA:5,4
DA:6,4
DA:7,4
DA:8,4
DA:9,4
DA:10,4
DA:11,4
DA:12,4
DA:13,4
DA:14,4
DA:15,4
DA:16,4
DA:17,4
DA:18,4
LF:17
LH:17
BRF:0
BRH:0
end_of_record
TN:
SF:/Users/anthonyvisalli/Desktop/Clark/user/dist/environment/routes.js
FN:7,(anonymous_0)
FNF:1
FNH:0
FNDA:0,(anonymous_0)
DA:2,4
DA:3,4
DA:4,4
DA:5,4
DA:8,0
LF:5
LH:4
BRF:0
BRH:0
end_of_record
TN:
SF:/Users/anthonyvisalli/Desktop/Clark/user/dist/interactors/AdminUserInteractor.js
FN:2,(anonymous_0)
FN:3,(anonymous_1)
FN:4,fulfilled
FN:5,rejected
FN:6,step
FN:6,(anonymous_5)
FN:10,(anonymous_6)
FN:11,(anonymous_7)
FN:12,(anonymous_8)
FN:13,verb
FN:13,(anonymous_10)
FN:14,step
FN:39,(anonymous_12)
FN:40,AdminUserInteractor
FN:51,(anonymous_14)
FN:52,(anonymous_15)
FN:55,(anonymous_16)
FN:62,(anonymous_17)
FN:62,(anonymous_18)
FN:64,(anonymous_19)
FN:96,(anonymous_20)
FN:97,(anonymous_21)
FN:99,(anonymous_22)
FNF:23
FNH:17
FNDA:120,(anonymous_0)
FNDA:120,(anonymous_1)
FNDA:122,fulfilled
FNDA:0,rejected
FNDA:242,step
FNDA:122,(anonymous_5)
FNDA:120,(anonymous_6)
FNDA:122,(anonymous_7)
FNDA:0,(anonymous_8)
FNDA:360,verb
FNDA:242,(anonymous_10)
FNDA:242,step
FNDA:1,(anonymous_12)
FNDA:0,AdminUserInteractor
FNDA:2,(anonymous_14)
FNDA:2,(anonymous_15)
FNDA:6,(anonymous_16)
FNDA:118,(anonymous_17)
FNDA:118,(anonymous_18)
FNDA:236,(anonymous_19)
FNDA:0,(anonymous_20)
FNDA:0,(anonymous_21)
FNDA:0,(anonymous_22)
DA:2,1
DA:3,120
DA:4,122
DA:5,0
DA:6,242
DA:7,120
DA:10,1
DA:11,122
DA:12,120
DA:13,360
DA:15,242
DA:16,486
DA:17,486
DA:18,486
DA:19,486
DA:20,242
DA:21,122
DA:22,0
DA:23,0
DA:25,122
DA:26,2
DA:27,2
DA:28,2
DA:29,2
DA:30,2
DA:32,242
DA:33,486
DA:34,120
DA:37,1
DA:38,1
DA:39,1
DA:51,1
DA:52,2
DA:53,2
DA:55,2
DA:56,6
DA:58,2
DA:59,2
DA:61,2
DA:62,118
DA:64,118
DA:65,236
DA:67,118
DA:68,118
DA:70,118
DA:71,118
DA:72,118
DA:77,2
DA:78,2
DA:80,0
DA:81,0
DA:82,0
DA:96,1
DA:97,0
DA:99,0
DA:100,0
DA:102,0
DA:103,0
DA:105,0
DA:106,0
DA:108,0
DA:109,0
DA:110,0
DA:115,1
DA:116,1
DA:118,1
LF:66
LH:50
BRDA:2,0,0,1
BRDA:2,0,1,1
BRDA:2,0,2,1
BRDA:3,1,0,120
BRDA:3,1,1,120
BRDA:6,2,0,120
BRDA:6,2,1,122
BRDA:7,3,0,120
BRDA:7,3,1,120
BRDA:10,4,0,1
BRDA:10,4,1,1
BRDA:10,4,2,1
BRDA:11,5,0,0
BRDA:11,5,1,122
BRDA:12,6,0,120
BRDA:12,6,1,120
BRDA:15,7,0,0
BRDA:15,7,1,242
BRDA:17,8,0,0
BRDA:17,8,1,486
BRDA:17,9,0,486
BRDA:17,9,1,0
BRDA:17,9,2,0
BRDA:17,10,0,0
BRDA:17,10,1,0
BRDA:17,11,0,0
BRDA:17,11,1,0
BRDA:18,12,0,0
BRDA:18,12,1,486
BRDA:19,13,0,242
BRDA:19,13,1,242
BRDA:19,13,2,122
BRDA:19,13,3,0
BRDA:19,13,4,0
BRDA:19,13,5,122
BRDA:25,14,0,120
BRDA:25,14,1,2
BRDA:25,15,0,122
BRDA:25,15,1,120
BRDA:25,15,2,120
BRDA:25,16,0,122
BRDA:25,16,1,2
BRDA:26,17,0,0
BRDA:26,17,1,2
BRDA:26,18,0,2
BRDA:26,18,1,0
BRDA:26,18,2,0
BRDA:26,18,3,0
BRDA:27,19,0,0
BRDA:27,19,1,2
BRDA:27,20,0,2
BRDA:27,20,1,0
BRDA:28,21,0,0
BRDA:28,21,1,2
BRDA:28,22,0,2
BRDA:28,22,1,2
BRDA:29,23,0,0
BRDA:29,23,1,2
BRDA:34,24,0,0
BRDA:34,24,1,120
BRDA:34,25,0,120
BRDA:34,25,1,0
BRDA:56,26,0,2
BRDA:56,26,1,2
BRDA:56,26,2,2
BRDA:56,26,3,0
BRDA:56,26,4,0
BRDA:65,27,0,118
BRDA:65,27,1,118
BRDA:100,28,0,0
BRDA:100,28,1,0
BRDA:100,28,2,0
BRDA:100,28,3,0
BRF:73
BRH:45
end_of_record
TN:
SF:/Users/anthonyvisalli/Desktop/Clark/user/dist/interactors/AuthenticationInteractor.js
FN:2,(anonymous_0)
FN:3,(anonymous_1)
FN:4,fulfilled
FN:5,rejected
FN:6,step
FN:6,(anonymous_5)
FN:10,(anonymous_6)
FN:11,(anonymous_7)
FN:12,(anonymous_8)
FN:13,verb
FN:13,(anonymous_10)
FN:14,step
FN:50,login
FN:51,(anonymous_13)
FN:53,(anonymous_14)
FN:102,register
FN:103,(anonymous_16)
FN:105,(anonymous_17)
FN:145,passwordMatch
FN:146,(anonymous_19)
FN:148,(anonymous_20)
FN:193,isValidUsername
FNF:22
FNH:21
FNDA:13,(anonymous_0)
FNDA:13,(anonymous_1)
FNDA:26,fulfilled
FNDA:3,rejected
FNDA:42,step
FNDA:29,(anonymous_5)
FNDA:13,(anonymous_6)
FNDA:32,(anonymous_7)
FNDA:0,(anonymous_8)
FNDA:39,verb
FNDA:42,(anonymous_10)
FNDA:42,step
FNDA:7,login
FNDA:7,(anonymous_13)
FNDA:31,(anonymous_14)
FNDA:3,register
FNDA:3,(anonymous_16)
FNDA:9,(anonymous_17)
FNDA:3,passwordMatch
FNDA:3,(anonymous_19)
FNDA:13,(anonymous_20)
FNDA:8,isValidUsername
DA:2,4
DA:3,13
DA:4,26
DA:5,3
DA:6,42
DA:7,13
DA:10,4
DA:11,32
DA:12,13
DA:13,42
DA:15,42
DA:16,118
DA:17,118
DA:18,118
DA:19,118
DA:20,42
DA:21,29
DA:22,0
DA:23,0
DA:25,47
DA:26,34
DA:27,26
DA:28,23
DA:29,23
DA:30,23
DA:32,53
DA:33,118
DA:34,13
DA:37,4
DA:38,4
DA:51,7
DA:53,7
DA:54,31
DA:56,7
DA:57,7
DA:58,7
DA:59,7
DA:61,7
DA:62,7
DA:64,7
DA:65,5
DA:67,2
DA:68,2
DA:69,5
DA:71,5
DA:72,5
DA:74,5
DA:75,5
DA:76,5
DA:77,4
DA:79,4
DA:81,1
DA:83,0
DA:84,0
DA:85,0
DA:86,0
DA:91,4
DA:103,3
DA:105,3
DA:106,9
DA:108,3
DA:109,3
DA:110,3
DA:111,3
DA:113,3
DA:114,3
DA:116,3
DA:117,2
DA:119,2
DA:120,2
DA:121,2
DA:122,2
DA:123,2
DA:124,1
DA:126,0
DA:127,0
DA:128,0
DA:129,0
DA:134,4
DA:146,3
DA:148,3
DA:149,13
DA:151,3
DA:152,3
DA:153,3
DA:155,3
DA:156,3
DA:158,3
DA:159,2
DA:161,1
DA:162,1
DA:163,2
DA:165,2
DA:166,2
DA:168,2
DA:169,2
DA:170,2
DA:171,1
DA:173,1
DA:175,0
DA:176,0
DA:177,0
DA:178,0
DA:183,4
DA:194,8
DA:196,4
LF:106
LH:92
BRDA:2,0,0,4
BRDA:2,0,1,4
BRDA:2,0,2,4
BRDA:3,1,0,13
BRDA:3,1,1,13
BRDA:6,2,0,13
BRDA:6,2,1,29
BRDA:7,3,0,13
BRDA:7,3,1,13
BRDA:10,4,0,4
BRDA:10,4,1,4
BRDA:10,4,2,4
BRDA:11,5,0,3
BRDA:11,5,1,29
BRDA:12,6,0,13
BRDA:12,6,1,13
BRDA:15,7,0,0
BRDA:15,7,1,42
BRDA:17,8,0,0
BRDA:17,8,1,118
BRDA:17,9,0,118
BRDA:17,9,1,0
BRDA:17,9,2,0
BRDA:17,10,0,0
BRDA:17,10,1,0
BRDA:17,11,0,0
BRDA:17,11,1,0
BRDA:18,12,0,0
BRDA:18,12,1,118
BRDA:19,13,0,39
BRDA:19,13,1,42
BRDA:19,13,2,29
BRDA:19,13,3,0
BRDA:19,13,4,0
BRDA:19,13,5,47
BRDA:25,14,0,13
BRDA:25,14,1,34
BRDA:25,15,0,47
BRDA:25,15,1,13
BRDA:25,15,2,13
BRDA:25,16,0,47
BRDA:25,16,1,34
BRDA:26,17,0,8
BRDA:26,17,1,26
BRDA:26,18,0,34
BRDA:26,18,1,15
BRDA:26,18,2,15
BRDA:26,18,3,15
BRDA:27,19,0,3
BRDA:27,19,1,23
BRDA:27,20,0,26
BRDA:27,20,1,3
BRDA:28,21,0,0
BRDA:28,21,1,23
BRDA:28,22,0,23
BRDA:28,22,1,23
BRDA:29,23,0,0
BRDA:29,23,1,23
BRDA:34,24,0,0
BRDA:34,24,1,13
BRDA:34,25,0,13
BRDA:34,25,1,0
BRDA:54,26,0,7
BRDA:54,26,1,7
BRDA:54,26,2,7
BRDA:54,26,3,2
BRDA:54,26,4,5
BRDA:54,26,5,5
BRDA:54,26,6,5
BRDA:54,26,7,0
BRDA:54,26,8,0
BRDA:76,27,0,4
BRDA:76,27,1,1
BRDA:106,28,0,3
BRDA:106,28,1,3
BRDA:106,28,2,3
BRDA:106,28,3,2
BRDA:106,28,4,1
BRDA:106,28,5,0
BRDA:106,28,6,0
BRDA:110,29,0,0
BRDA:110,29,1,3
BRDA:116,30,0,1
BRDA:116,30,1,2
BRDA:149,31,0,3
BRDA:149,31,1,3
BRDA:149,31,2,3
BRDA:149,31,3,1
BRDA:149,31,4,2
BRDA:149,31,5,2
BRDA:149,31,6,2
BRDA:149,31,7,0
BRDA:149,31,8,0
BRDA:170,32,0,1
BRDA:170,32,1,1
BRDA:194,33,0,8
BRDA:194,33,1,7
BRF:97
BRH:75
end_of_record
TN:
SF:/Users/anthonyvisalli/Desktop/Clark/user/dist/interactors/MailerInteractor.js
FN:2,(anonymous_0)
FN:3,(anonymous_1)
FN:4,fulfilled
FN:5,rejected
FN:6,step
FN:6,(anonymous_5)
FN:10,(anonymous_6)
FN:11,(anonymous_7)
FN:12,(anonymous_8)
FN:13,verb
FN:13,(anonymous_10)
FN:14,step
FN:42,(anonymous_12)
FN:43,MailerInteractor
FN:54,(anonymous_14)
FN:55,(anonymous_15)
FN:56,(anonymous_16)
FN:78,(anonymous_17)
FN:79,(anonymous_18)
FN:80,(anonymous_19)
FN:83,(anonymous_20)
FN:106,(anonymous_21)
FN:107,(anonymous_22)
FN:108,(anonymous_23)
FN:130,(anonymous_24)
FN:131,(anonymous_25)
FN:132,(anonymous_26)
FN:157,(anonymous_27)
FN:158,(anonymous_28)
FN:160,(anonymous_29)
FN:191,(anonymous_30)
FN:192,(anonymous_31)
FN:194,(anonymous_32)
FN:197,(anonymous_33)
FN:216,(anonymous_34)
FN:217,(anonymous_35)
FN:219,(anonymous_36)
FN:245,(anonymous_37)
FN:247,(anonymous_38)
FN:248,(anonymous_39)
FNF:40
FNH:1
FNDA:0,(anonymous_0)
FNDA:0,(anonymous_1)
FNDA:0,fulfilled
FNDA:0,rejected
FNDA:0,step
FNDA:0,(anonymous_5)
FNDA:0,(anonymous_6)
FNDA:0,(anonymous_7)
FNDA:0,(anonymous_8)
FNDA:0,verb
FNDA:0,(anonymous_10)
FNDA:0,step
FNDA:4,(anonymous_12)
FNDA:0,MailerInteractor
FNDA:0,(anonymous_14)
FNDA:0,(anonymous_15)
FNDA:0,(anonymous_16)
FNDA:0,(anonymous_17)
FNDA:0,(anonymous_18)
FNDA:0,(anonymous_19)
FNDA:0,(anonymous_20)
FNDA:0,(anonymous_21)
FNDA:0,(anonymous_22)
FNDA:0,(anonymous_23)
FNDA:0,(anonymous_24)
FNDA:0,(anonymous_25)
FNDA:0,(anonymous_26)
FNDA:0,(anonymous_27)
FNDA:0,(anonymous_28)
FNDA:0,(anonymous_29)
FNDA:0,(anonymous_30)
FNDA:0,(anonymous_31)
FNDA:0,(anonymous_32)
FNDA:0,(anonymous_33)
FNDA:0,(anonymous_34)
FNDA:0,(anonymous_35)
FNDA:0,(anonymous_36)
FNDA:0,(anonymous_37)
FNDA:0,(anonymous_38)
FNDA:0,(anonymous_39)
DA:2,4
DA:3,0
DA:4,0
DA:5,0
DA:6,0
DA:7,0
DA:10,4
DA:11,0
DA:12,0
DA:13,0
DA:15,0
DA:16,0
DA:17,0
DA:18,0
DA:19,0
DA:20,0
DA:21,0
DA:22,0
DA:23,0
DA:25,0
DA:26,0
DA:27,0
DA:28,0
DA:29,0
DA:30,0
DA:32,0
DA:33,0
DA:34,0
DA:37,4
DA:38,4
DA:39,4
DA:42,4
DA:54,4
DA:55,0
DA:56,0
DA:57,0
DA:58,0
DA:61,0
DA:63,0
DA:78,4
DA:79,0
DA:80,0
DA:81,0
DA:82,0
DA:83,0
DA:85,0
DA:87,0
DA:90,0
DA:92,0
DA:106,4
DA:107,0
DA:108,0
DA:109,0
DA:110,0
DA:115,0
DA:117,0
DA:130,4
DA:131,0
DA:132,0
DA:133,0
DA:134,0
DA:139,0
DA:141,0
DA:157,4
DA:158,0
DA:160,0
DA:161,0
DA:163,0
DA:164,0
DA:166,0
DA:167,0
DA:169,0
DA:170,0
DA:171,0
DA:173,0
DA:174,0
DA:175,0
DA:177,0
DA:178,0
DA:179,0
DA:191,4
DA:192,0
DA:193,0
DA:195,0
DA:198,0
DA:202,0
DA:204,0
DA:216,4
DA:217,0
DA:219,0
DA:220,0
DA:221,0
DA:223,0
DA:224,0
DA:245,4
DA:246,0
DA:247,0
DA:248,0
DA:249,0
DA:250,0
DA:254,0
DA:255,0
DA:260,4
DA:262,4
LF:104
LH:16
BRDA:2,0,0,4
BRDA:2,0,1,4
BRDA:2,0,2,4
BRDA:3,1,0,0
BRDA:3,1,1,0
BRDA:6,2,0,0
BRDA:6,2,1,0
BRDA:7,3,0,0
BRDA:7,3,1,0
BRDA:10,4,0,4
BRDA:10,4,1,4
BRDA:10,4,2,4
BRDA:11,5,0,0
BRDA:11,5,1,0
BRDA:12,6,0,0
BRDA:12,6,1,0
BRDA:15,7,0,0
BRDA:15,7,1,0
BRDA:17,8,0,0
BRDA:17,8,1,0
BRDA:17,9,0,0
BRDA:17,9,1,0
BRDA:17,9,2,0
BRDA:17,10,0,0
BRDA:17,10,1,0
BRDA:17,11,0,0
BRDA:17,11,1,0
BRDA:18,12,0,0
BRDA:18,12,1,0
BRDA:19,13,0,0
BRDA:19,13,1,0
BRDA:19,13,2,0
BRDA:19,13,3,0
BRDA:19,13,4,0
BRDA:19,13,5,0
BRDA:25,14,0,0
BRDA:25,14,1,0
BRDA:25,15,0,0
BRDA:25,15,1,0
BRDA:25,15,2,0
BRDA:25,16,0,0
BRDA:25,16,1,0
BRDA:26,17,0,0
BRDA:26,17,1,0
BRDA:26,18,0,0
BRDA:26,18,1,0
BRDA:26,18,2,0
BRDA:26,18,3,0
BRDA:27,19,0,0
BRDA:27,19,1,0
BRDA:27,20,0,0
BRDA:27,20,1,0
BRDA:28,21,0,0
BRDA:28,21,1,0
BRDA:28,22,0,0
BRDA:28,22,1,0
BRDA:29,23,0,0
BRDA:29,23,1,0
BRDA:34,24,0,0
BRDA:34,24,1,0
BRDA:34,25,0,0
BRDA:34,25,1,0
BRDA:82,26,0,0
BRDA:82,26,1,0
BRDA:161,27,0,0
BRDA:161,27,1,0
BRDA:161,27,2,0
BRDA:161,27,3,0
BRDA:161,27,4,0
BRDA:161,27,5,0
BRDA:161,27,6,0
BRDA:166,28,0,0
BRDA:166,28,1,0
BRDA:220,29,0,0
BRDA:220,29,1,0
BRDA:249,30,0,0
BRDA:249,30,1,0
BRF:77
BRH:6
end_of_record
TN:
SF:/Users/anthonyvisalli/Desktop/Clark/user/dist/interactors/OTACodeInteractor.js
FN:2,(anonymous_0)
FN:3,(anonymous_1)
FN:4,fulfilled
FN:5,rejected
FN:6,step
FN:6,(anonymous_5)
FN:10,(anonymous_6)
FN:11,(anonymous_7)
FN:12,(anonymous_8)
FN:13,verb
FN:13,(anonymous_10)
FN:14,step
FN:40,(anonymous_12)
FN:41,OTACodeInteractor
FN:43,(anonymous_14)
FN:44,(anonymous_15)
FN:46,(anonymous_16)
FN:50,(anonymous_17)
FN:65,(anonymous_18)
FN:66,(anonymous_19)
FN:68,(anonymous_20)
FN:84,(anonymous_21)
FN:85,(anonymous_22)
FN:87,(anonymous_23)
FN:103,(anonymous_24)
FN:104,(anonymous_25)
FN:106,(anonymous_26)
FN:134,(anonymous_27)
FN:135,(anonymous_28)
FN:137,(anonymous_29)
FNF:30
FNH:28
FNDA:14,(anonymous_0)
FNDA:14,(anonymous_1)
FNDA:21,fulfilled
FNDA:2,rejected
FNDA:37,step
FNDA:23,(anonymous_5)
FNDA:14,(anonymous_6)
FNDA:25,(anonymous_7)
FNDA:0,(anonymous_8)
FNDA:42,verb
FNDA:37,(anonymous_10)
FNDA:37,step
FNDA:4,(anonymous_12)
FNDA:0,OTACodeInteractor
FNDA:5,(anonymous_14)
FNDA:5,(anonymous_15)
FNDA:12,(anonymous_16)
FNDA:10,(anonymous_17)
FNDA:1,(anonymous_18)
FNDA:1,(anonymous_19)
FNDA:2,(anonymous_20)
FNDA:1,(anonymous_21)
FNDA:1,(anonymous_22)
FNDA:2,(anonymous_23)
FNDA:5,(anonymous_24)
FNDA:5,(anonymous_25)
FNDA:18,(anonymous_26)
FNDA:2,(anonymous_27)
FNDA:2,(anonymous_28)
FNDA:8,(anonymous_29)
DA:2,4
DA:3,14
DA:4,21
DA:5,2
DA:6,37
DA:7,14
DA:10,4
DA:11,25
DA:12,14
DA:13,42
DA:15,37
DA:16,93
DA:17,93
DA:18,93
DA:19,93
DA:20,37
DA:21,23
DA:22,0
DA:23,0
DA:25,33
DA:26,19
DA:27,16
DA:28,14
DA:29,14
DA:30,14
DA:32,42
DA:33,93
DA:34,14
DA:37,4
DA:38,4
DA:39,4
DA:40,4
DA:43,4
DA:44,5
DA:46,5
DA:47,12
DA:49,5
DA:50,10
DA:51,5
DA:52,5
DA:54,5
DA:55,3
DA:56,0
DA:58,2
DA:59,2
DA:60,0
DA:65,4
DA:66,1
DA:68,1
DA:69,2
DA:71,1
DA:72,1
DA:74,1
DA:75,1
DA:77,0
DA:78,0
DA:79,0
DA:84,4
DA:85,1
DA:87,1
DA:88,2
DA:90,1
DA:91,1
DA:93,1
DA:94,1
DA:96,0
DA:97,0
DA:98,0
DA:103,4
DA:104,5
DA:106,5
DA:107,18
DA:109,5
DA:110,5
DA:112,5
DA:113,5
DA:114,3
DA:115,3
DA:116,3
DA:118,3
DA:120,3
DA:121,3
DA:123,3
DA:124,3
DA:125,2
DA:127,0
DA:128,0
DA:129,0
DA:134,4
DA:135,2
DA:137,2
DA:138,8
DA:140,2
DA:141,2
DA:143,2
DA:144,2
DA:146,2
DA:147,2
DA:148,1
DA:150,1
DA:151,1
DA:152,2
DA:154,0
DA:155,0
DA:156,0
DA:157,0
DA:159,0
DA:160,0
DA:165,4
DA:167,4
LF:110
LH:91
BRDA:2,0,0,4
BRDA:2,0,1,4
BRDA:2,0,2,4
BRDA:3,1,0,14
BRDA:3,1,1,14
BRDA:6,2,0,14
BRDA:6,2,1,23
BRDA:7,3,0,14
BRDA:7,3,1,14
BRDA:10,4,0,4
BRDA:10,4,1,4
BRDA:10,4,2,4
BRDA:11,5,0,2
BRDA:11,5,1,23
BRDA:12,6,0,14
BRDA:12,6,1,14
BRDA:15,7,0,0
BRDA:15,7,1,37
BRDA:17,8,0,0
BRDA:17,8,1,93
BRDA:17,9,0,93
BRDA:17,9,1,0
BRDA:17,9,2,0
BRDA:17,10,0,0
BRDA:17,10,1,0
BRDA:17,11,0,0
BRDA:17,11,1,0
BRDA:18,12,0,0
BRDA:18,12,1,93
BRDA:19,13,0,35
BRDA:19,13,1,37
BRDA:19,13,2,23
BRDA:19,13,3,0
BRDA:19,13,4,0
BRDA:19,13,5,33
BRDA:25,14,0,14
BRDA:25,14,1,19
BRDA:25,15,0,33
BRDA:25,15,1,14
BRDA:25,15,2,14
BRDA:25,16,0,33
BRDA:25,16,1,19
BRDA:26,17,0,3
BRDA:26,17,1,16
BRDA:26,18,0,19
BRDA:26,18,1,3
BRDA:26,18,2,3
BRDA:26,18,3,3
BRDA:27,19,0,2
BRDA:27,19,1,14
BRDA:27,20,0,16
BRDA:27,20,1,2
BRDA:28,21,0,0
BRDA:28,21,1,14
BRDA:28,22,0,14
BRDA:28,22,1,14
BRDA:29,23,0,0
BRDA:29,23,1,14
BRDA:34,24,0,0
BRDA:34,24,1,14
BRDA:34,25,0,14
BRDA:34,25,1,0
BRDA:47,26,0,5
BRDA:47,26,1,5
BRDA:47,26,2,0
BRDA:47,26,3,2
BRDA:47,26,4,0
BRDA:51,27,0,0
BRDA:51,27,1,5
BRDA:69,28,0,1
BRDA:69,28,1,1
BRDA:69,28,2,0
BRDA:69,28,3,0
BRDA:88,29,0,1
BRDA:88,29,1,1
BRDA:88,29,2,0
BRDA:88,29,3,0
BRDA:107,30,0,5
BRDA:107,30,1,5
BRDA:107,30,2,3
BRDA:107,30,3,3
BRDA:107,30,4,2
BRDA:107,30,5,0
BRDA:107,30,6,0
BRDA:113,31,0,2
BRDA:113,31,1,3
BRDA:115,32,0,3
BRDA:115,32,1,0
BRDA:138,33,0,2
BRDA:138,33,1,2
BRDA:138,33,2,2
BRDA:138,33,3,1
BRDA:138,33,4,2
BRDA:138,33,5,0
BRDA:138,33,6,0
BRDA:147,34,0,1
BRDA:147,34,1,1
BRDA:156,35,0,0
BRDA:156,35,1,0
BRDA:156,36,0,0
BRDA:156,36,1,0
BRF:101
BRH:70
end_of_record
TN:
SF:/Users/anthonyvisalli/Desktop/Clark/user/dist/interactors/UserInteractor.js
FN:2,(anonymous_0)
FN:3,(anonymous_1)
FN:4,fulfilled
FN:5,rejected
FN:6,step
FN:6,(anonymous_5)
FN:10,(anonymous_6)
FN:11,(anonymous_7)
FN:12,(anonymous_8)
FN:13,verb
FN:13,(anonymous_10)
FN:14,step
FN:39,(anonymous_12)
FN:40,UserInteractor
FN:42,(anonymous_14)
FN:43,(anonymous_15)
FN:45,(anonymous_16)
FN:52,(anonymous_17)
FN:66,(anonymous_18)
FN:67,(anonymous_19)
FN:69,(anonymous_20)
FN:90,(anonymous_21)
FN:91,(anonymous_22)
FN:93,(anonymous_23)
FN:118,(anonymous_24)
FN:119,(anonymous_25)
FN:121,(anonymous_26)
FN:145,(anonymous_27)
FN:146,(anonymous_28)
FN:148,(anonymous_29)
FN:178,(anonymous_30)
FN:179,(anonymous_31)
FN:181,(anonymous_32)
FNF:33
FNH:27
FNDA:14,(anonymous_0)
FNDA:14,(anonymous_1)
FNDA:23,fulfilled
FNDA:0,rejected
FNDA:37,step
FNDA:23,(anonymous_5)
FNDA:14,(anonymous_6)
FNDA:25,(anonymous_7)
FNDA:0,(anonymous_8)
FNDA:42,verb
FNDA:37,(anonymous_10)
FNDA:37,step
FNDA:4,(anonymous_12)
FNDA:0,UserInteractor
FNDA:4,(anonymous_14)
FNDA:4,(anonymous_15)
FNDA:8,(anonymous_16)
FNDA:3,(anonymous_17)
FNDA:4,(anonymous_18)
FNDA:4,(anonymous_19)
FNDA:11,(anonymous_20)
FNDA:3,(anonymous_21)
FNDA:3,(anonymous_22)
FNDA:12,(anonymous_23)
FNDA:1,(anonymous_24)
FNDA:1,(anonymous_25)
FNDA:4,(anonymous_26)
FNDA:0,(anonymous_27)
FNDA:0,(anonymous_28)
FNDA:0,(anonymous_29)
FNDA:2,(anonymous_30)
FNDA:2,(anonymous_31)
FNDA:4,(anonymous_32)
DA:2,4
DA:3,14
DA:4,23
DA:5,0
DA:6,37
DA:7,14
DA:10,4
DA:11,25
DA:12,14
DA:13,42
DA:15,37
DA:16,90
DA:17,90
DA:18,90
DA:19,90
DA:20,37
DA:21,23
DA:22,0
DA:23,0
DA:25,30
DA:26,16
DA:27,16
DA:28,14
DA:29,14
DA:30,14
DA:32,39
DA:33,90
DA:34,14
DA:37,4
DA:38,4
DA:39,4
DA:42,4
DA:43,4
DA:45,4
DA:46,8
DA:48,4
DA:49,4
DA:51,3
DA:52,3
DA:53,3
DA:54,3
DA:55,3
DA:57,3
DA:59,1
DA:60,1
DA:61,0
DA:66,4
DA:67,4
DA:69,4
DA:70,11
DA:72,4
DA:73,4
DA:75,3
DA:76,3
DA:78,3
DA:79,3
DA:80,3
DA:81,3
DA:83,1
DA:84,1
DA:85,0
DA:90,4
DA:91,3
DA:93,3
DA:94,12
DA:96,3
DA:97,3
DA:99,3
DA:100,3
DA:102,3
DA:103,3
DA:105,3
DA:106,3
DA:107,3
DA:109,3
DA:111,0
DA:112,0
DA:113,0
DA:118,4
DA:119,1
DA:121,1
DA:122,4
DA:124,1
DA:125,1
DA:127,1
DA:128,1
DA:130,1
DA:131,1
DA:133,1
DA:134,1
DA:135,1
DA:136,1
DA:138,0
DA:139,0
DA:140,0
DA:145,4
DA:146,0
DA:148,0
DA:149,0
DA:151,0
DA:152,0
DA:158,0
DA:160,0
DA:161,0
DA:163,0
DA:164,0
DA:165,0
DA:167,0
DA:168,0
DA:169,0
DA:171,0
DA:172,0
DA:173,0
DA:178,4
DA:179,2
DA:181,2
DA:182,4
DA:184,2
DA:185,2
DA:187,2
DA:188,2
DA:190,0
DA:191,0
DA:192,0
DA:197,4
DA:199,4
LF:126
LH:95
BRDA:2,0,0,4
BRDA:2,0,1,4
BRDA:2,0,2,4
BRDA:3,1,0,14
BRDA:3,1,1,14
BRDA:6,2,0,14
BRDA:6,2,1,23
BRDA:7,3,0,14
BRDA:7,3,1,14
BRDA:10,4,0,4
BRDA:10,4,1,4
BRDA:10,4,2,4
BRDA:11,5,0,0
BRDA:11,5,1,25
BRDA:12,6,0,14
BRDA:12,6,1,14
BRDA:15,7,0,0
BRDA:15,7,1,37
BRDA:17,8,0,0
BRDA:17,8,1,90
BRDA:17,9,0,90
BRDA:17,9,1,0
BRDA:17,9,2,0
BRDA:17,10,0,0
BRDA:17,10,1,0
BRDA:17,11,0,0
BRDA:17,11,1,0
BRDA:18,12,0,0
BRDA:18,12,1,90
BRDA:19,13,0,37
BRDA:19,13,1,37
BRDA:19,13,2,23
BRDA:19,13,3,0
BRDA:19,13,4,0
BRDA:19,13,5,30
BRDA:25,14,0,14
BRDA:25,14,1,16
BRDA:25,15,0,30
BRDA:25,15,1,14
BRDA:25,15,2,14
BRDA:25,16,0,30
BRDA:25,16,1,16
BRDA:26,17,0,0
BRDA:26,17,1,16
BRDA:26,18,0,16
BRDA:26,18,1,0
BRDA:26,18,2,0
BRDA:26,18,3,0
BRDA:27,19,0,2
BRDA:27,19,1,14
BRDA:27,20,0,16
BRDA:27,20,1,2
BRDA:28,21,0,0
BRDA:28,21,1,14
BRDA:28,22,0,14
BRDA:28,22,1,14
BRDA:29,23,0,0
BRDA:29,23,1,14
BRDA:34,24,0,0
BRDA:34,24,1,14
BRDA:34,25,0,14
BRDA:34,25,1,0
BRDA:46,26,0,4
BRDA:46,26,1,3
BRDA:46,26,2,1
BRDA:46,26,3,0
BRDA:70,27,0,4
BRDA:70,27,1,3
BRDA:70,27,2,3
BRDA:70,27,3,1
BRDA:70,27,4,0
BRDA:94,28,0,3
BRDA:94,28,1,3
BRDA:94,28,2,3
BRDA:94,28,3,3
BRDA:94,28,4,0
BRDA:94,28,5,0
BRDA:122,29,0,1
BRDA:122,29,1,1
BRDA:122,29,2,1
BRDA:122,29,3,1
BRDA:122,29,4,0
BRDA:122,29,5,0
BRDA:149,30,0,0
BRDA:149,30,1,0
BRDA:149,30,2,0
BRDA:149,30,3,0
BRDA:149,30,4,0
BRDA:164,31,0,0
BRDA:164,31,1,0
BRDA:182,32,0,2
BRDA:182,32,1,2
BRDA:182,32,2,0
BRDA:182,32,3,0
BRF:94
BRH:59
end_of_record
TN:
SF:/Users/anthonyvisalli/Desktop/Clark/user/dist/interactors/interactors.js
FNF:0
FNH:0
DA:2,4
DA:3,4
DA:4,4
DA:5,4
DA:6,4
DA:7,4
DA:8,4
LF:7
LH:7
BRF:0
BRH:0
end_of_record
TN:
SF:/Users/anthonyvisalli/Desktop/Clark/user/dist/interfaces/Mailer.defaults.js
FN:4,(anonymous_0)
FN:8,(anonymous_1)
FN:14,(anonymous_2)
FN:19,(anonymous_3)
FNF:4
FNH:4
FNDA:4,(anonymous_0)
FNDA:4,(anonymous_1)
FNDA:4,(anonymous_2)
FNDA:4,(anonymous_3)
DA:2,4
DA:4,4
DA:5,4
DA:8,4
DA:9,4
DA:10,4
DA:11,4
DA:14,4
DA:15,4
DA:16,4
DA:19,4
DA:20,4
DA:21,4
DA:22,4
DA:24,4
DA:25,4
DA:26,4
DA:27,4
DA:28,4
LF:19
LH:19
BRDA:6,0,0,4
BRDA:6,0,1,4
BRDA:12,1,0,4
BRDA:12,1,1,4
BRDA:17,2,0,4
BRDA:17,2,1,4
BRDA:23,3,0,4
BRDA:23,3,1,4
BRF:8
BRH:8
end_of_record
